DEBUG - 2025-06-13 12:07:05 --> Session: Class initialized using 'CodeIgniter\Session\Handlers\FileHandler' driver.
DEBUG - 2025-06-13 12:07:05 --> Session: Class initialized using 'CodeIgniter\Session\Handlers\FileHandler' driver.
DEBUG - 2025-06-13 12:07:15 --> Session: Class initialized using 'CodeIgniter\Session\Handlers\FileHandler' driver.
DEBUG - 2025-06-13 12:07:16 --> Session: Class initialized using 'CodeIgniter\Session\Handlers\FileHandler' driver.
DEBUG - 2025-06-13 12:08:56 --> Session: Class initialized using 'CodeIgniter\Session\Handlers\FileHandler' driver.
DEBUG - 2025-06-13 12:22:58 --> Session: Class initialized using 'CodeIgniter\Session\Handlers\FileHandler' driver.
DEBUG - 2025-06-13 12:22:59 --> Session: Class initialized using 'CodeIgniter\Session\Handlers\FileHandler' driver.
DEBUG - 2025-06-13 12:23:43 --> Session: Class initialized using 'CodeIgniter\Session\Handlers\FileHandler' driver.
CRITICAL - 2025-06-13 12:23:43 --> ErrorException: Undefined array key "price"
[Method: POST, Route: charges/evaluate]
in APPPATH\Controllers\Home.php on line 260.
 1 APPPATH\Controllers\Home.php(260): CodeIgniter\Debug\Exceptions->errorHandler(2, 'Undefined array key "price"', 'C:\\xampp\\htdocs\\lib\\app\\Controllers\\Home.php', 260)
 2 SYSTEMPATH\CodeIgniter.php(933): App\Controllers\Home->evaluate()
 3 SYSTEMPATH\CodeIgniter.php(507): CodeIgniter\CodeIgniter->runController(Object(App\Controllers\Home))
 4 SYSTEMPATH\CodeIgniter.php(354): CodeIgniter\CodeIgniter->handleRequest(null, Object(Config\Cache), false)
 5 SYSTEMPATH\Boot.php(334): CodeIgniter\CodeIgniter->run()
 6 SYSTEMPATH\Boot.php(67): CodeIgniter\Boot::runCodeIgniter(Object(CodeIgniter\CodeIgniter))
 7 FCPATH\index.php(56): CodeIgniter\Boot::bootWeb(Object(Config\Paths))
DEBUG - 2025-06-13 12:24:47 --> Session: Class initialized using 'CodeIgniter\Session\Handlers\FileHandler' driver.
CRITICAL - 2025-06-13 12:24:47 --> ErrorException: Undefined array key "price"
[Method: POST, Route: charges/evaluate]
in APPPATH\Controllers\Home.php on line 260.
 1 APPPATH\Controllers\Home.php(260): CodeIgniter\Debug\Exceptions->errorHandler(2, 'Undefined array key "price"', 'C:\\xampp\\htdocs\\lib\\app\\Controllers\\Home.php', 260)
 2 SYSTEMPATH\CodeIgniter.php(933): App\Controllers\Home->evaluate()
 3 SYSTEMPATH\CodeIgniter.php(507): CodeIgniter\CodeIgniter->runController(Object(App\Controllers\Home))
 4 SYSTEMPATH\CodeIgniter.php(354): CodeIgniter\CodeIgniter->handleRequest(null, Object(Config\Cache), false)
 5 SYSTEMPATH\Boot.php(334): CodeIgniter\CodeIgniter->run()
 6 SYSTEMPATH\Boot.php(67): CodeIgniter\Boot::runCodeIgniter(Object(CodeIgniter\CodeIgniter))
 7 FCPATH\index.php(56): CodeIgniter\Boot::bootWeb(Object(Config\Paths))
DEBUG - 2025-06-13 12:25:45 --> Session: Class initialized using 'CodeIgniter\Session\Handlers\FileHandler' driver.
ERROR - 2025-06-13 12:25:46 --> mysqli_sql_exception: Unknown column 'descriptions' in 'field list' in C:\xampp\htdocs\lib\system\Database\MySQLi\Connection.php:327
Stack trace:
#0 C:\xampp\htdocs\lib\system\Database\MySQLi\Connection.php(327): mysqli->query('INSERT INTO `ch...', 0)
#1 C:\xampp\htdocs\lib\system\Database\BaseConnection.php(738): CodeIgniter\Database\MySQLi\Connection->execute('INSERT INTO `ch...')
#2 C:\xampp\htdocs\lib\system\Database\BaseConnection.php(652): CodeIgniter\Database\BaseConnection->simpleQuery('INSERT INTO `ch...')
#3 C:\xampp\htdocs\lib\system\Database\BaseBuilder.php(2345): CodeIgniter\Database\BaseConnection->query('INSERT INTO `ch...', Array, false)
#4 C:\xampp\htdocs\lib\app\Models\HomeModel.php(12): CodeIgniter\Database\BaseBuilder->insert(Array)
#5 C:\xampp\htdocs\lib\app\Controllers\Home.php(269): App\Models\HomeModel->store('charge', Array)
#6 C:\xampp\htdocs\lib\system\CodeIgniter.php(933): App\Controllers\Home->evaluate()
#7 C:\xampp\htdocs\lib\system\CodeIgniter.php(507): CodeIgniter\CodeIgniter->runController(Object(App\Controllers\Home))
#8 C:\xampp\htdocs\lib\system\CodeIgniter.php(354): CodeIgniter\CodeIgniter->handleRequest(NULL, Object(Config\Cache), false)
#9 C:\xampp\htdocs\lib\system\Boot.php(334): CodeIgniter\CodeIgniter->run()
#10 C:\xampp\htdocs\lib\system\Boot.php(67): CodeIgniter\Boot::runCodeIgniter(Object(CodeIgniter\CodeIgniter))
#11 C:\xampp\htdocs\lib\index.php(56): CodeIgniter\Boot::bootWeb(Object(Config\Paths))
#12 {main}
CRITICAL - 2025-06-13 12:25:46 --> CodeIgniter\Database\Exceptions\DatabaseException: Unknown column 'descriptions' in 'field list'
[Method: POST, Route: charges/evaluate]
in SYSTEMPATH\Database\BaseConnection.php on line 692.
 1 SYSTEMPATH\Database\BaseBuilder.php(2345): CodeIgniter\Database\BaseConnection->query('INSERT INTO `charge` (`boorow_id`, `book_id`, `user_id`, `charge_type`, `price`, `descriptions`, `charge_date`, `photo`) VALUES (:boorow_id:, :book_id:, :user_id:, :charge_type:, :price:, :descriptions:, :charge_date:, :photo:)', [...], false)
 2 APPPATH\Models\HomeModel.php(12): CodeIgniter\Database\BaseBuilder->insert([...])
 3 APPPATH\Controllers\Home.php(269): App\Models\HomeModel->store('charge', [...])
 4 SYSTEMPATH\CodeIgniter.php(933): App\Controllers\Home->evaluate()
 5 SYSTEMPATH\CodeIgniter.php(507): CodeIgniter\CodeIgniter->runController(Object(App\Controllers\Home))
 6 SYSTEMPATH\CodeIgniter.php(354): CodeIgniter\CodeIgniter->handleRequest(null, Object(Config\Cache), false)
 7 SYSTEMPATH\Boot.php(334): CodeIgniter\CodeIgniter->run()
 8 SYSTEMPATH\Boot.php(67): CodeIgniter\Boot::runCodeIgniter(Object(CodeIgniter\CodeIgniter))
 9 FCPATH\index.php(56): CodeIgniter\Boot::bootWeb(Object(Config\Paths))
CRITICAL - 2025-06-13 12:25:46 --> [Caused by] CodeIgniter\Database\Exceptions\DatabaseException: Unknown column 'descriptions' in 'field list'
in SYSTEMPATH\Database\MySQLi\Connection.php on line 332.
 1 SYSTEMPATH\Database\BaseConnection.php(738): CodeIgniter\Database\MySQLi\Connection->execute('INSERT INTO `charge` (`boorow_id`, `book_id`, `user_id`, `charge_type`, `price`, `descriptions`, `charge_date`, `photo`) VALUES (\'13\', \'16\', NULL, \'Damage\', \'8\', \'Damage Type: moderate\', \'2025-06-13 12:25:46\', \'1749817546_9f5563a1bb1d8d3c7eec.jpeg\')')
 2 SYSTEMPATH\Database\BaseConnection.php(652): CodeIgniter\Database\BaseConnection->simpleQuery('INSERT INTO `charge` (`boorow_id`, `book_id`, `user_id`, `charge_type`, `price`, `descriptions`, `charge_date`, `photo`) VALUES (\'13\', \'16\', NULL, \'Damage\', \'8\', \'Damage Type: moderate\', \'2025-06-13 12:25:46\', \'1749817546_9f5563a1bb1d8d3c7eec.jpeg\')')
 3 SYSTEMPATH\Database\BaseBuilder.php(2345): CodeIgniter\Database\BaseConnection->query('INSERT INTO `charge` (`boorow_id`, `book_id`, `user_id`, `charge_type`, `price`, `descriptions`, `charge_date`, `photo`) VALUES (:boorow_id:, :book_id:, :user_id:, :charge_type:, :price:, :descriptions:, :charge_date:, :photo:)', [...], false)
 4 APPPATH\Models\HomeModel.php(12): CodeIgniter\Database\BaseBuilder->insert([...])
 5 APPPATH\Controllers\Home.php(269): App\Models\HomeModel->store('charge', [...])
 6 SYSTEMPATH\CodeIgniter.php(933): App\Controllers\Home->evaluate()
 7 SYSTEMPATH\CodeIgniter.php(507): CodeIgniter\CodeIgniter->runController(Object(App\Controllers\Home))
 8 SYSTEMPATH\CodeIgniter.php(354): CodeIgniter\CodeIgniter->handleRequest(null, Object(Config\Cache), false)
 9 SYSTEMPATH\Boot.php(334): CodeIgniter\CodeIgniter->run()
10 SYSTEMPATH\Boot.php(67): CodeIgniter\Boot::runCodeIgniter(Object(CodeIgniter\CodeIgniter))
11 FCPATH\index.php(56): CodeIgniter\Boot::bootWeb(Object(Config\Paths))
CRITICAL - 2025-06-13 12:25:46 --> [Caused by] mysqli_sql_exception: Unknown column 'descriptions' in 'field list'
in SYSTEMPATH\Database\MySQLi\Connection.php on line 327.
 1 SYSTEMPATH\Database\MySQLi\Connection.php(327): mysqli->query('INSERT INTO `charge` (`boorow_id`, `book_id`, `user_id`, `charge_type`, `price`, `descriptions`, `charge_date`, `photo`) VALUES (\'13\', \'16\', NULL, \'Damage\', \'8\', \'Damage Type: moderate\', \'2025-06-13 12:25:46\', \'1749817546_9f5563a1bb1d8d3c7eec.jpeg\')', 0)
 2 SYSTEMPATH\Database\BaseConnection.php(738): CodeIgniter\Database\MySQLi\Connection->execute('INSERT INTO `charge` (`boorow_id`, `book_id`, `user_id`, `charge_type`, `price`, `descriptions`, `charge_date`, `photo`) VALUES (\'13\', \'16\', NULL, \'Damage\', \'8\', \'Damage Type: moderate\', \'2025-06-13 12:25:46\', \'1749817546_9f5563a1bb1d8d3c7eec.jpeg\')')
 3 SYSTEMPATH\Database\BaseConnection.php(652): CodeIgniter\Database\BaseConnection->simpleQuery('INSERT INTO `charge` (`boorow_id`, `book_id`, `user_id`, `charge_type`, `price`, `descriptions`, `charge_date`, `photo`) VALUES (\'13\', \'16\', NULL, \'Damage\', \'8\', \'Damage Type: moderate\', \'2025-06-13 12:25:46\', \'1749817546_9f5563a1bb1d8d3c7eec.jpeg\')')
 4 SYSTEMPATH\Database\BaseBuilder.php(2345): CodeIgniter\Database\BaseConnection->query('INSERT INTO `charge` (`boorow_id`, `book_id`, `user_id`, `charge_type`, `price`, `descriptions`, `charge_date`, `photo`) VALUES (:boorow_id:, :book_id:, :user_id:, :charge_type:, :price:, :descriptions:, :charge_date:, :photo:)', [...], false)
 5 APPPATH\Models\HomeModel.php(12): CodeIgniter\Database\BaseBuilder->insert([...])
 6 APPPATH\Controllers\Home.php(269): App\Models\HomeModel->store('charge', [...])
 7 SYSTEMPATH\CodeIgniter.php(933): App\Controllers\Home->evaluate()
 8 SYSTEMPATH\CodeIgniter.php(507): CodeIgniter\CodeIgniter->runController(Object(App\Controllers\Home))
 9 SYSTEMPATH\CodeIgniter.php(354): CodeIgniter\CodeIgniter->handleRequest(null, Object(Config\Cache), false)
10 SYSTEMPATH\Boot.php(334): CodeIgniter\CodeIgniter->run()
11 SYSTEMPATH\Boot.php(67): CodeIgniter\Boot::runCodeIgniter(Object(CodeIgniter\CodeIgniter))
12 FCPATH\index.php(56): CodeIgniter\Boot::bootWeb(Object(Config\Paths))
DEBUG - 2025-06-13 12:26:20 --> Session: Class initialized using 'CodeIgniter\Session\Handlers\FileHandler' driver.
ERROR - 2025-06-13 12:26:20 --> mysqli_sql_exception: Column 'user_id' cannot be null in C:\xampp\htdocs\lib\system\Database\MySQLi\Connection.php:327
Stack trace:
#0 C:\xampp\htdocs\lib\system\Database\MySQLi\Connection.php(327): mysqli->query('INSERT INTO `ch...', 0)
#1 C:\xampp\htdocs\lib\system\Database\BaseConnection.php(738): CodeIgniter\Database\MySQLi\Connection->execute('INSERT INTO `ch...')
#2 C:\xampp\htdocs\lib\system\Database\BaseConnection.php(652): CodeIgniter\Database\BaseConnection->simpleQuery('INSERT INTO `ch...')
#3 C:\xampp\htdocs\lib\system\Database\BaseBuilder.php(2345): CodeIgniter\Database\BaseConnection->query('INSERT INTO `ch...', Array, false)
#4 C:\xampp\htdocs\lib\app\Models\HomeModel.php(12): CodeIgniter\Database\BaseBuilder->insert(Array)
#5 C:\xampp\htdocs\lib\app\Controllers\Home.php(269): App\Models\HomeModel->store('charge', Array)
#6 C:\xampp\htdocs\lib\system\CodeIgniter.php(933): App\Controllers\Home->evaluate()
#7 C:\xampp\htdocs\lib\system\CodeIgniter.php(507): CodeIgniter\CodeIgniter->runController(Object(App\Controllers\Home))
#8 C:\xampp\htdocs\lib\system\CodeIgniter.php(354): CodeIgniter\CodeIgniter->handleRequest(NULL, Object(Config\Cache), false)
#9 C:\xampp\htdocs\lib\system\Boot.php(334): CodeIgniter\CodeIgniter->run()
#10 C:\xampp\htdocs\lib\system\Boot.php(67): CodeIgniter\Boot::runCodeIgniter(Object(CodeIgniter\CodeIgniter))
#11 C:\xampp\htdocs\lib\index.php(56): CodeIgniter\Boot::bootWeb(Object(Config\Paths))
#12 {main}
CRITICAL - 2025-06-13 12:26:20 --> CodeIgniter\Database\Exceptions\DatabaseException: Column 'user_id' cannot be null
[Method: POST, Route: charges/evaluate]
in SYSTEMPATH\Database\BaseConnection.php on line 692.
 1 SYSTEMPATH\Database\BaseBuilder.php(2345): CodeIgniter\Database\BaseConnection->query('INSERT INTO `charge` (`boorow_id`, `book_id`, `user_id`, `charge_type`, `price`, `desriptions`, `charge_date`, `photo`) VALUES (:boorow_id:, :book_id:, :user_id:, :charge_type:, :price:, :desriptions:, :charge_date:, :photo:)', [...], false)
 2 APPPATH\Models\HomeModel.php(12): CodeIgniter\Database\BaseBuilder->insert([...])
 3 APPPATH\Controllers\Home.php(269): App\Models\HomeModel->store('charge', [...])
 4 SYSTEMPATH\CodeIgniter.php(933): App\Controllers\Home->evaluate()
 5 SYSTEMPATH\CodeIgniter.php(507): CodeIgniter\CodeIgniter->runController(Object(App\Controllers\Home))
 6 SYSTEMPATH\CodeIgniter.php(354): CodeIgniter\CodeIgniter->handleRequest(null, Object(Config\Cache), false)
 7 SYSTEMPATH\Boot.php(334): CodeIgniter\CodeIgniter->run()
 8 SYSTEMPATH\Boot.php(67): CodeIgniter\Boot::runCodeIgniter(Object(CodeIgniter\CodeIgniter))
 9 FCPATH\index.php(56): CodeIgniter\Boot::bootWeb(Object(Config\Paths))
CRITICAL - 2025-06-13 12:26:20 --> [Caused by] CodeIgniter\Database\Exceptions\DatabaseException: Column 'user_id' cannot be null
in SYSTEMPATH\Database\MySQLi\Connection.php on line 332.
 1 SYSTEMPATH\Database\BaseConnection.php(738): CodeIgniter\Database\MySQLi\Connection->execute('INSERT INTO `charge` (`boorow_id`, `book_id`, `user_id`, `charge_type`, `price`, `desriptions`, `charge_date`, `photo`) VALUES (\'13\', \'16\', NULL, \'Damage\', \'8\', \'Damage Type: moderate\', \'2025-06-13 12:26:20\', \'1749817580_d414c8572d84ee8f9a20.jpeg\')')
 2 SYSTEMPATH\Database\BaseConnection.php(652): CodeIgniter\Database\BaseConnection->simpleQuery('INSERT INTO `charge` (`boorow_id`, `book_id`, `user_id`, `charge_type`, `price`, `desriptions`, `charge_date`, `photo`) VALUES (\'13\', \'16\', NULL, \'Damage\', \'8\', \'Damage Type: moderate\', \'2025-06-13 12:26:20\', \'1749817580_d414c8572d84ee8f9a20.jpeg\')')
 3 SYSTEMPATH\Database\BaseBuilder.php(2345): CodeIgniter\Database\BaseConnection->query('INSERT INTO `charge` (`boorow_id`, `book_id`, `user_id`, `charge_type`, `price`, `desriptions`, `charge_date`, `photo`) VALUES (:boorow_id:, :book_id:, :user_id:, :charge_type:, :price:, :desriptions:, :charge_date:, :photo:)', [...], false)
 4 APPPATH\Models\HomeModel.php(12): CodeIgniter\Database\BaseBuilder->insert([...])
 5 APPPATH\Controllers\Home.php(269): App\Models\HomeModel->store('charge', [...])
 6 SYSTEMPATH\CodeIgniter.php(933): App\Controllers\Home->evaluate()
 7 SYSTEMPATH\CodeIgniter.php(507): CodeIgniter\CodeIgniter->runController(Object(App\Controllers\Home))
 8 SYSTEMPATH\CodeIgniter.php(354): CodeIgniter\CodeIgniter->handleRequest(null, Object(Config\Cache), false)
 9 SYSTEMPATH\Boot.php(334): CodeIgniter\CodeIgniter->run()
10 SYSTEMPATH\Boot.php(67): CodeIgniter\Boot::runCodeIgniter(Object(CodeIgniter\CodeIgniter))
11 FCPATH\index.php(56): CodeIgniter\Boot::bootWeb(Object(Config\Paths))
CRITICAL - 2025-06-13 12:26:20 --> [Caused by] mysqli_sql_exception: Column 'user_id' cannot be null
in SYSTEMPATH\Database\MySQLi\Connection.php on line 327.
 1 SYSTEMPATH\Database\MySQLi\Connection.php(327): mysqli->query('INSERT INTO `charge` (`boorow_id`, `book_id`, `user_id`, `charge_type`, `price`, `desriptions`, `charge_date`, `photo`) VALUES (\'13\', \'16\', NULL, \'Damage\', \'8\', \'Damage Type: moderate\', \'2025-06-13 12:26:20\', \'1749817580_d414c8572d84ee8f9a20.jpeg\')', 0)
 2 SYSTEMPATH\Database\BaseConnection.php(738): CodeIgniter\Database\MySQLi\Connection->execute('INSERT INTO `charge` (`boorow_id`, `book_id`, `user_id`, `charge_type`, `price`, `desriptions`, `charge_date`, `photo`) VALUES (\'13\', \'16\', NULL, \'Damage\', \'8\', \'Damage Type: moderate\', \'2025-06-13 12:26:20\', \'1749817580_d414c8572d84ee8f9a20.jpeg\')')
 3 SYSTEMPATH\Database\BaseConnection.php(652): CodeIgniter\Database\BaseConnection->simpleQuery('INSERT INTO `charge` (`boorow_id`, `book_id`, `user_id`, `charge_type`, `price`, `desriptions`, `charge_date`, `photo`) VALUES (\'13\', \'16\', NULL, \'Damage\', \'8\', \'Damage Type: moderate\', \'2025-06-13 12:26:20\', \'1749817580_d414c8572d84ee8f9a20.jpeg\')')
 4 SYSTEMPATH\Database\BaseBuilder.php(2345): CodeIgniter\Database\BaseConnection->query('INSERT INTO `charge` (`boorow_id`, `book_id`, `user_id`, `charge_type`, `price`, `desriptions`, `charge_date`, `photo`) VALUES (:boorow_id:, :book_id:, :user_id:, :charge_type:, :price:, :desriptions:, :charge_date:, :photo:)', [...], false)
 5 APPPATH\Models\HomeModel.php(12): CodeIgniter\Database\BaseBuilder->insert([...])
 6 APPPATH\Controllers\Home.php(269): App\Models\HomeModel->store('charge', [...])
 7 SYSTEMPATH\CodeIgniter.php(933): App\Controllers\Home->evaluate()
 8 SYSTEMPATH\CodeIgniter.php(507): CodeIgniter\CodeIgniter->runController(Object(App\Controllers\Home))
 9 SYSTEMPATH\CodeIgniter.php(354): CodeIgniter\CodeIgniter->handleRequest(null, Object(Config\Cache), false)
10 SYSTEMPATH\Boot.php(334): CodeIgniter\CodeIgniter->run()
11 SYSTEMPATH\Boot.php(67): CodeIgniter\Boot::runCodeIgniter(Object(CodeIgniter\CodeIgniter))
12 FCPATH\index.php(56): CodeIgniter\Boot::bootWeb(Object(Config\Paths))
DEBUG - 2025-06-13 12:30:57 --> Session: Class initialized using 'CodeIgniter\Session\Handlers\FileHandler' driver.
DEBUG - 2025-06-13 12:30:58 --> Session: Class initialized using 'CodeIgniter\Session\Handlers\FileHandler' driver.
DEBUG - 2025-06-13 12:31:36 --> Session: Class initialized using 'CodeIgniter\Session\Handlers\FileHandler' driver.
ERROR - 2025-06-13 12:31:36 --> mysqli_sql_exception: Column 'user_id' cannot be null in C:\xampp\htdocs\lib\system\Database\MySQLi\Connection.php:327
Stack trace:
#0 C:\xampp\htdocs\lib\system\Database\MySQLi\Connection.php(327): mysqli->query('INSERT INTO `ch...', 0)
#1 C:\xampp\htdocs\lib\system\Database\BaseConnection.php(738): CodeIgniter\Database\MySQLi\Connection->execute('INSERT INTO `ch...')
#2 C:\xampp\htdocs\lib\system\Database\BaseConnection.php(652): CodeIgniter\Database\BaseConnection->simpleQuery('INSERT INTO `ch...')
#3 C:\xampp\htdocs\lib\system\Database\BaseBuilder.php(2345): CodeIgniter\Database\BaseConnection->query('INSERT INTO `ch...', Array, false)
#4 C:\xampp\htdocs\lib\app\Models\HomeModel.php(12): CodeIgniter\Database\BaseBuilder->insert(Array)
#5 C:\xampp\htdocs\lib\app\Controllers\Home.php(269): App\Models\HomeModel->store('charge', Array)
#6 C:\xampp\htdocs\lib\system\CodeIgniter.php(933): App\Controllers\Home->evaluate()
#7 C:\xampp\htdocs\lib\system\CodeIgniter.php(507): CodeIgniter\CodeIgniter->runController(Object(App\Controllers\Home))
#8 C:\xampp\htdocs\lib\system\CodeIgniter.php(354): CodeIgniter\CodeIgniter->handleRequest(NULL, Object(Config\Cache), false)
#9 C:\xampp\htdocs\lib\system\Boot.php(334): CodeIgniter\CodeIgniter->run()
#10 C:\xampp\htdocs\lib\system\Boot.php(67): CodeIgniter\Boot::runCodeIgniter(Object(CodeIgniter\CodeIgniter))
#11 C:\xampp\htdocs\lib\index.php(56): CodeIgniter\Boot::bootWeb(Object(Config\Paths))
#12 {main}
CRITICAL - 2025-06-13 12:31:36 --> CodeIgniter\Database\Exceptions\DatabaseException: Column 'user_id' cannot be null
[Method: POST, Route: charges/evaluate]
in SYSTEMPATH\Database\BaseConnection.php on line 692.
 1 SYSTEMPATH\Database\BaseBuilder.php(2345): CodeIgniter\Database\BaseConnection->query('INSERT INTO `charge` (`boorow_id`, `book_id`, `user_id`, `charge_type`, `price`, `desriptions`, `charge_date`, `photo`) VALUES (:boorow_id:, :book_id:, :user_id:, :charge_type:, :price:, :desriptions:, :charge_date:, :photo:)', [...], false)
 2 APPPATH\Models\HomeModel.php(12): CodeIgniter\Database\BaseBuilder->insert([...])
 3 APPPATH\Controllers\Home.php(269): App\Models\HomeModel->store('charge', [...])
 4 SYSTEMPATH\CodeIgniter.php(933): App\Controllers\Home->evaluate()
 5 SYSTEMPATH\CodeIgniter.php(507): CodeIgniter\CodeIgniter->runController(Object(App\Controllers\Home))
 6 SYSTEMPATH\CodeIgniter.php(354): CodeIgniter\CodeIgniter->handleRequest(null, Object(Config\Cache), false)
 7 SYSTEMPATH\Boot.php(334): CodeIgniter\CodeIgniter->run()
 8 SYSTEMPATH\Boot.php(67): CodeIgniter\Boot::runCodeIgniter(Object(CodeIgniter\CodeIgniter))
 9 FCPATH\index.php(56): CodeIgniter\Boot::bootWeb(Object(Config\Paths))
CRITICAL - 2025-06-13 12:31:36 --> [Caused by] CodeIgniter\Database\Exceptions\DatabaseException: Column 'user_id' cannot be null
in SYSTEMPATH\Database\MySQLi\Connection.php on line 332.
 1 SYSTEMPATH\Database\BaseConnection.php(738): CodeIgniter\Database\MySQLi\Connection->execute('INSERT INTO `charge` (`boorow_id`, `book_id`, `user_id`, `charge_type`, `price`, `desriptions`, `charge_date`, `photo`) VALUES (\'13\', \'16\', NULL, \'Damage\', \'12\', \'Damage Type: moderate\', \'2025-06-13 12:31:36\', NULL)')
 2 SYSTEMPATH\Database\BaseConnection.php(652): CodeIgniter\Database\BaseConnection->simpleQuery('INSERT INTO `charge` (`boorow_id`, `book_id`, `user_id`, `charge_type`, `price`, `desriptions`, `charge_date`, `photo`) VALUES (\'13\', \'16\', NULL, \'Damage\', \'12\', \'Damage Type: moderate\', \'2025-06-13 12:31:36\', NULL)')
 3 SYSTEMPATH\Database\BaseBuilder.php(2345): CodeIgniter\Database\BaseConnection->query('INSERT INTO `charge` (`boorow_id`, `book_id`, `user_id`, `charge_type`, `price`, `desriptions`, `charge_date`, `photo`) VALUES (:boorow_id:, :book_id:, :user_id:, :charge_type:, :price:, :desriptions:, :charge_date:, :photo:)', [...], false)
 4 APPPATH\Models\HomeModel.php(12): CodeIgniter\Database\BaseBuilder->insert([...])
 5 APPPATH\Controllers\Home.php(269): App\Models\HomeModel->store('charge', [...])
 6 SYSTEMPATH\CodeIgniter.php(933): App\Controllers\Home->evaluate()
 7 SYSTEMPATH\CodeIgniter.php(507): CodeIgniter\CodeIgniter->runController(Object(App\Controllers\Home))
 8 SYSTEMPATH\CodeIgniter.php(354): CodeIgniter\CodeIgniter->handleRequest(null, Object(Config\Cache), false)
 9 SYSTEMPATH\Boot.php(334): CodeIgniter\CodeIgniter->run()
10 SYSTEMPATH\Boot.php(67): CodeIgniter\Boot::runCodeIgniter(Object(CodeIgniter\CodeIgniter))
11 FCPATH\index.php(56): CodeIgniter\Boot::bootWeb(Object(Config\Paths))
CRITICAL - 2025-06-13 12:31:36 --> [Caused by] mysqli_sql_exception: Column 'user_id' cannot be null
in SYSTEMPATH\Database\MySQLi\Connection.php on line 327.
 1 SYSTEMPATH\Database\MySQLi\Connection.php(327): mysqli->query('INSERT INTO `charge` (`boorow_id`, `book_id`, `user_id`, `charge_type`, `price`, `desriptions`, `charge_date`, `photo`) VALUES (\'13\', \'16\', NULL, \'Damage\', \'12\', \'Damage Type: moderate\', \'2025-06-13 12:31:36\', NULL)', 0)
 2 SYSTEMPATH\Database\BaseConnection.php(738): CodeIgniter\Database\MySQLi\Connection->execute('INSERT INTO `charge` (`boorow_id`, `book_id`, `user_id`, `charge_type`, `price`, `desriptions`, `charge_date`, `photo`) VALUES (\'13\', \'16\', NULL, \'Damage\', \'12\', \'Damage Type: moderate\', \'2025-06-13 12:31:36\', NULL)')
 3 SYSTEMPATH\Database\BaseConnection.php(652): CodeIgniter\Database\BaseConnection->simpleQuery('INSERT INTO `charge` (`boorow_id`, `book_id`, `user_id`, `charge_type`, `price`, `desriptions`, `charge_date`, `photo`) VALUES (\'13\', \'16\', NULL, \'Damage\', \'12\', \'Damage Type: moderate\', \'2025-06-13 12:31:36\', NULL)')
 4 SYSTEMPATH\Database\BaseBuilder.php(2345): CodeIgniter\Database\BaseConnection->query('INSERT INTO `charge` (`boorow_id`, `book_id`, `user_id`, `charge_type`, `price`, `desriptions`, `charge_date`, `photo`) VALUES (:boorow_id:, :book_id:, :user_id:, :charge_type:, :price:, :desriptions:, :charge_date:, :photo:)', [...], false)
 5 APPPATH\Models\HomeModel.php(12): CodeIgniter\Database\BaseBuilder->insert([...])
 6 APPPATH\Controllers\Home.php(269): App\Models\HomeModel->store('charge', [...])
 7 SYSTEMPATH\CodeIgniter.php(933): App\Controllers\Home->evaluate()
 8 SYSTEMPATH\CodeIgniter.php(507): CodeIgniter\CodeIgniter->runController(Object(App\Controllers\Home))
 9 SYSTEMPATH\CodeIgniter.php(354): CodeIgniter\CodeIgniter->handleRequest(null, Object(Config\Cache), false)
10 SYSTEMPATH\Boot.php(334): CodeIgniter\CodeIgniter->run()
11 SYSTEMPATH\Boot.php(67): CodeIgniter\Boot::runCodeIgniter(Object(CodeIgniter\CodeIgniter))
12 FCPATH\index.php(56): CodeIgniter\Boot::bootWeb(Object(Config\Paths))
DEBUG - 2025-06-13 12:33:12 --> Session: Class initialized using 'CodeIgniter\Session\Handlers\FileHandler' driver.
DEBUG - 2025-06-13 12:33:13 --> Session: Class initialized using 'CodeIgniter\Session\Handlers\FileHandler' driver.
DEBUG - 2025-06-13 12:33:46 --> Session: Class initialized using 'CodeIgniter\Session\Handlers\FileHandler' driver.
DEBUG - 2025-06-13 12:33:47 --> Session: Class initialized using 'CodeIgniter\Session\Handlers\FileHandler' driver.
DEBUG - 2025-06-13 12:38:26 --> Session: Class initialized using 'CodeIgniter\Session\Handlers\FileHandler' driver.
DEBUG - 2025-06-13 12:40:32 --> Session: Class initialized using 'CodeIgniter\Session\Handlers\FileHandler' driver.
DEBUG - 2025-06-13 12:41:16 --> Session: Class initialized using 'CodeIgniter\Session\Handlers\FileHandler' driver.
DEBUG - 2025-06-13 12:41:43 --> Session: Class initialized using 'CodeIgniter\Session\Handlers\FileHandler' driver.
DEBUG - 2025-06-13 12:44:04 --> Session: Class initialized using 'CodeIgniter\Session\Handlers\FileHandler' driver.
DEBUG - 2025-06-13 12:44:32 --> Session: Class initialized using 'CodeIgniter\Session\Handlers\FileHandler' driver.
DEBUG - 2025-06-13 12:45:18 --> Session: Class initialized using 'CodeIgniter\Session\Handlers\FileHandler' driver.
CRITICAL - 2025-06-13 12:45:18 --> ErrorException: Undefined variable $user_id
[Method: POST, Route: charges/evaluate]
in APPPATH\Controllers\Home.php on line 273.
 1 APPPATH\Controllers\Home.php(273): CodeIgniter\Debug\Exceptions->errorHandler(2, 'Undefined variable $user_id', 'C:\\xampp\\htdocs\\lib\\app\\Controllers\\Home.php', 273)
 2 SYSTEMPATH\CodeIgniter.php(933): App\Controllers\Home->evaluate()
 3 SYSTEMPATH\CodeIgniter.php(507): CodeIgniter\CodeIgniter->runController(Object(App\Controllers\Home))
 4 SYSTEMPATH\CodeIgniter.php(354): CodeIgniter\CodeIgniter->handleRequest(null, Object(Config\Cache), false)
 5 SYSTEMPATH\Boot.php(334): CodeIgniter\CodeIgniter->run()
 6 SYSTEMPATH\Boot.php(67): CodeIgniter\Boot::runCodeIgniter(Object(CodeIgniter\CodeIgniter))
 7 FCPATH\index.php(56): CodeIgniter\Boot::bootWeb(Object(Config\Paths))
DEBUG - 2025-06-13 12:47:37 --> Session: Class initialized using 'CodeIgniter\Session\Handlers\FileHandler' driver.
DEBUG - 2025-06-13 12:47:38 --> Session: Class initialized using 'CodeIgniter\Session\Handlers\FileHandler' driver.
DEBUG - 2025-06-13 12:47:59 --> Session: Class initialized using 'CodeIgniter\Session\Handlers\FileHandler' driver.
DEBUG - 2025-06-13 12:47:59 --> Session: Class initialized using 'CodeIgniter\Session\Handlers\FileHandler' driver.
DEBUG - 2025-06-13 12:55:51 --> Session: Class initialized using 'CodeIgniter\Session\Handlers\FileHandler' driver.
DEBUG - 2025-06-13 12:55:51 --> Session: Class initialized using 'CodeIgniter\Session\Handlers\FileHandler' driver.
DEBUG - 2025-06-13 12:55:54 --> Session: Class initialized using 'CodeIgniter\Session\Handlers\FileHandler' driver.
DEBUG - 2025-06-13 12:55:54 --> Session: Class initialized using 'CodeIgniter\Session\Handlers\FileHandler' driver.
DEBUG - 2025-06-13 12:56:25 --> Session: Class initialized using 'CodeIgniter\Session\Handlers\FileHandler' driver.
DEBUG - 2025-06-13 12:56:25 --> Session: Class initialized using 'CodeIgniter\Session\Handlers\FileHandler' driver.
DEBUG - 2025-06-13 13:05:53 --> Session: Class initialized using 'CodeIgniter\Session\Handlers\FileHandler' driver.
DEBUG - 2025-06-13 13:10:28 --> Session: Class initialized using 'CodeIgniter\Session\Handlers\FileHandler' driver.
DEBUG - 2025-06-13 13:13:07 --> Session: Class initialized using 'CodeIgniter\Session\Handlers\FileHandler' driver.
DEBUG - 2025-06-13 13:14:13 --> Session: Class initialized using 'CodeIgniter\Session\Handlers\FileHandler' driver.
DEBUG - 2025-06-13 13:14:14 --> Session: Class initialized using 'CodeIgniter\Session\Handlers\FileHandler' driver.
DEBUG - 2025-06-13 13:14:26 --> Session: Class initialized using 'CodeIgniter\Session\Handlers\FileHandler' driver.
DEBUG - 2025-06-13 13:14:26 --> Session: Class initialized using 'CodeIgniter\Session\Handlers\FileHandler' driver.
DEBUG - 2025-06-13 14:56:09 --> Session: Class initialized using 'CodeIgniter\Session\Handlers\FileHandler' driver.
DEBUG - 2025-06-13 14:56:09 --> Session: Class initialized using 'CodeIgniter\Session\Handlers\FileHandler' driver.
DEBUG - 2025-06-13 14:56:13 --> Session: Class initialized using 'CodeIgniter\Session\Handlers\FileHandler' driver.
DEBUG - 2025-06-13 14:56:22 --> Session: Class initialized using 'CodeIgniter\Session\Handlers\FileHandler' driver.
DEBUG - 2025-06-13 14:56:41 --> Session: Class initialized using 'CodeIgniter\Session\Handlers\FileHandler' driver.
DEBUG - 2025-06-13 15:02:49 --> Session: Class initialized using 'CodeIgniter\Session\Handlers\FileHandler' driver.
DEBUG - 2025-06-13 15:05:07 --> Session: Class initialized using 'CodeIgniter\Session\Handlers\FileHandler' driver.
DEBUG - 2025-06-13 15:06:02 --> Session: Class initialized using 'CodeIgniter\Session\Handlers\FileHandler' driver.
DEBUG - 2025-06-13 15:11:12 --> Session: Class initialized using 'CodeIgniter\Session\Handlers\FileHandler' driver.
DEBUG - 2025-06-13 15:11:51 --> Session: Class initialized using 'CodeIgniter\Session\Handlers\FileHandler' driver.
DEBUG - 2025-06-13 15:12:05 --> Session: Class initialized using 'CodeIgniter\Session\Handlers\FileHandler' driver.
DEBUG - 2025-06-13 15:12:28 --> Session: Class initialized using 'CodeIgniter\Session\Handlers\FileHandler' driver.
DEBUG - 2025-06-13 15:12:36 --> Session: Class initialized using 'CodeIgniter\Session\Handlers\FileHandler' driver.
DEBUG - 2025-06-13 15:15:52 --> Session: Class initialized using 'CodeIgniter\Session\Handlers\FileHandler' driver.
DEBUG - 2025-06-13 15:20:00 --> Session: Class initialized using 'CodeIgniter\Session\Handlers\FileHandler' driver.
DEBUG - 2025-06-13 15:20:55 --> Session: Class initialized using 'CodeIgniter\Session\Handlers\FileHandler' driver.
DEBUG - 2025-06-13 15:21:09 --> Session: Class initialized using 'CodeIgniter\Session\Handlers\FileHandler' driver.
DEBUG - 2025-06-13 15:21:34 --> Session: Class initialized using 'CodeIgniter\Session\Handlers\FileHandler' driver.
DEBUG - 2025-06-13 15:25:15 --> Session: Class initialized using 'CodeIgniter\Session\Handlers\FileHandler' driver.
DEBUG - 2025-06-13 15:25:39 --> Session: Class initialized using 'CodeIgniter\Session\Handlers\FileHandler' driver.
DEBUG - 2025-06-13 15:25:54 --> Session: Class initialized using 'CodeIgniter\Session\Handlers\FileHandler' driver.
DEBUG - 2025-06-13 15:25:55 --> Session: Class initialized using 'CodeIgniter\Session\Handlers\FileHandler' driver.
DEBUG - 2025-06-13 15:30:07 --> Session: Class initialized using 'CodeIgniter\Session\Handlers\FileHandler' driver.
DEBUG - 2025-06-13 15:30:28 --> Session: Class initialized using 'CodeIgniter\Session\Handlers\FileHandler' driver.
DEBUG - 2025-06-13 15:30:29 --> Session: Class initialized using 'CodeIgniter\Session\Handlers\FileHandler' driver.
DEBUG - 2025-06-13 15:31:19 --> Session: Class initialized using 'CodeIgniter\Session\Handlers\FileHandler' driver.
DEBUG - 2025-06-13 15:31:37 --> Session: Class initialized using 'CodeIgniter\Session\Handlers\FileHandler' driver.
ERROR - 2025-06-13 15:31:37 --> mysqli_sql_exception: Cannot add or update a child row: a foreign key constraint fails (`just1`.`tbl_library_users`, CONSTRAINT `tbl_library_users_ibfk_1` FOREIGN KEY (`registered_by`) REFERENCES `users` (`user_id`)) in C:\xampp\htdocs\lib\system\Database\MySQLi\Connection.php:327
Stack trace:
#0 C:\xampp\htdocs\lib\system\Database\MySQLi\Connection.php(327): mysqli->query('INSERT INTO `tb...', 0)
#1 C:\xampp\htdocs\lib\system\Database\BaseConnection.php(738): CodeIgniter\Database\MySQLi\Connection->execute('INSERT INTO `tb...')
#2 C:\xampp\htdocs\lib\system\Database\BaseConnection.php(652): CodeIgniter\Database\BaseConnection->simpleQuery('INSERT INTO `tb...')
#3 C:\xampp\htdocs\lib\system\Database\BaseBuilder.php(2345): CodeIgniter\Database\BaseConnection->query('INSERT INTO `tb...', Array, false)
#4 C:\xampp\htdocs\lib\app\Models\HomeModel.php(12): CodeIgniter\Database\BaseBuilder->insert(Array)
#5 C:\xampp\htdocs\lib\app\Controllers\Home.php(711): App\Models\HomeModel->store('tbl_library_use...', Array)
#6 C:\xampp\htdocs\lib\system\CodeIgniter.php(933): App\Controllers\Home->save_lib()
#7 C:\xampp\htdocs\lib\system\CodeIgniter.php(507): CodeIgniter\CodeIgniter->runController(Object(App\Controllers\Home))
#8 C:\xampp\htdocs\lib\system\CodeIgniter.php(354): CodeIgniter\CodeIgniter->handleRequest(NULL, Object(Config\Cache), false)
#9 C:\xampp\htdocs\lib\system\Boot.php(334): CodeIgniter\CodeIgniter->run()
#10 C:\xampp\htdocs\lib\system\Boot.php(67): CodeIgniter\Boot::runCodeIgniter(Object(CodeIgniter\CodeIgniter))
#11 C:\xampp\htdocs\lib\index.php(56): CodeIgniter\Boot::bootWeb(Object(Config\Paths))
#12 {main}
CRITICAL - 2025-06-13 15:31:37 --> CodeIgniter\Database\Exceptions\DatabaseException: Cannot add or update a child row: a foreign key constraint fails (`just1`.`tbl_library_users`, CONSTRAINT `tbl_library_users_ibfk_1` FOREIGN KEY (`registered_by`) REFERENCES `users` (`user_id`))
[Method: POST, Route: libraryusers/save]
in SYSTEMPATH\Database\BaseConnection.php on line 692.
 1 SYSTEMPATH\Database\BaseBuilder.php(2345): CodeIgniter\Database\BaseConnection->query('INSERT INTO `tbl_library_users` (`username`, `email`, `phone_number`, `gender`, `occupation`, `dob`, `card_tag`, `image`, `status`, `registered_by`, `register_date`) VALUES (:username:, :email:, :phone_number:, :gender:, :occupation:, :dob:, :card_tag:, :image:, :status:, :registered_by:, :register_date:)', [...], false)
 2 APPPATH\Models\HomeModel.php(12): CodeIgniter\Database\BaseBuilder->insert([...])
 3 APPPATH\Controllers\Home.php(711): App\Models\HomeModel->store('tbl_library_users', [...])
 4 SYSTEMPATH\CodeIgniter.php(933): App\Controllers\Home->save_lib()
 5 SYSTEMPATH\CodeIgniter.php(507): CodeIgniter\CodeIgniter->runController(Object(App\Controllers\Home))
 6 SYSTEMPATH\CodeIgniter.php(354): CodeIgniter\CodeIgniter->handleRequest(null, Object(Config\Cache), false)
 7 SYSTEMPATH\Boot.php(334): CodeIgniter\CodeIgniter->run()
 8 SYSTEMPATH\Boot.php(67): CodeIgniter\Boot::runCodeIgniter(Object(CodeIgniter\CodeIgniter))
 9 FCPATH\index.php(56): CodeIgniter\Boot::bootWeb(Object(Config\Paths))
CRITICAL - 2025-06-13 15:31:37 --> [Caused by] CodeIgniter\Database\Exceptions\DatabaseException: Cannot add or update a child row: a foreign key constraint fails (`just1`.`tbl_library_users`, CONSTRAINT `tbl_library_users_ibfk_1` FOREIGN KEY (`registered_by`) REFERENCES `users` (`user_id`))
in SYSTEMPATH\Database\MySQLi\Connection.php on line 332.
 1 SYSTEMPATH\Database\BaseConnection.php(738): CodeIgniter\Database\MySQLi\Connection->execute('INSERT INTO `tbl_library_users` (`username`, `email`, `phone_number`, `gender`, `occupation`, `dob`, `card_tag`, `image`, `status`, `registered_by`, `register_date`) VALUES (\'Muscab Ali jama\', \'mosab@gmail.com\', \'0615219889\', \'male\', \'jb1\', \'1998-10-13\', \'0001101011\', \'1749828697_ea8358fcbda0dd6b6cc2.jpeg\', \'Active\', \'2\', \'2025-06-13\')')
 2 SYSTEMPATH\Database\BaseConnection.php(652): CodeIgniter\Database\BaseConnection->simpleQuery('INSERT INTO `tbl_library_users` (`username`, `email`, `phone_number`, `gender`, `occupation`, `dob`, `card_tag`, `image`, `status`, `registered_by`, `register_date`) VALUES (\'Muscab Ali jama\', \'mosab@gmail.com\', \'0615219889\', \'male\', \'jb1\', \'1998-10-13\', \'0001101011\', \'1749828697_ea8358fcbda0dd6b6cc2.jpeg\', \'Active\', \'2\', \'2025-06-13\')')
 3 SYSTEMPATH\Database\BaseBuilder.php(2345): CodeIgniter\Database\BaseConnection->query('INSERT INTO `tbl_library_users` (`username`, `email`, `phone_number`, `gender`, `occupation`, `dob`, `card_tag`, `image`, `status`, `registered_by`, `register_date`) VALUES (:username:, :email:, :phone_number:, :gender:, :occupation:, :dob:, :card_tag:, :image:, :status:, :registered_by:, :register_date:)', [...], false)
 4 APPPATH\Models\HomeModel.php(12): CodeIgniter\Database\BaseBuilder->insert([...])
 5 APPPATH\Controllers\Home.php(711): App\Models\HomeModel->store('tbl_library_users', [...])
 6 SYSTEMPATH\CodeIgniter.php(933): App\Controllers\Home->save_lib()
 7 SYSTEMPATH\CodeIgniter.php(507): CodeIgniter\CodeIgniter->runController(Object(App\Controllers\Home))
 8 SYSTEMPATH\CodeIgniter.php(354): CodeIgniter\CodeIgniter->handleRequest(null, Object(Config\Cache), false)
 9 SYSTEMPATH\Boot.php(334): CodeIgniter\CodeIgniter->run()
10 SYSTEMPATH\Boot.php(67): CodeIgniter\Boot::runCodeIgniter(Object(CodeIgniter\CodeIgniter))
11 FCPATH\index.php(56): CodeIgniter\Boot::bootWeb(Object(Config\Paths))
CRITICAL - 2025-06-13 15:31:37 --> [Caused by] mysqli_sql_exception: Cannot add or update a child row: a foreign key constraint fails (`just1`.`tbl_library_users`, CONSTRAINT `tbl_library_users_ibfk_1` FOREIGN KEY (`registered_by`) REFERENCES `users` (`user_id`))
in SYSTEMPATH\Database\MySQLi\Connection.php on line 327.
 1 SYSTEMPATH\Database\MySQLi\Connection.php(327): mysqli->query('INSERT INTO `tbl_library_users` (`username`, `email`, `phone_number`, `gender`, `occupation`, `dob`, `card_tag`, `image`, `status`, `registered_by`, `register_date`) VALUES (\'Muscab Ali jama\', \'mosab@gmail.com\', \'0615219889\', \'male\', \'jb1\', \'1998-10-13\', \'0001101011\', \'1749828697_ea8358fcbda0dd6b6cc2.jpeg\', \'Active\', \'2\', \'2025-06-13\')', 0)
 2 SYSTEMPATH\Database\BaseConnection.php(738): CodeIgniter\Database\MySQLi\Connection->execute('INSERT INTO `tbl_library_users` (`username`, `email`, `phone_number`, `gender`, `occupation`, `dob`, `card_tag`, `image`, `status`, `registered_by`, `register_date`) VALUES (\'Muscab Ali jama\', \'mosab@gmail.com\', \'0615219889\', \'male\', \'jb1\', \'1998-10-13\', \'0001101011\', \'1749828697_ea8358fcbda0dd6b6cc2.jpeg\', \'Active\', \'2\', \'2025-06-13\')')
 3 SYSTEMPATH\Database\BaseConnection.php(652): CodeIgniter\Database\BaseConnection->simpleQuery('INSERT INTO `tbl_library_users` (`username`, `email`, `phone_number`, `gender`, `occupation`, `dob`, `card_tag`, `image`, `status`, `registered_by`, `register_date`) VALUES (\'Muscab Ali jama\', \'mosab@gmail.com\', \'0615219889\', \'male\', \'jb1\', \'1998-10-13\', \'0001101011\', \'1749828697_ea8358fcbda0dd6b6cc2.jpeg\', \'Active\', \'2\', \'2025-06-13\')')
 4 SYSTEMPATH\Database\BaseBuilder.php(2345): CodeIgniter\Database\BaseConnection->query('INSERT INTO `tbl_library_users` (`username`, `email`, `phone_number`, `gender`, `occupation`, `dob`, `card_tag`, `image`, `status`, `registered_by`, `register_date`) VALUES (:username:, :email:, :phone_number:, :gender:, :occupation:, :dob:, :card_tag:, :image:, :status:, :registered_by:, :register_date:)', [...], false)
 5 APPPATH\Models\HomeModel.php(12): CodeIgniter\Database\BaseBuilder->insert([...])
 6 APPPATH\Controllers\Home.php(711): App\Models\HomeModel->store('tbl_library_users', [...])
 7 SYSTEMPATH\CodeIgniter.php(933): App\Controllers\Home->save_lib()
 8 SYSTEMPATH\CodeIgniter.php(507): CodeIgniter\CodeIgniter->runController(Object(App\Controllers\Home))
 9 SYSTEMPATH\CodeIgniter.php(354): CodeIgniter\CodeIgniter->handleRequest(null, Object(Config\Cache), false)
10 SYSTEMPATH\Boot.php(334): CodeIgniter\CodeIgniter->run()
11 SYSTEMPATH\Boot.php(67): CodeIgniter\Boot::runCodeIgniter(Object(CodeIgniter\CodeIgniter))
12 FCPATH\index.php(56): CodeIgniter\Boot::bootWeb(Object(Config\Paths))
DEBUG - 2025-06-13 15:31:48 --> Session: Class initialized using 'CodeIgniter\Session\Handlers\FileHandler' driver.
DEBUG - 2025-06-13 15:31:53 --> Session: Class initialized using 'CodeIgniter\Session\Handlers\FileHandler' driver.
DEBUG - 2025-06-13 15:31:54 --> Session: Class initialized using 'CodeIgniter\Session\Handlers\FileHandler' driver.
DEBUG - 2025-06-13 15:33:11 --> Session: Class initialized using 'CodeIgniter\Session\Handlers\FileHandler' driver.
ERROR - 2025-06-13 15:33:11 --> mysqli_sql_exception: Cannot add or update a child row: a foreign key constraint fails (`just1`.`tbl_library_users`, CONSTRAINT `tbl_library_users_ibfk_1` FOREIGN KEY (`registered_by`) REFERENCES `users` (`user_id`)) in C:\xampp\htdocs\lib\system\Database\MySQLi\Connection.php:327
Stack trace:
#0 C:\xampp\htdocs\lib\system\Database\MySQLi\Connection.php(327): mysqli->query('INSERT INTO `tb...', 0)
#1 C:\xampp\htdocs\lib\system\Database\BaseConnection.php(738): CodeIgniter\Database\MySQLi\Connection->execute('INSERT INTO `tb...')
#2 C:\xampp\htdocs\lib\system\Database\BaseConnection.php(652): CodeIgniter\Database\BaseConnection->simpleQuery('INSERT INTO `tb...')
#3 C:\xampp\htdocs\lib\system\Database\BaseBuilder.php(2345): CodeIgniter\Database\BaseConnection->query('INSERT INTO `tb...', Array, false)
#4 C:\xampp\htdocs\lib\app\Models\HomeModel.php(12): CodeIgniter\Database\BaseBuilder->insert(Array)
#5 C:\xampp\htdocs\lib\app\Controllers\Home.php(711): App\Models\HomeModel->store('tbl_library_use...', Array)
#6 C:\xampp\htdocs\lib\system\CodeIgniter.php(933): App\Controllers\Home->save_lib()
#7 C:\xampp\htdocs\lib\system\CodeIgniter.php(507): CodeIgniter\CodeIgniter->runController(Object(App\Controllers\Home))
#8 C:\xampp\htdocs\lib\system\CodeIgniter.php(354): CodeIgniter\CodeIgniter->handleRequest(NULL, Object(Config\Cache), false)
#9 C:\xampp\htdocs\lib\system\Boot.php(334): CodeIgniter\CodeIgniter->run()
#10 C:\xampp\htdocs\lib\system\Boot.php(67): CodeIgniter\Boot::runCodeIgniter(Object(CodeIgniter\CodeIgniter))
#11 C:\xampp\htdocs\lib\index.php(56): CodeIgniter\Boot::bootWeb(Object(Config\Paths))
#12 {main}
CRITICAL - 2025-06-13 15:33:11 --> CodeIgniter\Database\Exceptions\DatabaseException: Cannot add or update a child row: a foreign key constraint fails (`just1`.`tbl_library_users`, CONSTRAINT `tbl_library_users_ibfk_1` FOREIGN KEY (`registered_by`) REFERENCES `users` (`user_id`))
[Method: POST, Route: libraryusers/save]
in SYSTEMPATH\Database\BaseConnection.php on line 692.
 1 SYSTEMPATH\Database\BaseBuilder.php(2345): CodeIgniter\Database\BaseConnection->query('INSERT INTO `tbl_library_users` (`username`, `email`, `phone_number`, `gender`, `occupation`, `dob`, `card_tag`, `image`, `status`, `registered_by`, `register_date`) VALUES (:username:, :email:, :phone_number:, :gender:, :occupation:, :dob:, :card_tag:, :image:, :status:, :registered_by:, :register_date:)', [...], false)
 2 APPPATH\Models\HomeModel.php(12): CodeIgniter\Database\BaseBuilder->insert([...])
 3 APPPATH\Controllers\Home.php(711): App\Models\HomeModel->store('tbl_library_users', [...])
 4 SYSTEMPATH\CodeIgniter.php(933): App\Controllers\Home->save_lib()
 5 SYSTEMPATH\CodeIgniter.php(507): CodeIgniter\CodeIgniter->runController(Object(App\Controllers\Home))
 6 SYSTEMPATH\CodeIgniter.php(354): CodeIgniter\CodeIgniter->handleRequest(null, Object(Config\Cache), false)
 7 SYSTEMPATH\Boot.php(334): CodeIgniter\CodeIgniter->run()
 8 SYSTEMPATH\Boot.php(67): CodeIgniter\Boot::runCodeIgniter(Object(CodeIgniter\CodeIgniter))
 9 FCPATH\index.php(56): CodeIgniter\Boot::bootWeb(Object(Config\Paths))
CRITICAL - 2025-06-13 15:33:11 --> [Caused by] CodeIgniter\Database\Exceptions\DatabaseException: Cannot add or update a child row: a foreign key constraint fails (`just1`.`tbl_library_users`, CONSTRAINT `tbl_library_users_ibfk_1` FOREIGN KEY (`registered_by`) REFERENCES `users` (`user_id`))
in SYSTEMPATH\Database\MySQLi\Connection.php on line 332.
 1 SYSTEMPATH\Database\BaseConnection.php(738): CodeIgniter\Database\MySQLi\Connection->execute('INSERT INTO `tbl_library_users` (`username`, `email`, `phone_number`, `gender`, `occupation`, `dob`, `card_tag`, `image`, `status`, `registered_by`, `register_date`) VALUES (\'Muscab Ali jama\', \'mohamed41148.student@simad.edu.so\', \'0617937851\', \'male\', \'Developer\', \'2001-01-22\', \'122243\', \'1749828791_1a9a5e185d7c69fb4897.png\', \'Active\', \'2\', \'2025-06-13\')')
 2 SYSTEMPATH\Database\BaseConnection.php(652): CodeIgniter\Database\BaseConnection->simpleQuery('INSERT INTO `tbl_library_users` (`username`, `email`, `phone_number`, `gender`, `occupation`, `dob`, `card_tag`, `image`, `status`, `registered_by`, `register_date`) VALUES (\'Muscab Ali jama\', \'mohamed41148.student@simad.edu.so\', \'0617937851\', \'male\', \'Developer\', \'2001-01-22\', \'122243\', \'1749828791_1a9a5e185d7c69fb4897.png\', \'Active\', \'2\', \'2025-06-13\')')
 3 SYSTEMPATH\Database\BaseBuilder.php(2345): CodeIgniter\Database\BaseConnection->query('INSERT INTO `tbl_library_users` (`username`, `email`, `phone_number`, `gender`, `occupation`, `dob`, `card_tag`, `image`, `status`, `registered_by`, `register_date`) VALUES (:username:, :email:, :phone_number:, :gender:, :occupation:, :dob:, :card_tag:, :image:, :status:, :registered_by:, :register_date:)', [...], false)
 4 APPPATH\Models\HomeModel.php(12): CodeIgniter\Database\BaseBuilder->insert([...])
 5 APPPATH\Controllers\Home.php(711): App\Models\HomeModel->store('tbl_library_users', [...])
 6 SYSTEMPATH\CodeIgniter.php(933): App\Controllers\Home->save_lib()
 7 SYSTEMPATH\CodeIgniter.php(507): CodeIgniter\CodeIgniter->runController(Object(App\Controllers\Home))
 8 SYSTEMPATH\CodeIgniter.php(354): CodeIgniter\CodeIgniter->handleRequest(null, Object(Config\Cache), false)
 9 SYSTEMPATH\Boot.php(334): CodeIgniter\CodeIgniter->run()
10 SYSTEMPATH\Boot.php(67): CodeIgniter\Boot::runCodeIgniter(Object(CodeIgniter\CodeIgniter))
11 FCPATH\index.php(56): CodeIgniter\Boot::bootWeb(Object(Config\Paths))
CRITICAL - 2025-06-13 15:33:11 --> [Caused by] mysqli_sql_exception: Cannot add or update a child row: a foreign key constraint fails (`just1`.`tbl_library_users`, CONSTRAINT `tbl_library_users_ibfk_1` FOREIGN KEY (`registered_by`) REFERENCES `users` (`user_id`))
in SYSTEMPATH\Database\MySQLi\Connection.php on line 327.
 1 SYSTEMPATH\Database\MySQLi\Connection.php(327): mysqli->query('INSERT INTO `tbl_library_users` (`username`, `email`, `phone_number`, `gender`, `occupation`, `dob`, `card_tag`, `image`, `status`, `registered_by`, `register_date`) VALUES (\'Muscab Ali jama\', \'mohamed41148.student@simad.edu.so\', \'0617937851\', \'male\', \'Developer\', \'2001-01-22\', \'122243\', \'1749828791_1a9a5e185d7c69fb4897.png\', \'Active\', \'2\', \'2025-06-13\')', 0)
 2 SYSTEMPATH\Database\BaseConnection.php(738): CodeIgniter\Database\MySQLi\Connection->execute('INSERT INTO `tbl_library_users` (`username`, `email`, `phone_number`, `gender`, `occupation`, `dob`, `card_tag`, `image`, `status`, `registered_by`, `register_date`) VALUES (\'Muscab Ali jama\', \'mohamed41148.student@simad.edu.so\', \'0617937851\', \'male\', \'Developer\', \'2001-01-22\', \'122243\', \'1749828791_1a9a5e185d7c69fb4897.png\', \'Active\', \'2\', \'2025-06-13\')')
 3 SYSTEMPATH\Database\BaseConnection.php(652): CodeIgniter\Database\BaseConnection->simpleQuery('INSERT INTO `tbl_library_users` (`username`, `email`, `phone_number`, `gender`, `occupation`, `dob`, `card_tag`, `image`, `status`, `registered_by`, `register_date`) VALUES (\'Muscab Ali jama\', \'mohamed41148.student@simad.edu.so\', \'0617937851\', \'male\', \'Developer\', \'2001-01-22\', \'122243\', \'1749828791_1a9a5e185d7c69fb4897.png\', \'Active\', \'2\', \'2025-06-13\')')
 4 SYSTEMPATH\Database\BaseBuilder.php(2345): CodeIgniter\Database\BaseConnection->query('INSERT INTO `tbl_library_users` (`username`, `email`, `phone_number`, `gender`, `occupation`, `dob`, `card_tag`, `image`, `status`, `registered_by`, `register_date`) VALUES (:username:, :email:, :phone_number:, :gender:, :occupation:, :dob:, :card_tag:, :image:, :status:, :registered_by:, :register_date:)', [...], false)
 5 APPPATH\Models\HomeModel.php(12): CodeIgniter\Database\BaseBuilder->insert([...])
 6 APPPATH\Controllers\Home.php(711): App\Models\HomeModel->store('tbl_library_users', [...])
 7 SYSTEMPATH\CodeIgniter.php(933): App\Controllers\Home->save_lib()
 8 SYSTEMPATH\CodeIgniter.php(507): CodeIgniter\CodeIgniter->runController(Object(App\Controllers\Home))
 9 SYSTEMPATH\CodeIgniter.php(354): CodeIgniter\CodeIgniter->handleRequest(null, Object(Config\Cache), false)
10 SYSTEMPATH\Boot.php(334): CodeIgniter\CodeIgniter->run()
11 SYSTEMPATH\Boot.php(67): CodeIgniter\Boot::runCodeIgniter(Object(CodeIgniter\CodeIgniter))
12 FCPATH\index.php(56): CodeIgniter\Boot::bootWeb(Object(Config\Paths))
DEBUG - 2025-06-13 15:34:08 --> Session: Class initialized using 'CodeIgniter\Session\Handlers\FileHandler' driver.
DEBUG - 2025-06-13 15:34:09 --> Session: Class initialized using 'CodeIgniter\Session\Handlers\FileHandler' driver.
DEBUG - 2025-06-13 15:34:42 --> Session: Class initialized using 'CodeIgniter\Session\Handlers\FileHandler' driver.
ERROR - 2025-06-13 15:34:45 --> Email: Unable to send email using SMTP. Your server might not be configured to send mail using this method.
ERROR - 2025-06-13 15:34:45 --> 220 smtp.gmail.com ESMTP ffacd0b85a97d-3a568a6389esm2649437f8f.27 - gsmtp

hello: 250-smtp.gmail.com at your service, [192.145.170.223]
250-SIZE 35882577
250-8BITMIME
250-STARTTLS
250-ENHANCEDSTATUSCODES
250-PIPELINING
250-CHUNKING
250 SMTPUTF8

starttls: 220 2.0.0 Ready to start TLS

hello: 250-smtp.gmail.com at your service, [192.145.170.223]
250-SIZE 35882577
250-8BITMIME
250-AUTH LOGIN PLAIN XOAUTH2 PLAIN-CLIENTTOKEN OAUTHBEARER XOAUTH
250-ENHANCEDSTATUSCODES
250-PIPELINING
250-CHUNKING
250 SMTPUTF8

Failed to authenticate password. Error: 535-5.7.8 Username and Password not accepted. For more information, go to
535 5.7.8  https://support.google.com/mail/?p=BadCredentials ffacd0b85a97d-3a568a6389esm2649437f8f.27 - gsmtp

DEBUG - 2025-06-13 15:34:45 --> Session: Class initialized using 'CodeIgniter\Session\Handlers\FileHandler' driver.
DEBUG - 2025-06-13 15:35:14 --> Session: Class initialized using 'CodeIgniter\Session\Handlers\FileHandler' driver.
DEBUG - 2025-06-13 15:35:14 --> Session: Class initialized using 'CodeIgniter\Session\Handlers\FileHandler' driver.
DEBUG - 2025-06-13 15:35:45 --> Session: Class initialized using 'CodeIgniter\Session\Handlers\FileHandler' driver.
DEBUG - 2025-06-13 15:35:45 --> Session: Class initialized using 'CodeIgniter\Session\Handlers\FileHandler' driver.
DEBUG - 2025-06-13 15:35:53 --> Session: Class initialized using 'CodeIgniter\Session\Handlers\FileHandler' driver.
DEBUG - 2025-06-13 15:35:54 --> Session: Class initialized using 'CodeIgniter\Session\Handlers\FileHandler' driver.
DEBUG - 2025-06-13 15:40:05 --> Session: Class initialized using 'CodeIgniter\Session\Handlers\FileHandler' driver.
DEBUG - 2025-06-13 15:40:06 --> Session: Class initialized using 'CodeIgniter\Session\Handlers\FileHandler' driver.
DEBUG - 2025-06-13 15:40:48 --> Session: Class initialized using 'CodeIgniter\Session\Handlers\FileHandler' driver.
DEBUG - 2025-06-13 15:40:49 --> Session: Class initialized using 'CodeIgniter\Session\Handlers\FileHandler' driver.
DEBUG - 2025-06-13 15:41:47 --> Session: Class initialized using 'CodeIgniter\Session\Handlers\FileHandler' driver.
DEBUG - 2025-06-13 15:41:48 --> Session: Class initialized using 'CodeIgniter\Session\Handlers\FileHandler' driver.
DEBUG - 2025-06-13 15:41:49 --> Session: Class initialized using 'CodeIgniter\Session\Handlers\FileHandler' driver.
DEBUG - 2025-06-13 15:42:04 --> Session: Class initialized using 'CodeIgniter\Session\Handlers\FileHandler' driver.
DEBUG - 2025-06-13 15:42:04 --> Session: Class initialized using 'CodeIgniter\Session\Handlers\FileHandler' driver.
DEBUG - 2025-06-13 15:42:09 --> Session: Class initialized using 'CodeIgniter\Session\Handlers\FileHandler' driver.
DEBUG - 2025-06-13 15:42:09 --> Session: Class initialized using 'CodeIgniter\Session\Handlers\FileHandler' driver.
DEBUG - 2025-06-13 15:44:20 --> Session: Class initialized using 'CodeIgniter\Session\Handlers\FileHandler' driver.
DEBUG - 2025-06-13 15:44:20 --> Session: Class initialized using 'CodeIgniter\Session\Handlers\FileHandler' driver.
DEBUG - 2025-06-13 15:44:36 --> Session: Class initialized using 'CodeIgniter\Session\Handlers\FileHandler' driver.
DEBUG - 2025-06-13 15:45:09 --> Session: Class initialized using 'CodeIgniter\Session\Handlers\FileHandler' driver.
DEBUG - 2025-06-13 15:45:17 --> Session: Class initialized using 'CodeIgniter\Session\Handlers\FileHandler' driver.
DEBUG - 2025-06-13 15:45:17 --> Session: Class initialized using 'CodeIgniter\Session\Handlers\FileHandler' driver.
DEBUG - 2025-06-13 15:45:19 --> Session: Class initialized using 'CodeIgniter\Session\Handlers\FileHandler' driver.
DEBUG - 2025-06-13 15:45:20 --> Session: Class initialized using 'CodeIgniter\Session\Handlers\FileHandler' driver.
DEBUG - 2025-06-13 15:45:21 --> Session: Class initialized using 'CodeIgniter\Session\Handlers\FileHandler' driver.
DEBUG - 2025-06-13 15:45:21 --> Session: Class initialized using 'CodeIgniter\Session\Handlers\FileHandler' driver.
DEBUG - 2025-06-13 15:45:51 --> Session: Class initialized using 'CodeIgniter\Session\Handlers\FileHandler' driver.
DEBUG - 2025-06-13 15:47:54 --> Session: Class initialized using 'CodeIgniter\Session\Handlers\FileHandler' driver.
DEBUG - 2025-06-13 15:51:12 --> Session: Class initialized using 'CodeIgniter\Session\Handlers\FileHandler' driver.
DEBUG - 2025-06-13 15:51:14 --> Session: Class initialized using 'CodeIgniter\Session\Handlers\FileHandler' driver.
DEBUG - 2025-06-13 15:51:15 --> Session: Class initialized using 'CodeIgniter\Session\Handlers\FileHandler' driver.
DEBUG - 2025-06-13 15:51:16 --> Session: Class initialized using 'CodeIgniter\Session\Handlers\FileHandler' driver.
DEBUG - 2025-06-13 15:51:33 --> Session: Class initialized using 'CodeIgniter\Session\Handlers\FileHandler' driver.
DEBUG - 2025-06-13 15:51:34 --> Session: Class initialized using 'CodeIgniter\Session\Handlers\FileHandler' driver.
DEBUG - 2025-06-13 15:51:39 --> Session: Class initialized using 'CodeIgniter\Session\Handlers\FileHandler' driver.
DEBUG - 2025-06-13 15:51:40 --> Session: Class initialized using 'CodeIgniter\Session\Handlers\FileHandler' driver.
DEBUG - 2025-06-13 15:51:52 --> Session: Class initialized using 'CodeIgniter\Session\Handlers\FileHandler' driver.
DEBUG - 2025-06-13 15:51:52 --> Session: Class initialized using 'CodeIgniter\Session\Handlers\FileHandler' driver.
DEBUG - 2025-06-13 15:57:27 --> Session: Class initialized using 'CodeIgniter\Session\Handlers\FileHandler' driver.
DEBUG - 2025-06-13 15:57:27 --> Session: Class initialized using 'CodeIgniter\Session\Handlers\FileHandler' driver.
DEBUG - 2025-06-13 15:58:03 --> Session: Class initialized using 'CodeIgniter\Session\Handlers\FileHandler' driver.
DEBUG - 2025-06-13 15:58:04 --> Session: Class initialized using 'CodeIgniter\Session\Handlers\FileHandler' driver.
DEBUG - 2025-06-13 16:00:50 --> Session: Class initialized using 'CodeIgniter\Session\Handlers\FileHandler' driver.
DEBUG - 2025-06-13 16:00:50 --> Session: Class initialized using 'CodeIgniter\Session\Handlers\FileHandler' driver.
DEBUG - 2025-06-13 16:02:45 --> Session: Class initialized using 'CodeIgniter\Session\Handlers\FileHandler' driver.
DEBUG - 2025-06-13 16:02:45 --> Session: Class initialized using 'CodeIgniter\Session\Handlers\FileHandler' driver.
DEBUG - 2025-06-13 16:03:07 --> Session: Class initialized using 'CodeIgniter\Session\Handlers\FileHandler' driver.
DEBUG - 2025-06-13 16:03:07 --> Session: Class initialized using 'CodeIgniter\Session\Handlers\FileHandler' driver.
DEBUG - 2025-06-13 16:03:19 --> Session: Class initialized using 'CodeIgniter\Session\Handlers\FileHandler' driver.
DEBUG - 2025-06-13 16:03:20 --> Session: Class initialized using 'CodeIgniter\Session\Handlers\FileHandler' driver.
DEBUG - 2025-06-13 16:05:24 --> Session: Class initialized using 'CodeIgniter\Session\Handlers\FileHandler' driver.
DEBUG - 2025-06-13 16:05:24 --> Session: Class initialized using 'CodeIgniter\Session\Handlers\FileHandler' driver.
DEBUG - 2025-06-13 16:05:43 --> Session: Class initialized using 'CodeIgniter\Session\Handlers\FileHandler' driver.
DEBUG - 2025-06-13 16:05:44 --> Session: Class initialized using 'CodeIgniter\Session\Handlers\FileHandler' driver.
DEBUG - 2025-06-13 16:05:46 --> Session: Class initialized using 'CodeIgniter\Session\Handlers\FileHandler' driver.
DEBUG - 2025-06-13 16:05:46 --> Session: Class initialized using 'CodeIgniter\Session\Handlers\FileHandler' driver.
DEBUG - 2025-06-13 16:05:58 --> Session: Class initialized using 'CodeIgniter\Session\Handlers\FileHandler' driver.
DEBUG - 2025-06-13 16:05:58 --> Session: Class initialized using 'CodeIgniter\Session\Handlers\FileHandler' driver.
DEBUG - 2025-06-13 16:06:00 --> Session: Class initialized using 'CodeIgniter\Session\Handlers\FileHandler' driver.
DEBUG - 2025-06-13 16:06:01 --> Session: Class initialized using 'CodeIgniter\Session\Handlers\FileHandler' driver.
DEBUG - 2025-06-13 16:06:15 --> Session: Class initialized using 'CodeIgniter\Session\Handlers\FileHandler' driver.
DEBUG - 2025-06-13 16:07:03 --> Session: Class initialized using 'CodeIgniter\Session\Handlers\FileHandler' driver.
DEBUG - 2025-06-13 16:07:34 --> Session: Class initialized using 'CodeIgniter\Session\Handlers\FileHandler' driver.
DEBUG - 2025-06-13 16:07:41 --> Session: Class initialized using 'CodeIgniter\Session\Handlers\FileHandler' driver.
DEBUG - 2025-06-13 16:07:49 --> Session: Class initialized using 'CodeIgniter\Session\Handlers\FileHandler' driver.
DEBUG - 2025-06-13 16:07:49 --> Session: Class initialized using 'CodeIgniter\Session\Handlers\FileHandler' driver.
DEBUG - 2025-06-13 17:59:19 --> Session: Class initialized using 'CodeIgniter\Session\Handlers\FileHandler' driver.
DEBUG - 2025-06-13 17:59:20 --> Session: Class initialized using 'CodeIgniter\Session\Handlers\FileHandler' driver.
DEBUG - 2025-06-13 17:59:21 --> Session: Class initialized using 'CodeIgniter\Session\Handlers\FileHandler' driver.
DEBUG - 2025-06-13 17:59:22 --> Session: Class initialized using 'CodeIgniter\Session\Handlers\FileHandler' driver.
DEBUG - 2025-06-13 18:00:47 --> Session: Class initialized using 'CodeIgniter\Session\Handlers\FileHandler' driver.
DEBUG - 2025-06-13 18:00:47 --> Session: Class initialized using 'CodeIgniter\Session\Handlers\FileHandler' driver.
DEBUG - 2025-06-13 18:00:58 --> Session: Class initialized using 'CodeIgniter\Session\Handlers\FileHandler' driver.
DEBUG - 2025-06-13 18:00:58 --> Session: Class initialized using 'CodeIgniter\Session\Handlers\FileHandler' driver.
DEBUG - 2025-06-13 18:01:09 --> Session: Class initialized using 'CodeIgniter\Session\Handlers\FileHandler' driver.
DEBUG - 2025-06-13 18:01:09 --> Session: Class initialized using 'CodeIgniter\Session\Handlers\FileHandler' driver.
DEBUG - 2025-06-13 18:09:52 --> Session: Class initialized using 'CodeIgniter\Session\Handlers\FileHandler' driver.
DEBUG - 2025-06-13 18:11:50 --> Session: Class initialized using 'CodeIgniter\Session\Handlers\FileHandler' driver.
DEBUG - 2025-06-13 18:11:53 --> Session: Class initialized using 'CodeIgniter\Session\Handlers\FileHandler' driver.
DEBUG - 2025-06-13 18:20:41 --> Session: Class initialized using 'CodeIgniter\Session\Handlers\FileHandler' driver.
DEBUG - 2025-06-13 18:21:11 --> Session: Class initialized using 'CodeIgniter\Session\Handlers\FileHandler' driver.
DEBUG - 2025-06-13 18:21:12 --> Session: Class initialized using 'CodeIgniter\Session\Handlers\FileHandler' driver.
DEBUG - 2025-06-13 18:31:09 --> Session: Class initialized using 'CodeIgniter\Session\Handlers\FileHandler' driver.
DEBUG - 2025-06-13 18:31:10 --> Session: Class initialized using 'CodeIgniter\Session\Handlers\FileHandler' driver.
DEBUG - 2025-06-13 18:31:22 --> Session: Class initialized using 'CodeIgniter\Session\Handlers\FileHandler' driver.
ERROR - 2025-06-13 18:31:22 --> mysqli_sql_exception: Unknown column 'staff_id' in 'field list' in C:\xampp\htdocs\lib\system\Database\MySQLi\Connection.php:327
Stack trace:
#0 C:\xampp\htdocs\lib\system\Database\MySQLi\Connection.php(327): mysqli->query('INSERT INTO `lo...', 0)
#1 C:\xampp\htdocs\lib\system\Database\BaseConnection.php(738): CodeIgniter\Database\MySQLi\Connection->execute('INSERT INTO `lo...')
#2 C:\xampp\htdocs\lib\system\Database\BaseConnection.php(652): CodeIgniter\Database\BaseConnection->simpleQuery('INSERT INTO `lo...')
#3 C:\xampp\htdocs\lib\system\Database\BaseBuilder.php(2345): CodeIgniter\Database\BaseConnection->query('INSERT INTO `lo...', Array, false)
#4 C:\xampp\htdocs\lib\app\Models\HomeModel.php(12): CodeIgniter\Database\BaseBuilder->insert(Array)
#5 C:\xampp\htdocs\lib\app\Controllers\Auth.php(40): App\Models\HomeModel->store('login_logs', Array)
#6 C:\xampp\htdocs\lib\system\CodeIgniter.php(933): App\Controllers\Auth->login()
#7 C:\xampp\htdocs\lib\system\CodeIgniter.php(507): CodeIgniter\CodeIgniter->runController(Object(App\Controllers\Auth))
#8 C:\xampp\htdocs\lib\system\CodeIgniter.php(354): CodeIgniter\CodeIgniter->handleRequest(NULL, Object(Config\Cache), false)
#9 C:\xampp\htdocs\lib\system\Boot.php(334): CodeIgniter\CodeIgniter->run()
#10 C:\xampp\htdocs\lib\system\Boot.php(67): CodeIgniter\Boot::runCodeIgniter(Object(CodeIgniter\CodeIgniter))
#11 C:\xampp\htdocs\lib\index.php(56): CodeIgniter\Boot::bootWeb(Object(Config\Paths))
#12 {main}
CRITICAL - 2025-06-13 18:31:22 --> CodeIgniter\Database\Exceptions\DatabaseException: Unknown column 'staff_id' in 'field list'
[Method: POST, Route: auth/login]
in SYSTEMPATH\Database\BaseConnection.php on line 692.
 1 SYSTEMPATH\Database\BaseBuilder.php(2345): CodeIgniter\Database\BaseConnection->query('INSERT INTO `login_logs` (`staff_id`, `ip_address`, `user_agent`, `login_time`) VALUES (:staff_id:, :ip_address:, :user_agent:, :login_time:)', [...], false)
 2 APPPATH\Models\HomeModel.php(12): CodeIgniter\Database\BaseBuilder->insert([...])
 3 APPPATH\Controllers\Auth.php(40): App\Models\HomeModel->store('login_logs', [...])
 4 SYSTEMPATH\CodeIgniter.php(933): App\Controllers\Auth->login()
 5 SYSTEMPATH\CodeIgniter.php(507): CodeIgniter\CodeIgniter->runController(Object(App\Controllers\Auth))
 6 SYSTEMPATH\CodeIgniter.php(354): CodeIgniter\CodeIgniter->handleRequest(null, Object(Config\Cache), false)
 7 SYSTEMPATH\Boot.php(334): CodeIgniter\CodeIgniter->run()
 8 SYSTEMPATH\Boot.php(67): CodeIgniter\Boot::runCodeIgniter(Object(CodeIgniter\CodeIgniter))
 9 FCPATH\index.php(56): CodeIgniter\Boot::bootWeb(Object(Config\Paths))
CRITICAL - 2025-06-13 18:31:22 --> [Caused by] CodeIgniter\Database\Exceptions\DatabaseException: Unknown column 'staff_id' in 'field list'
in SYSTEMPATH\Database\MySQLi\Connection.php on line 332.
 1 SYSTEMPATH\Database\BaseConnection.php(738): CodeIgniter\Database\MySQLi\Connection->execute('INSERT INTO `login_logs` (`staff_id`, `ip_address`, `user_agent`, `login_time`) VALUES (\'2\', \'127.0.0.1\', \'Mozilla/5.0 (Windows NT 10.0; Win64; x64; rv:139.0) Gecko/20100101 Firefox/139.0\', \'2025-06-13 18:31:22\')')
 2 SYSTEMPATH\Database\BaseConnection.php(652): CodeIgniter\Database\BaseConnection->simpleQuery('INSERT INTO `login_logs` (`staff_id`, `ip_address`, `user_agent`, `login_time`) VALUES (\'2\', \'127.0.0.1\', \'Mozilla/5.0 (Windows NT 10.0; Win64; x64; rv:139.0) Gecko/20100101 Firefox/139.0\', \'2025-06-13 18:31:22\')')
 3 SYSTEMPATH\Database\BaseBuilder.php(2345): CodeIgniter\Database\BaseConnection->query('INSERT INTO `login_logs` (`staff_id`, `ip_address`, `user_agent`, `login_time`) VALUES (:staff_id:, :ip_address:, :user_agent:, :login_time:)', [...], false)
 4 APPPATH\Models\HomeModel.php(12): CodeIgniter\Database\BaseBuilder->insert([...])
 5 APPPATH\Controllers\Auth.php(40): App\Models\HomeModel->store('login_logs', [...])
 6 SYSTEMPATH\CodeIgniter.php(933): App\Controllers\Auth->login()
 7 SYSTEMPATH\CodeIgniter.php(507): CodeIgniter\CodeIgniter->runController(Object(App\Controllers\Auth))
 8 SYSTEMPATH\CodeIgniter.php(354): CodeIgniter\CodeIgniter->handleRequest(null, Object(Config\Cache), false)
 9 SYSTEMPATH\Boot.php(334): CodeIgniter\CodeIgniter->run()
10 SYSTEMPATH\Boot.php(67): CodeIgniter\Boot::runCodeIgniter(Object(CodeIgniter\CodeIgniter))
11 FCPATH\index.php(56): CodeIgniter\Boot::bootWeb(Object(Config\Paths))
CRITICAL - 2025-06-13 18:31:22 --> [Caused by] mysqli_sql_exception: Unknown column 'staff_id' in 'field list'
in SYSTEMPATH\Database\MySQLi\Connection.php on line 327.
 1 SYSTEMPATH\Database\MySQLi\Connection.php(327): mysqli->query('INSERT INTO `login_logs` (`staff_id`, `ip_address`, `user_agent`, `login_time`) VALUES (\'2\', \'127.0.0.1\', \'Mozilla/5.0 (Windows NT 10.0; Win64; x64; rv:139.0) Gecko/20100101 Firefox/139.0\', \'2025-06-13 18:31:22\')', 0)
 2 SYSTEMPATH\Database\BaseConnection.php(738): CodeIgniter\Database\MySQLi\Connection->execute('INSERT INTO `login_logs` (`staff_id`, `ip_address`, `user_agent`, `login_time`) VALUES (\'2\', \'127.0.0.1\', \'Mozilla/5.0 (Windows NT 10.0; Win64; x64; rv:139.0) Gecko/20100101 Firefox/139.0\', \'2025-06-13 18:31:22\')')
 3 SYSTEMPATH\Database\BaseConnection.php(652): CodeIgniter\Database\BaseConnection->simpleQuery('INSERT INTO `login_logs` (`staff_id`, `ip_address`, `user_agent`, `login_time`) VALUES (\'2\', \'127.0.0.1\', \'Mozilla/5.0 (Windows NT 10.0; Win64; x64; rv:139.0) Gecko/20100101 Firefox/139.0\', \'2025-06-13 18:31:22\')')
 4 SYSTEMPATH\Database\BaseBuilder.php(2345): CodeIgniter\Database\BaseConnection->query('INSERT INTO `login_logs` (`staff_id`, `ip_address`, `user_agent`, `login_time`) VALUES (:staff_id:, :ip_address:, :user_agent:, :login_time:)', [...], false)
 5 APPPATH\Models\HomeModel.php(12): CodeIgniter\Database\BaseBuilder->insert([...])
 6 APPPATH\Controllers\Auth.php(40): App\Models\HomeModel->store('login_logs', [...])
 7 SYSTEMPATH\CodeIgniter.php(933): App\Controllers\Auth->login()
 8 SYSTEMPATH\CodeIgniter.php(507): CodeIgniter\CodeIgniter->runController(Object(App\Controllers\Auth))
 9 SYSTEMPATH\CodeIgniter.php(354): CodeIgniter\CodeIgniter->handleRequest(null, Object(Config\Cache), false)
10 SYSTEMPATH\Boot.php(334): CodeIgniter\CodeIgniter->run()
11 SYSTEMPATH\Boot.php(67): CodeIgniter\Boot::runCodeIgniter(Object(CodeIgniter\CodeIgniter))
12 FCPATH\index.php(56): CodeIgniter\Boot::bootWeb(Object(Config\Paths))
DEBUG - 2025-06-13 18:31:30 --> Session: Class initialized using 'CodeIgniter\Session\Handlers\FileHandler' driver.
ERROR - 2025-06-13 18:31:30 --> mysqli_sql_exception: Unknown column 'staff_id' in 'field list' in C:\xampp\htdocs\lib\system\Database\MySQLi\Connection.php:327
Stack trace:
#0 C:\xampp\htdocs\lib\system\Database\MySQLi\Connection.php(327): mysqli->query('INSERT INTO `lo...', 0)
#1 C:\xampp\htdocs\lib\system\Database\BaseConnection.php(738): CodeIgniter\Database\MySQLi\Connection->execute('INSERT INTO `lo...')
#2 C:\xampp\htdocs\lib\system\Database\BaseConnection.php(652): CodeIgniter\Database\BaseConnection->simpleQuery('INSERT INTO `lo...')
#3 C:\xampp\htdocs\lib\system\Database\BaseBuilder.php(2345): CodeIgniter\Database\BaseConnection->query('INSERT INTO `lo...', Array, false)
#4 C:\xampp\htdocs\lib\app\Models\HomeModel.php(12): CodeIgniter\Database\BaseBuilder->insert(Array)
#5 C:\xampp\htdocs\lib\app\Controllers\Auth.php(40): App\Models\HomeModel->store('login_logs', Array)
#6 C:\xampp\htdocs\lib\system\CodeIgniter.php(933): App\Controllers\Auth->login()
#7 C:\xampp\htdocs\lib\system\CodeIgniter.php(507): CodeIgniter\CodeIgniter->runController(Object(App\Controllers\Auth))
#8 C:\xampp\htdocs\lib\system\CodeIgniter.php(354): CodeIgniter\CodeIgniter->handleRequest(NULL, Object(Config\Cache), false)
#9 C:\xampp\htdocs\lib\system\Boot.php(334): CodeIgniter\CodeIgniter->run()
#10 C:\xampp\htdocs\lib\system\Boot.php(67): CodeIgniter\Boot::runCodeIgniter(Object(CodeIgniter\CodeIgniter))
#11 C:\xampp\htdocs\lib\index.php(56): CodeIgniter\Boot::bootWeb(Object(Config\Paths))
#12 {main}
CRITICAL - 2025-06-13 18:31:30 --> CodeIgniter\Database\Exceptions\DatabaseException: Unknown column 'staff_id' in 'field list'
[Method: POST, Route: auth/login]
in SYSTEMPATH\Database\BaseConnection.php on line 692.
 1 SYSTEMPATH\Database\BaseBuilder.php(2345): CodeIgniter\Database\BaseConnection->query('INSERT INTO `login_logs` (`staff_id`, `ip_address`, `user_agent`, `login_time`) VALUES (:staff_id:, :ip_address:, :user_agent:, :login_time:)', [...], false)
 2 APPPATH\Models\HomeModel.php(12): CodeIgniter\Database\BaseBuilder->insert([...])
 3 APPPATH\Controllers\Auth.php(40): App\Models\HomeModel->store('login_logs', [...])
 4 SYSTEMPATH\CodeIgniter.php(933): App\Controllers\Auth->login()
 5 SYSTEMPATH\CodeIgniter.php(507): CodeIgniter\CodeIgniter->runController(Object(App\Controllers\Auth))
 6 SYSTEMPATH\CodeIgniter.php(354): CodeIgniter\CodeIgniter->handleRequest(null, Object(Config\Cache), false)
 7 SYSTEMPATH\Boot.php(334): CodeIgniter\CodeIgniter->run()
 8 SYSTEMPATH\Boot.php(67): CodeIgniter\Boot::runCodeIgniter(Object(CodeIgniter\CodeIgniter))
 9 FCPATH\index.php(56): CodeIgniter\Boot::bootWeb(Object(Config\Paths))
CRITICAL - 2025-06-13 18:31:30 --> [Caused by] CodeIgniter\Database\Exceptions\DatabaseException: Unknown column 'staff_id' in 'field list'
in SYSTEMPATH\Database\MySQLi\Connection.php on line 332.
 1 SYSTEMPATH\Database\BaseConnection.php(738): CodeIgniter\Database\MySQLi\Connection->execute('INSERT INTO `login_logs` (`staff_id`, `ip_address`, `user_agent`, `login_time`) VALUES (\'2\', \'127.0.0.1\', \'Mozilla/5.0 (Windows NT 10.0; Win64; x64; rv:139.0) Gecko/20100101 Firefox/139.0\', \'2025-06-13 18:31:30\')')
 2 SYSTEMPATH\Database\BaseConnection.php(652): CodeIgniter\Database\BaseConnection->simpleQuery('INSERT INTO `login_logs` (`staff_id`, `ip_address`, `user_agent`, `login_time`) VALUES (\'2\', \'127.0.0.1\', \'Mozilla/5.0 (Windows NT 10.0; Win64; x64; rv:139.0) Gecko/20100101 Firefox/139.0\', \'2025-06-13 18:31:30\')')
 3 SYSTEMPATH\Database\BaseBuilder.php(2345): CodeIgniter\Database\BaseConnection->query('INSERT INTO `login_logs` (`staff_id`, `ip_address`, `user_agent`, `login_time`) VALUES (:staff_id:, :ip_address:, :user_agent:, :login_time:)', [...], false)
 4 APPPATH\Models\HomeModel.php(12): CodeIgniter\Database\BaseBuilder->insert([...])
 5 APPPATH\Controllers\Auth.php(40): App\Models\HomeModel->store('login_logs', [...])
 6 SYSTEMPATH\CodeIgniter.php(933): App\Controllers\Auth->login()
 7 SYSTEMPATH\CodeIgniter.php(507): CodeIgniter\CodeIgniter->runController(Object(App\Controllers\Auth))
 8 SYSTEMPATH\CodeIgniter.php(354): CodeIgniter\CodeIgniter->handleRequest(null, Object(Config\Cache), false)
 9 SYSTEMPATH\Boot.php(334): CodeIgniter\CodeIgniter->run()
10 SYSTEMPATH\Boot.php(67): CodeIgniter\Boot::runCodeIgniter(Object(CodeIgniter\CodeIgniter))
11 FCPATH\index.php(56): CodeIgniter\Boot::bootWeb(Object(Config\Paths))
CRITICAL - 2025-06-13 18:31:30 --> [Caused by] mysqli_sql_exception: Unknown column 'staff_id' in 'field list'
in SYSTEMPATH\Database\MySQLi\Connection.php on line 327.
 1 SYSTEMPATH\Database\MySQLi\Connection.php(327): mysqli->query('INSERT INTO `login_logs` (`staff_id`, `ip_address`, `user_agent`, `login_time`) VALUES (\'2\', \'127.0.0.1\', \'Mozilla/5.0 (Windows NT 10.0; Win64; x64; rv:139.0) Gecko/20100101 Firefox/139.0\', \'2025-06-13 18:31:30\')', 0)
 2 SYSTEMPATH\Database\BaseConnection.php(738): CodeIgniter\Database\MySQLi\Connection->execute('INSERT INTO `login_logs` (`staff_id`, `ip_address`, `user_agent`, `login_time`) VALUES (\'2\', \'127.0.0.1\', \'Mozilla/5.0 (Windows NT 10.0; Win64; x64; rv:139.0) Gecko/20100101 Firefox/139.0\', \'2025-06-13 18:31:30\')')
 3 SYSTEMPATH\Database\BaseConnection.php(652): CodeIgniter\Database\BaseConnection->simpleQuery('INSERT INTO `login_logs` (`staff_id`, `ip_address`, `user_agent`, `login_time`) VALUES (\'2\', \'127.0.0.1\', \'Mozilla/5.0 (Windows NT 10.0; Win64; x64; rv:139.0) Gecko/20100101 Firefox/139.0\', \'2025-06-13 18:31:30\')')
 4 SYSTEMPATH\Database\BaseBuilder.php(2345): CodeIgniter\Database\BaseConnection->query('INSERT INTO `login_logs` (`staff_id`, `ip_address`, `user_agent`, `login_time`) VALUES (:staff_id:, :ip_address:, :user_agent:, :login_time:)', [...], false)
 5 APPPATH\Models\HomeModel.php(12): CodeIgniter\Database\BaseBuilder->insert([...])
 6 APPPATH\Controllers\Auth.php(40): App\Models\HomeModel->store('login_logs', [...])
 7 SYSTEMPATH\CodeIgniter.php(933): App\Controllers\Auth->login()
 8 SYSTEMPATH\CodeIgniter.php(507): CodeIgniter\CodeIgniter->runController(Object(App\Controllers\Auth))
 9 SYSTEMPATH\CodeIgniter.php(354): CodeIgniter\CodeIgniter->handleRequest(null, Object(Config\Cache), false)
10 SYSTEMPATH\Boot.php(334): CodeIgniter\CodeIgniter->run()
11 SYSTEMPATH\Boot.php(67): CodeIgniter\Boot::runCodeIgniter(Object(CodeIgniter\CodeIgniter))
12 FCPATH\index.php(56): CodeIgniter\Boot::bootWeb(Object(Config\Paths))
DEBUG - 2025-06-13 18:32:50 --> Session: Class initialized using 'CodeIgniter\Session\Handlers\FileHandler' driver.
DEBUG - 2025-06-13 18:32:50 --> Session: Class initialized using 'CodeIgniter\Session\Handlers\FileHandler' driver.
DEBUG - 2025-06-13 18:41:05 --> Session: Class initialized using 'CodeIgniter\Session\Handlers\FileHandler' driver.
DEBUG - 2025-06-13 18:44:00 --> Session: Class initialized using 'CodeIgniter\Session\Handlers\FileHandler' driver.
DEBUG - 2025-06-13 18:48:30 --> Session: Class initialized using 'CodeIgniter\Session\Handlers\FileHandler' driver.
DEBUG - 2025-06-13 18:48:30 --> Session: Class initialized using 'CodeIgniter\Session\Handlers\FileHandler' driver.
DEBUG - 2025-06-13 18:51:01 --> Session: Class initialized using 'CodeIgniter\Session\Handlers\FileHandler' driver.
DEBUG - 2025-06-13 18:51:17 --> Session: Class initialized using 'CodeIgniter\Session\Handlers\FileHandler' driver.
DEBUG - 2025-06-13 18:51:17 --> Session: Class initialized using 'CodeIgniter\Session\Handlers\FileHandler' driver.
DEBUG - 2025-06-13 18:55:06 --> Session: Class initialized using 'CodeIgniter\Session\Handlers\FileHandler' driver.
DEBUG - 2025-06-13 18:55:45 --> Session: Class initialized using 'CodeIgniter\Session\Handlers\FileHandler' driver.
DEBUG - 2025-06-13 18:55:45 --> Session: Class initialized using 'CodeIgniter\Session\Handlers\FileHandler' driver.
DEBUG - 2025-06-13 18:55:53 --> Session: Class initialized using 'CodeIgniter\Session\Handlers\FileHandler' driver.
DEBUG - 2025-06-13 18:58:54 --> Session: Class initialized using 'CodeIgniter\Session\Handlers\FileHandler' driver.
DEBUG - 2025-06-13 18:58:54 --> Session: Class initialized using 'CodeIgniter\Session\Handlers\FileHandler' driver.
DEBUG - 2025-06-13 18:58:59 --> Session: Class initialized using 'CodeIgniter\Session\Handlers\FileHandler' driver.
