DEBUG - 2025-06-25 04:39:23 --> Session: Class initialized using 'CodeIgniter\Session\Handlers\FileHandler' driver.
DEBUG - 2025-06-25 04:39:23 --> Session: Class initialized using 'CodeIgniter\Session\Handlers\FileHandler' driver.
DEBUG - 2025-06-25 04:39:34 --> Session: Class initialized using 'CodeIgniter\Session\Handlers\FileHandler' driver.
DEBUG - 2025-06-25 04:39:34 --> Session: Class initialized using 'CodeIgniter\Session\Handlers\FileHandler' driver.
DEBUG - 2025-06-25 04:39:55 --> Session: Class initialized using 'CodeIgniter\Session\Handlers\FileHandler' driver.
DEBUG - 2025-06-25 04:39:55 --> Session: Class initialized using 'CodeIgniter\Session\Handlers\FileHandler' driver.
DEBUG - 2025-06-25 04:40:02 --> Session: Class initialized using 'CodeIgniter\Session\Handlers\FileHandler' driver.
DEBUG - 2025-06-25 04:40:02 --> Session: Class initialized using 'CodeIgniter\Session\Handlers\FileHandler' driver.
DEBUG - 2025-06-25 04:40:09 --> Session: Class initialized using 'CodeIgniter\Session\Handlers\FileHandler' driver.
DEBUG - 2025-06-25 04:40:10 --> Session: Class initialized using 'CodeIgniter\Session\Handlers\FileHandler' driver.
DEBUG - 2025-06-25 04:40:18 --> Session: Class initialized using 'CodeIgniter\Session\Handlers\FileHandler' driver.
DEBUG - 2025-06-25 04:41:44 --> Session: Class initialized using 'CodeIgniter\Session\Handlers\FileHandler' driver.
ERROR - 2025-06-25 04:41:44 --> mysqli_sql_exception: Table 'quiz.quiz_choices' doesn't exist in C:\xampp\htdocs\lib\system\Database\MySQLi\Connection.php:327
Stack trace:
#0 C:\xampp\htdocs\lib\system\Database\MySQLi\Connection.php(327): mysqli->query('INSERT INTO `qu...', 0)
#1 C:\xampp\htdocs\lib\system\Database\BaseConnection.php(738): CodeIgniter\Database\MySQLi\Connection->execute('INSERT INTO `qu...')
#2 C:\xampp\htdocs\lib\system\Database\BaseConnection.php(652): CodeIgniter\Database\BaseConnection->simpleQuery('INSERT INTO `qu...')
#3 C:\xampp\htdocs\lib\system\Database\BaseBuilder.php(2345): CodeIgniter\Database\BaseConnection->query('INSERT INTO `qu...', Array, false)
#4 C:\xampp\htdocs\lib\app\Models\QuizModel.php(11): CodeIgniter\Database\BaseBuilder->insert(Array)
#5 C:\xampp\htdocs\lib\app\Controllers\quizcontroller.php(360): App\Models\QuizModel->store('quiz_choices', Array)
#6 C:\xampp\htdocs\lib\system\CodeIgniter.php(933): App\Controllers\quizcontroller->save_questions()
#7 C:\xampp\htdocs\lib\system\CodeIgniter.php(507): CodeIgniter\CodeIgniter->runController(Object(App\Controllers\quizcontroller))
#8 C:\xampp\htdocs\lib\system\CodeIgniter.php(354): CodeIgniter\CodeIgniter->handleRequest(NULL, Object(Config\Cache), false)
#9 C:\xampp\htdocs\lib\system\Boot.php(334): CodeIgniter\CodeIgniter->run()
#10 C:\xampp\htdocs\lib\system\Boot.php(67): CodeIgniter\Boot::runCodeIgniter(Object(CodeIgniter\CodeIgniter))
#11 C:\xampp\htdocs\lib\index.php(56): CodeIgniter\Boot::bootWeb(Object(Config\Paths))
#12 {main}
CRITICAL - 2025-06-25 04:41:44 --> CodeIgniter\Database\Exceptions\DatabaseException: Table 'quiz.quiz_choices' doesn't exist
[Method: POST, Route: save_questions]
in SYSTEMPATH\Database\BaseConnection.php on line 692.
 1 SYSTEMPATH\Database\BaseBuilder.php(2345): CodeIgniter\Database\BaseConnection->query('INSERT INTO `quiz_choices` (`question_id`, `choice_text`, `is_correct`) VALUES (:question_id:, :choice_text:, :is_correct:)', [...], false)
 2 APPPATH\Models\QuizModel.php(11): CodeIgniter\Database\BaseBuilder->insert([...])
 3 APPPATH\Controllers\quizcontroller.php(360): App\Models\QuizModel->store('quiz_choices', [...])
 4 SYSTEMPATH\CodeIgniter.php(933): App\Controllers\quizcontroller->save_questions()
 5 SYSTEMPATH\CodeIgniter.php(507): CodeIgniter\CodeIgniter->runController(Object(App\Controllers\quizcontroller))
 6 SYSTEMPATH\CodeIgniter.php(354): CodeIgniter\CodeIgniter->handleRequest(null, Object(Config\Cache), false)
 7 SYSTEMPATH\Boot.php(334): CodeIgniter\CodeIgniter->run()
 8 SYSTEMPATH\Boot.php(67): CodeIgniter\Boot::runCodeIgniter(Object(CodeIgniter\CodeIgniter))
 9 FCPATH\index.php(56): CodeIgniter\Boot::bootWeb(Object(Config\Paths))
CRITICAL - 2025-06-25 04:41:44 --> [Caused by] CodeIgniter\Database\Exceptions\DatabaseException: Table 'quiz.quiz_choices' doesn't exist
in SYSTEMPATH\Database\MySQLi\Connection.php on line 332.
 1 SYSTEMPATH\Database\BaseConnection.php(738): CodeIgniter\Database\MySQLi\Connection->execute('INSERT INTO `quiz_choices` (`question_id`, `choice_text`, `is_correct`) VALUES (1, \'asa\', 1)')
 2 SYSTEMPATH\Database\BaseConnection.php(652): CodeIgniter\Database\BaseConnection->simpleQuery('INSERT INTO `quiz_choices` (`question_id`, `choice_text`, `is_correct`) VALUES (1, \'asa\', 1)')
 3 SYSTEMPATH\Database\BaseBuilder.php(2345): CodeIgniter\Database\BaseConnection->query('INSERT INTO `quiz_choices` (`question_id`, `choice_text`, `is_correct`) VALUES (:question_id:, :choice_text:, :is_correct:)', [...], false)
 4 APPPATH\Models\QuizModel.php(11): CodeIgniter\Database\BaseBuilder->insert([...])
 5 APPPATH\Controllers\quizcontroller.php(360): App\Models\QuizModel->store('quiz_choices', [...])
 6 SYSTEMPATH\CodeIgniter.php(933): App\Controllers\quizcontroller->save_questions()
 7 SYSTEMPATH\CodeIgniter.php(507): CodeIgniter\CodeIgniter->runController(Object(App\Controllers\quizcontroller))
 8 SYSTEMPATH\CodeIgniter.php(354): CodeIgniter\CodeIgniter->handleRequest(null, Object(Config\Cache), false)
 9 SYSTEMPATH\Boot.php(334): CodeIgniter\CodeIgniter->run()
10 SYSTEMPATH\Boot.php(67): CodeIgniter\Boot::runCodeIgniter(Object(CodeIgniter\CodeIgniter))
11 FCPATH\index.php(56): CodeIgniter\Boot::bootWeb(Object(Config\Paths))
CRITICAL - 2025-06-25 04:41:44 --> [Caused by] mysqli_sql_exception: Table 'quiz.quiz_choices' doesn't exist
in SYSTEMPATH\Database\MySQLi\Connection.php on line 327.
 1 SYSTEMPATH\Database\MySQLi\Connection.php(327): mysqli->query('INSERT INTO `quiz_choices` (`question_id`, `choice_text`, `is_correct`) VALUES (1, \'asa\', 1)', 0)
 2 SYSTEMPATH\Database\BaseConnection.php(738): CodeIgniter\Database\MySQLi\Connection->execute('INSERT INTO `quiz_choices` (`question_id`, `choice_text`, `is_correct`) VALUES (1, \'asa\', 1)')
 3 SYSTEMPATH\Database\BaseConnection.php(652): CodeIgniter\Database\BaseConnection->simpleQuery('INSERT INTO `quiz_choices` (`question_id`, `choice_text`, `is_correct`) VALUES (1, \'asa\', 1)')
 4 SYSTEMPATH\Database\BaseBuilder.php(2345): CodeIgniter\Database\BaseConnection->query('INSERT INTO `quiz_choices` (`question_id`, `choice_text`, `is_correct`) VALUES (:question_id:, :choice_text:, :is_correct:)', [...], false)
 5 APPPATH\Models\QuizModel.php(11): CodeIgniter\Database\BaseBuilder->insert([...])
 6 APPPATH\Controllers\quizcontroller.php(360): App\Models\QuizModel->store('quiz_choices', [...])
 7 SYSTEMPATH\CodeIgniter.php(933): App\Controllers\quizcontroller->save_questions()
 8 SYSTEMPATH\CodeIgniter.php(507): CodeIgniter\CodeIgniter->runController(Object(App\Controllers\quizcontroller))
 9 SYSTEMPATH\CodeIgniter.php(354): CodeIgniter\CodeIgniter->handleRequest(null, Object(Config\Cache), false)
10 SYSTEMPATH\Boot.php(334): CodeIgniter\CodeIgniter->run()
11 SYSTEMPATH\Boot.php(67): CodeIgniter\Boot::runCodeIgniter(Object(CodeIgniter\CodeIgniter))
12 FCPATH\index.php(56): CodeIgniter\Boot::bootWeb(Object(Config\Paths))
DEBUG - 2025-06-25 04:41:57 --> Session: Class initialized using 'CodeIgniter\Session\Handlers\FileHandler' driver.
DEBUG - 2025-06-25 04:41:57 --> Session: Class initialized using 'CodeIgniter\Session\Handlers\FileHandler' driver.
DEBUG - 2025-06-25 04:42:03 --> Session: Class initialized using 'CodeIgniter\Session\Handlers\FileHandler' driver.
DEBUG - 2025-06-25 04:43:13 --> Session: Class initialized using 'CodeIgniter\Session\Handlers\FileHandler' driver.
ERROR - 2025-06-25 04:43:13 --> mysqli_sql_exception: Table 'quiz.quiz_choices' doesn't exist in C:\xampp\htdocs\lib\system\Database\MySQLi\Connection.php:327
Stack trace:
#0 C:\xampp\htdocs\lib\system\Database\MySQLi\Connection.php(327): mysqli->query('INSERT INTO `qu...', 0)
#1 C:\xampp\htdocs\lib\system\Database\BaseConnection.php(738): CodeIgniter\Database\MySQLi\Connection->execute('INSERT INTO `qu...')
#2 C:\xampp\htdocs\lib\system\Database\BaseConnection.php(652): CodeIgniter\Database\BaseConnection->simpleQuery('INSERT INTO `qu...')
#3 C:\xampp\htdocs\lib\system\Database\BaseBuilder.php(2345): CodeIgniter\Database\BaseConnection->query('INSERT INTO `qu...', Array, false)
#4 C:\xampp\htdocs\lib\app\Models\QuizModel.php(11): CodeIgniter\Database\BaseBuilder->insert(Array)
#5 C:\xampp\htdocs\lib\app\Controllers\quizcontroller.php(360): App\Models\QuizModel->store('quiz_choices', Array)
#6 C:\xampp\htdocs\lib\system\CodeIgniter.php(933): App\Controllers\quizcontroller->save_questions()
#7 C:\xampp\htdocs\lib\system\CodeIgniter.php(507): CodeIgniter\CodeIgniter->runController(Object(App\Controllers\quizcontroller))
#8 C:\xampp\htdocs\lib\system\CodeIgniter.php(354): CodeIgniter\CodeIgniter->handleRequest(NULL, Object(Config\Cache), false)
#9 C:\xampp\htdocs\lib\system\Boot.php(334): CodeIgniter\CodeIgniter->run()
#10 C:\xampp\htdocs\lib\system\Boot.php(67): CodeIgniter\Boot::runCodeIgniter(Object(CodeIgniter\CodeIgniter))
#11 C:\xampp\htdocs\lib\index.php(56): CodeIgniter\Boot::bootWeb(Object(Config\Paths))
#12 {main}
CRITICAL - 2025-06-25 04:43:13 --> CodeIgniter\Database\Exceptions\DatabaseException: Table 'quiz.quiz_choices' doesn't exist
[Method: POST, Route: save_questions]
in SYSTEMPATH\Database\BaseConnection.php on line 692.
 1 SYSTEMPATH\Database\BaseBuilder.php(2345): CodeIgniter\Database\BaseConnection->query('INSERT INTO `quiz_choices` (`question_id`, `choice_text`, `is_correct`) VALUES (:question_id:, :choice_text:, :is_correct:)', [...], false)
 2 APPPATH\Models\QuizModel.php(11): CodeIgniter\Database\BaseBuilder->insert([...])
 3 APPPATH\Controllers\quizcontroller.php(360): App\Models\QuizModel->store('quiz_choices', [...])
 4 SYSTEMPATH\CodeIgniter.php(933): App\Controllers\quizcontroller->save_questions()
 5 SYSTEMPATH\CodeIgniter.php(507): CodeIgniter\CodeIgniter->runController(Object(App\Controllers\quizcontroller))
 6 SYSTEMPATH\CodeIgniter.php(354): CodeIgniter\CodeIgniter->handleRequest(null, Object(Config\Cache), false)
 7 SYSTEMPATH\Boot.php(334): CodeIgniter\CodeIgniter->run()
 8 SYSTEMPATH\Boot.php(67): CodeIgniter\Boot::runCodeIgniter(Object(CodeIgniter\CodeIgniter))
 9 FCPATH\index.php(56): CodeIgniter\Boot::bootWeb(Object(Config\Paths))
CRITICAL - 2025-06-25 04:43:13 --> [Caused by] CodeIgniter\Database\Exceptions\DatabaseException: Table 'quiz.quiz_choices' doesn't exist
in SYSTEMPATH\Database\MySQLi\Connection.php on line 332.
 1 SYSTEMPATH\Database\BaseConnection.php(738): CodeIgniter\Database\MySQLi\Connection->execute('INSERT INTO `quiz_choices` (`question_id`, `choice_text`, `is_correct`) VALUES (1, \'klala\', 1)')
 2 SYSTEMPATH\Database\BaseConnection.php(652): CodeIgniter\Database\BaseConnection->simpleQuery('INSERT INTO `quiz_choices` (`question_id`, `choice_text`, `is_correct`) VALUES (1, \'klala\', 1)')
 3 SYSTEMPATH\Database\BaseBuilder.php(2345): CodeIgniter\Database\BaseConnection->query('INSERT INTO `quiz_choices` (`question_id`, `choice_text`, `is_correct`) VALUES (:question_id:, :choice_text:, :is_correct:)', [...], false)
 4 APPPATH\Models\QuizModel.php(11): CodeIgniter\Database\BaseBuilder->insert([...])
 5 APPPATH\Controllers\quizcontroller.php(360): App\Models\QuizModel->store('quiz_choices', [...])
 6 SYSTEMPATH\CodeIgniter.php(933): App\Controllers\quizcontroller->save_questions()
 7 SYSTEMPATH\CodeIgniter.php(507): CodeIgniter\CodeIgniter->runController(Object(App\Controllers\quizcontroller))
 8 SYSTEMPATH\CodeIgniter.php(354): CodeIgniter\CodeIgniter->handleRequest(null, Object(Config\Cache), false)
 9 SYSTEMPATH\Boot.php(334): CodeIgniter\CodeIgniter->run()
10 SYSTEMPATH\Boot.php(67): CodeIgniter\Boot::runCodeIgniter(Object(CodeIgniter\CodeIgniter))
11 FCPATH\index.php(56): CodeIgniter\Boot::bootWeb(Object(Config\Paths))
CRITICAL - 2025-06-25 04:43:13 --> [Caused by] mysqli_sql_exception: Table 'quiz.quiz_choices' doesn't exist
in SYSTEMPATH\Database\MySQLi\Connection.php on line 327.
 1 SYSTEMPATH\Database\MySQLi\Connection.php(327): mysqli->query('INSERT INTO `quiz_choices` (`question_id`, `choice_text`, `is_correct`) VALUES (1, \'klala\', 1)', 0)
 2 SYSTEMPATH\Database\BaseConnection.php(738): CodeIgniter\Database\MySQLi\Connection->execute('INSERT INTO `quiz_choices` (`question_id`, `choice_text`, `is_correct`) VALUES (1, \'klala\', 1)')
 3 SYSTEMPATH\Database\BaseConnection.php(652): CodeIgniter\Database\BaseConnection->simpleQuery('INSERT INTO `quiz_choices` (`question_id`, `choice_text`, `is_correct`) VALUES (1, \'klala\', 1)')
 4 SYSTEMPATH\Database\BaseBuilder.php(2345): CodeIgniter\Database\BaseConnection->query('INSERT INTO `quiz_choices` (`question_id`, `choice_text`, `is_correct`) VALUES (:question_id:, :choice_text:, :is_correct:)', [...], false)
 5 APPPATH\Models\QuizModel.php(11): CodeIgniter\Database\BaseBuilder->insert([...])
 6 APPPATH\Controllers\quizcontroller.php(360): App\Models\QuizModel->store('quiz_choices', [...])
 7 SYSTEMPATH\CodeIgniter.php(933): App\Controllers\quizcontroller->save_questions()
 8 SYSTEMPATH\CodeIgniter.php(507): CodeIgniter\CodeIgniter->runController(Object(App\Controllers\quizcontroller))
 9 SYSTEMPATH\CodeIgniter.php(354): CodeIgniter\CodeIgniter->handleRequest(null, Object(Config\Cache), false)
10 SYSTEMPATH\Boot.php(334): CodeIgniter\CodeIgniter->run()
11 SYSTEMPATH\Boot.php(67): CodeIgniter\Boot::runCodeIgniter(Object(CodeIgniter\CodeIgniter))
12 FCPATH\index.php(56): CodeIgniter\Boot::bootWeb(Object(Config\Paths))
DEBUG - 2025-06-25 04:43:16 --> Session: Class initialized using 'CodeIgniter\Session\Handlers\FileHandler' driver.
DEBUG - 2025-06-25 04:44:15 --> Session: Class initialized using 'CodeIgniter\Session\Handlers\FileHandler' driver.
ERROR - 2025-06-25 04:44:15 --> mysqli_sql_exception: Table 'quiz.quiz_choices' doesn't exist in C:\xampp\htdocs\lib\system\Database\MySQLi\Connection.php:327
Stack trace:
#0 C:\xampp\htdocs\lib\system\Database\MySQLi\Connection.php(327): mysqli->query('INSERT INTO `qu...', 0)
#1 C:\xampp\htdocs\lib\system\Database\BaseConnection.php(738): CodeIgniter\Database\MySQLi\Connection->execute('INSERT INTO `qu...')
#2 C:\xampp\htdocs\lib\system\Database\BaseConnection.php(652): CodeIgniter\Database\BaseConnection->simpleQuery('INSERT INTO `qu...')
#3 C:\xampp\htdocs\lib\system\Database\BaseBuilder.php(2345): CodeIgniter\Database\BaseConnection->query('INSERT INTO `qu...', Array, false)
#4 C:\xampp\htdocs\lib\app\Models\QuizModel.php(11): CodeIgniter\Database\BaseBuilder->insert(Array)
#5 C:\xampp\htdocs\lib\app\Controllers\quizcontroller.php(360): App\Models\QuizModel->store('quiz_choices', Array)
#6 C:\xampp\htdocs\lib\system\CodeIgniter.php(933): App\Controllers\quizcontroller->save_questions()
#7 C:\xampp\htdocs\lib\system\CodeIgniter.php(507): CodeIgniter\CodeIgniter->runController(Object(App\Controllers\quizcontroller))
#8 C:\xampp\htdocs\lib\system\CodeIgniter.php(354): CodeIgniter\CodeIgniter->handleRequest(NULL, Object(Config\Cache), false)
#9 C:\xampp\htdocs\lib\system\Boot.php(334): CodeIgniter\CodeIgniter->run()
#10 C:\xampp\htdocs\lib\system\Boot.php(67): CodeIgniter\Boot::runCodeIgniter(Object(CodeIgniter\CodeIgniter))
#11 C:\xampp\htdocs\lib\index.php(56): CodeIgniter\Boot::bootWeb(Object(Config\Paths))
#12 {main}
CRITICAL - 2025-06-25 04:44:15 --> CodeIgniter\Database\Exceptions\DatabaseException: Table 'quiz.quiz_choices' doesn't exist
[Method: POST, Route: save_questions]
in SYSTEMPATH\Database\BaseConnection.php on line 692.
 1 SYSTEMPATH\Database\BaseBuilder.php(2345): CodeIgniter\Database\BaseConnection->query('INSERT INTO `quiz_choices` (`question_id`, `choice_text`, `is_correct`) VALUES (:question_id:, :choice_text:, :is_correct:)', [...], false)
 2 APPPATH\Models\QuizModel.php(11): CodeIgniter\Database\BaseBuilder->insert([...])
 3 APPPATH\Controllers\quizcontroller.php(360): App\Models\QuizModel->store('quiz_choices', [...])
 4 SYSTEMPATH\CodeIgniter.php(933): App\Controllers\quizcontroller->save_questions()
 5 SYSTEMPATH\CodeIgniter.php(507): CodeIgniter\CodeIgniter->runController(Object(App\Controllers\quizcontroller))
 6 SYSTEMPATH\CodeIgniter.php(354): CodeIgniter\CodeIgniter->handleRequest(null, Object(Config\Cache), false)
 7 SYSTEMPATH\Boot.php(334): CodeIgniter\CodeIgniter->run()
 8 SYSTEMPATH\Boot.php(67): CodeIgniter\Boot::runCodeIgniter(Object(CodeIgniter\CodeIgniter))
 9 FCPATH\index.php(56): CodeIgniter\Boot::bootWeb(Object(Config\Paths))
CRITICAL - 2025-06-25 04:44:15 --> [Caused by] CodeIgniter\Database\Exceptions\DatabaseException: Table 'quiz.quiz_choices' doesn't exist
in SYSTEMPATH\Database\MySQLi\Connection.php on line 332.
 1 SYSTEMPATH\Database\BaseConnection.php(738): CodeIgniter\Database\MySQLi\Connection->execute('INSERT INTO `quiz_choices` (`question_id`, `choice_text`, `is_correct`) VALUES (1, \'klala\', 1)')
 2 SYSTEMPATH\Database\BaseConnection.php(652): CodeIgniter\Database\BaseConnection->simpleQuery('INSERT INTO `quiz_choices` (`question_id`, `choice_text`, `is_correct`) VALUES (1, \'klala\', 1)')
 3 SYSTEMPATH\Database\BaseBuilder.php(2345): CodeIgniter\Database\BaseConnection->query('INSERT INTO `quiz_choices` (`question_id`, `choice_text`, `is_correct`) VALUES (:question_id:, :choice_text:, :is_correct:)', [...], false)
 4 APPPATH\Models\QuizModel.php(11): CodeIgniter\Database\BaseBuilder->insert([...])
 5 APPPATH\Controllers\quizcontroller.php(360): App\Models\QuizModel->store('quiz_choices', [...])
 6 SYSTEMPATH\CodeIgniter.php(933): App\Controllers\quizcontroller->save_questions()
 7 SYSTEMPATH\CodeIgniter.php(507): CodeIgniter\CodeIgniter->runController(Object(App\Controllers\quizcontroller))
 8 SYSTEMPATH\CodeIgniter.php(354): CodeIgniter\CodeIgniter->handleRequest(null, Object(Config\Cache), false)
 9 SYSTEMPATH\Boot.php(334): CodeIgniter\CodeIgniter->run()
10 SYSTEMPATH\Boot.php(67): CodeIgniter\Boot::runCodeIgniter(Object(CodeIgniter\CodeIgniter))
11 FCPATH\index.php(56): CodeIgniter\Boot::bootWeb(Object(Config\Paths))
CRITICAL - 2025-06-25 04:44:15 --> [Caused by] mysqli_sql_exception: Table 'quiz.quiz_choices' doesn't exist
in SYSTEMPATH\Database\MySQLi\Connection.php on line 327.
 1 SYSTEMPATH\Database\MySQLi\Connection.php(327): mysqli->query('INSERT INTO `quiz_choices` (`question_id`, `choice_text`, `is_correct`) VALUES (1, \'klala\', 1)', 0)
 2 SYSTEMPATH\Database\BaseConnection.php(738): CodeIgniter\Database\MySQLi\Connection->execute('INSERT INTO `quiz_choices` (`question_id`, `choice_text`, `is_correct`) VALUES (1, \'klala\', 1)')
 3 SYSTEMPATH\Database\BaseConnection.php(652): CodeIgniter\Database\BaseConnection->simpleQuery('INSERT INTO `quiz_choices` (`question_id`, `choice_text`, `is_correct`) VALUES (1, \'klala\', 1)')
 4 SYSTEMPATH\Database\BaseBuilder.php(2345): CodeIgniter\Database\BaseConnection->query('INSERT INTO `quiz_choices` (`question_id`, `choice_text`, `is_correct`) VALUES (:question_id:, :choice_text:, :is_correct:)', [...], false)
 5 APPPATH\Models\QuizModel.php(11): CodeIgniter\Database\BaseBuilder->insert([...])
 6 APPPATH\Controllers\quizcontroller.php(360): App\Models\QuizModel->store('quiz_choices', [...])
 7 SYSTEMPATH\CodeIgniter.php(933): App\Controllers\quizcontroller->save_questions()
 8 SYSTEMPATH\CodeIgniter.php(507): CodeIgniter\CodeIgniter->runController(Object(App\Controllers\quizcontroller))
 9 SYSTEMPATH\CodeIgniter.php(354): CodeIgniter\CodeIgniter->handleRequest(null, Object(Config\Cache), false)
10 SYSTEMPATH\Boot.php(334): CodeIgniter\CodeIgniter->run()
11 SYSTEMPATH\Boot.php(67): CodeIgniter\Boot::runCodeIgniter(Object(CodeIgniter\CodeIgniter))
12 FCPATH\index.php(56): CodeIgniter\Boot::bootWeb(Object(Config\Paths))
DEBUG - 2025-06-25 04:46:45 --> Session: Class initialized using 'CodeIgniter\Session\Handlers\FileHandler' driver.
ERROR - 2025-06-25 04:46:45 --> mysqli_sql_exception: Unknown column 'question_id' in 'field list' in C:\xampp\htdocs\lib\system\Database\MySQLi\Connection.php:327
Stack trace:
#0 C:\xampp\htdocs\lib\system\Database\MySQLi\Connection.php(327): mysqli->query('INSERT INTO `ch...', 0)
#1 C:\xampp\htdocs\lib\system\Database\BaseConnection.php(738): CodeIgniter\Database\MySQLi\Connection->execute('INSERT INTO `ch...')
#2 C:\xampp\htdocs\lib\system\Database\BaseConnection.php(652): CodeIgniter\Database\BaseConnection->simpleQuery('INSERT INTO `ch...')
#3 C:\xampp\htdocs\lib\system\Database\BaseBuilder.php(2345): CodeIgniter\Database\BaseConnection->query('INSERT INTO `ch...', Array, false)
#4 C:\xampp\htdocs\lib\app\Models\QuizModel.php(11): CodeIgniter\Database\BaseBuilder->insert(Array)
#5 C:\xampp\htdocs\lib\app\Controllers\quizcontroller.php(360): App\Models\QuizModel->store('choices', Array)
#6 C:\xampp\htdocs\lib\system\CodeIgniter.php(933): App\Controllers\quizcontroller->save_questions()
#7 C:\xampp\htdocs\lib\system\CodeIgniter.php(507): CodeIgniter\CodeIgniter->runController(Object(App\Controllers\quizcontroller))
#8 C:\xampp\htdocs\lib\system\CodeIgniter.php(354): CodeIgniter\CodeIgniter->handleRequest(NULL, Object(Config\Cache), false)
#9 C:\xampp\htdocs\lib\system\Boot.php(334): CodeIgniter\CodeIgniter->run()
#10 C:\xampp\htdocs\lib\system\Boot.php(67): CodeIgniter\Boot::runCodeIgniter(Object(CodeIgniter\CodeIgniter))
#11 C:\xampp\htdocs\lib\index.php(56): CodeIgniter\Boot::bootWeb(Object(Config\Paths))
#12 {main}
CRITICAL - 2025-06-25 04:46:45 --> CodeIgniter\Database\Exceptions\DatabaseException: Unknown column 'question_id' in 'field list'
[Method: POST, Route: save_questions]
in SYSTEMPATH\Database\BaseConnection.php on line 692.
 1 SYSTEMPATH\Database\BaseBuilder.php(2345): CodeIgniter\Database\BaseConnection->query('INSERT INTO `choices` (`question_id`, `choice_text`, `is_correct`) VALUES (:question_id:, :choice_text:, :is_correct:)', [...], false)
 2 APPPATH\Models\QuizModel.php(11): CodeIgniter\Database\BaseBuilder->insert([...])
 3 APPPATH\Controllers\quizcontroller.php(360): App\Models\QuizModel->store('choices', [...])
 4 SYSTEMPATH\CodeIgniter.php(933): App\Controllers\quizcontroller->save_questions()
 5 SYSTEMPATH\CodeIgniter.php(507): CodeIgniter\CodeIgniter->runController(Object(App\Controllers\quizcontroller))
 6 SYSTEMPATH\CodeIgniter.php(354): CodeIgniter\CodeIgniter->handleRequest(null, Object(Config\Cache), false)
 7 SYSTEMPATH\Boot.php(334): CodeIgniter\CodeIgniter->run()
 8 SYSTEMPATH\Boot.php(67): CodeIgniter\Boot::runCodeIgniter(Object(CodeIgniter\CodeIgniter))
 9 FCPATH\index.php(56): CodeIgniter\Boot::bootWeb(Object(Config\Paths))
CRITICAL - 2025-06-25 04:46:45 --> [Caused by] CodeIgniter\Database\Exceptions\DatabaseException: Unknown column 'question_id' in 'field list'
in SYSTEMPATH\Database\MySQLi\Connection.php on line 332.
 1 SYSTEMPATH\Database\BaseConnection.php(738): CodeIgniter\Database\MySQLi\Connection->execute('INSERT INTO `choices` (`question_id`, `choice_text`, `is_correct`) VALUES (1, \'klala\', 1)')
 2 SYSTEMPATH\Database\BaseConnection.php(652): CodeIgniter\Database\BaseConnection->simpleQuery('INSERT INTO `choices` (`question_id`, `choice_text`, `is_correct`) VALUES (1, \'klala\', 1)')
 3 SYSTEMPATH\Database\BaseBuilder.php(2345): CodeIgniter\Database\BaseConnection->query('INSERT INTO `choices` (`question_id`, `choice_text`, `is_correct`) VALUES (:question_id:, :choice_text:, :is_correct:)', [...], false)
 4 APPPATH\Models\QuizModel.php(11): CodeIgniter\Database\BaseBuilder->insert([...])
 5 APPPATH\Controllers\quizcontroller.php(360): App\Models\QuizModel->store('choices', [...])
 6 SYSTEMPATH\CodeIgniter.php(933): App\Controllers\quizcontroller->save_questions()
 7 SYSTEMPATH\CodeIgniter.php(507): CodeIgniter\CodeIgniter->runController(Object(App\Controllers\quizcontroller))
 8 SYSTEMPATH\CodeIgniter.php(354): CodeIgniter\CodeIgniter->handleRequest(null, Object(Config\Cache), false)
 9 SYSTEMPATH\Boot.php(334): CodeIgniter\CodeIgniter->run()
10 SYSTEMPATH\Boot.php(67): CodeIgniter\Boot::runCodeIgniter(Object(CodeIgniter\CodeIgniter))
11 FCPATH\index.php(56): CodeIgniter\Boot::bootWeb(Object(Config\Paths))
CRITICAL - 2025-06-25 04:46:45 --> [Caused by] mysqli_sql_exception: Unknown column 'question_id' in 'field list'
in SYSTEMPATH\Database\MySQLi\Connection.php on line 327.
 1 SYSTEMPATH\Database\MySQLi\Connection.php(327): mysqli->query('INSERT INTO `choices` (`question_id`, `choice_text`, `is_correct`) VALUES (1, \'klala\', 1)', 0)
 2 SYSTEMPATH\Database\BaseConnection.php(738): CodeIgniter\Database\MySQLi\Connection->execute('INSERT INTO `choices` (`question_id`, `choice_text`, `is_correct`) VALUES (1, \'klala\', 1)')
 3 SYSTEMPATH\Database\BaseConnection.php(652): CodeIgniter\Database\BaseConnection->simpleQuery('INSERT INTO `choices` (`question_id`, `choice_text`, `is_correct`) VALUES (1, \'klala\', 1)')
 4 SYSTEMPATH\Database\BaseBuilder.php(2345): CodeIgniter\Database\BaseConnection->query('INSERT INTO `choices` (`question_id`, `choice_text`, `is_correct`) VALUES (:question_id:, :choice_text:, :is_correct:)', [...], false)
 5 APPPATH\Models\QuizModel.php(11): CodeIgniter\Database\BaseBuilder->insert([...])
 6 APPPATH\Controllers\quizcontroller.php(360): App\Models\QuizModel->store('choices', [...])
 7 SYSTEMPATH\CodeIgniter.php(933): App\Controllers\quizcontroller->save_questions()
 8 SYSTEMPATH\CodeIgniter.php(507): CodeIgniter\CodeIgniter->runController(Object(App\Controllers\quizcontroller))
 9 SYSTEMPATH\CodeIgniter.php(354): CodeIgniter\CodeIgniter->handleRequest(null, Object(Config\Cache), false)
10 SYSTEMPATH\Boot.php(334): CodeIgniter\CodeIgniter->run()
11 SYSTEMPATH\Boot.php(67): CodeIgniter\Boot::runCodeIgniter(Object(CodeIgniter\CodeIgniter))
12 FCPATH\index.php(56): CodeIgniter\Boot::bootWeb(Object(Config\Paths))
DEBUG - 2025-06-25 04:47:50 --> Session: Class initialized using 'CodeIgniter\Session\Handlers\FileHandler' driver.
DEBUG - 2025-06-25 04:47:52 --> Session: Class initialized using 'CodeIgniter\Session\Handlers\FileHandler' driver.
WARNING - 2025-06-25 04:48:18 --> [DEPRECATED] explode(): Passing null to parameter #2 ($string) of type string is deprecated in APPPATH\Views\quiz\Exam.php on line 333.
 1 APPPATH\Views\quiz\Exam.php(333): explode('|||', null)
 2 SYSTEMPATH\View\View.php(224): include('C:\\xampp\\htdocs\\lib\\app\\Views\\quiz\\Exam.php')
 3 SYSTEMPATH\View\View.php(227): CodeIgniter\View\View->CodeIgniter\View\{closure}()
 4 SYSTEMPATH\Common.php(1173): CodeIgniter\View\View->render('quiz/Exam', [], true)
 5 APPPATH\Controllers\quizcontroller.php(28): view('quiz/Exam', [...])
 6 SYSTEMPATH\CodeIgniter.php(933): App\Controllers\quizcontroller->view_quiz('2')
 7 SYSTEMPATH\CodeIgniter.php(507): CodeIgniter\CodeIgniter->runController(Object(App\Controllers\quizcontroller))
 8 SYSTEMPATH\CodeIgniter.php(354): CodeIgniter\CodeIgniter->handleRequest(null, Object(Config\Cache), false)
 9 SYSTEMPATH\Boot.php(334): CodeIgniter\CodeIgniter->run()
10 SYSTEMPATH\Boot.php(67): CodeIgniter\Boot::runCodeIgniter(Object(CodeIgniter\CodeIgniter))
11 FCPATH\index.php(56): CodeIgniter\Boot::bootWeb(Object(Config\Paths))
WARNING - 2025-06-25 04:48:18 --> [DEPRECATED] explode(): Passing null to parameter #2 ($string) of type string is deprecated in APPPATH\Views\quiz\Exam.php on line 333.
 1 APPPATH\Views\quiz\Exam.php(333): explode('|||', null)
 2 SYSTEMPATH\View\View.php(224): include('C:\\xampp\\htdocs\\lib\\app\\Views\\quiz\\Exam.php')
 3 SYSTEMPATH\View\View.php(227): CodeIgniter\View\View->CodeIgniter\View\{closure}()
 4 SYSTEMPATH\Common.php(1173): CodeIgniter\View\View->render('quiz/Exam', [], true)
 5 APPPATH\Controllers\quizcontroller.php(28): view('quiz/Exam', [...])
 6 SYSTEMPATH\CodeIgniter.php(933): App\Controllers\quizcontroller->view_quiz('2')
 7 SYSTEMPATH\CodeIgniter.php(507): CodeIgniter\CodeIgniter->runController(Object(App\Controllers\quizcontroller))
 8 SYSTEMPATH\CodeIgniter.php(354): CodeIgniter\CodeIgniter->handleRequest(null, Object(Config\Cache), false)
 9 SYSTEMPATH\Boot.php(334): CodeIgniter\CodeIgniter->run()
10 SYSTEMPATH\Boot.php(67): CodeIgniter\Boot::runCodeIgniter(Object(CodeIgniter\CodeIgniter))
11 FCPATH\index.php(56): CodeIgniter\Boot::bootWeb(Object(Config\Paths))
WARNING - 2025-06-25 04:48:18 --> [DEPRECATED] explode(): Passing null to parameter #2 ($string) of type string is deprecated in APPPATH\Views\quiz\Exam.php on line 333.
 1 APPPATH\Views\quiz\Exam.php(333): explode('|||', null)
 2 SYSTEMPATH\View\View.php(224): include('C:\\xampp\\htdocs\\lib\\app\\Views\\quiz\\Exam.php')
 3 SYSTEMPATH\View\View.php(227): CodeIgniter\View\View->CodeIgniter\View\{closure}()
 4 SYSTEMPATH\Common.php(1173): CodeIgniter\View\View->render('quiz/Exam', [], true)
 5 APPPATH\Controllers\quizcontroller.php(28): view('quiz/Exam', [...])
 6 SYSTEMPATH\CodeIgniter.php(933): App\Controllers\quizcontroller->view_quiz('2')
 7 SYSTEMPATH\CodeIgniter.php(507): CodeIgniter\CodeIgniter->runController(Object(App\Controllers\quizcontroller))
 8 SYSTEMPATH\CodeIgniter.php(354): CodeIgniter\CodeIgniter->handleRequest(null, Object(Config\Cache), false)
 9 SYSTEMPATH\Boot.php(334): CodeIgniter\CodeIgniter->run()
10 SYSTEMPATH\Boot.php(67): CodeIgniter\Boot::runCodeIgniter(Object(CodeIgniter\CodeIgniter))
11 FCPATH\index.php(56): CodeIgniter\Boot::bootWeb(Object(Config\Paths))
WARNING - 2025-06-25 04:48:18 --> [DEPRECATED] explode(): Passing null to parameter #2 ($string) of type string is deprecated in APPPATH\Views\quiz\Exam.php on line 333.
 1 APPPATH\Views\quiz\Exam.php(333): explode('|||', null)
 2 SYSTEMPATH\View\View.php(224): include('C:\\xampp\\htdocs\\lib\\app\\Views\\quiz\\Exam.php')
 3 SYSTEMPATH\View\View.php(227): CodeIgniter\View\View->CodeIgniter\View\{closure}()
 4 SYSTEMPATH\Common.php(1173): CodeIgniter\View\View->render('quiz/Exam', [], true)
 5 APPPATH\Controllers\quizcontroller.php(28): view('quiz/Exam', [...])
 6 SYSTEMPATH\CodeIgniter.php(933): App\Controllers\quizcontroller->view_quiz('2')
 7 SYSTEMPATH\CodeIgniter.php(507): CodeIgniter\CodeIgniter->runController(Object(App\Controllers\quizcontroller))
 8 SYSTEMPATH\CodeIgniter.php(354): CodeIgniter\CodeIgniter->handleRequest(null, Object(Config\Cache), false)
 9 SYSTEMPATH\Boot.php(334): CodeIgniter\CodeIgniter->run()
10 SYSTEMPATH\Boot.php(67): CodeIgniter\Boot::runCodeIgniter(Object(CodeIgniter\CodeIgniter))
11 FCPATH\index.php(56): CodeIgniter\Boot::bootWeb(Object(Config\Paths))
WARNING - 2025-06-25 04:48:18 --> [DEPRECATED] explode(): Passing null to parameter #2 ($string) of type string is deprecated in APPPATH\Views\quiz\Exam.php on line 333.
 1 APPPATH\Views\quiz\Exam.php(333): explode('|||', null)
 2 SYSTEMPATH\View\View.php(224): include('C:\\xampp\\htdocs\\lib\\app\\Views\\quiz\\Exam.php')
 3 SYSTEMPATH\View\View.php(227): CodeIgniter\View\View->CodeIgniter\View\{closure}()
 4 SYSTEMPATH\Common.php(1173): CodeIgniter\View\View->render('quiz/Exam', [], true)
 5 APPPATH\Controllers\quizcontroller.php(28): view('quiz/Exam', [...])
 6 SYSTEMPATH\CodeIgniter.php(933): App\Controllers\quizcontroller->view_quiz('2')
 7 SYSTEMPATH\CodeIgniter.php(507): CodeIgniter\CodeIgniter->runController(Object(App\Controllers\quizcontroller))
 8 SYSTEMPATH\CodeIgniter.php(354): CodeIgniter\CodeIgniter->handleRequest(null, Object(Config\Cache), false)
 9 SYSTEMPATH\Boot.php(334): CodeIgniter\CodeIgniter->run()
10 SYSTEMPATH\Boot.php(67): CodeIgniter\Boot::runCodeIgniter(Object(CodeIgniter\CodeIgniter))
11 FCPATH\index.php(56): CodeIgniter\Boot::bootWeb(Object(Config\Paths))
DEBUG - 2025-06-25 04:55:42 --> Session: Class initialized using 'CodeIgniter\Session\Handlers\FileHandler' driver.
DEBUG - 2025-06-25 04:55:42 --> Session: Class initialized using 'CodeIgniter\Session\Handlers\FileHandler' driver.
DEBUG - 2025-06-25 04:56:52 --> Session: Class initialized using 'CodeIgniter\Session\Handlers\FileHandler' driver.
DEBUG - 2025-06-25 04:56:52 --> Session: Class initialized using 'CodeIgniter\Session\Handlers\FileHandler' driver.
DEBUG - 2025-06-25 04:56:59 --> Session: Class initialized using 'CodeIgniter\Session\Handlers\FileHandler' driver.
DEBUG - 2025-06-25 04:59:04 --> Session: Class initialized using 'CodeIgniter\Session\Handlers\FileHandler' driver.
DEBUG - 2025-06-25 04:59:13 --> Session: Class initialized using 'CodeIgniter\Session\Handlers\FileHandler' driver.
DEBUG - 2025-06-25 04:59:15 --> Session: Class initialized using 'CodeIgniter\Session\Handlers\FileHandler' driver.
WARNING - 2025-06-25 04:59:24 --> [DEPRECATED] explode(): Passing null to parameter #2 ($string) of type string is deprecated in APPPATH\Views\quiz\Exam.php on line 333.
 1 APPPATH\Views\quiz\Exam.php(333): explode('|||', null)
 2 SYSTEMPATH\View\View.php(224): include('C:\\xampp\\htdocs\\lib\\app\\Views\\quiz\\Exam.php')
 3 SYSTEMPATH\View\View.php(227): CodeIgniter\View\View->CodeIgniter\View\{closure}()
 4 SYSTEMPATH\Common.php(1173): CodeIgniter\View\View->render('quiz/Exam', [], true)
 5 APPPATH\Controllers\quizcontroller.php(28): view('quiz/Exam', [...])
 6 SYSTEMPATH\CodeIgniter.php(933): App\Controllers\quizcontroller->view_quiz('3')
 7 SYSTEMPATH\CodeIgniter.php(507): CodeIgniter\CodeIgniter->runController(Object(App\Controllers\quizcontroller))
 8 SYSTEMPATH\CodeIgniter.php(354): CodeIgniter\CodeIgniter->handleRequest(null, Object(Config\Cache), false)
 9 SYSTEMPATH\Boot.php(334): CodeIgniter\CodeIgniter->run()
10 SYSTEMPATH\Boot.php(67): CodeIgniter\Boot::runCodeIgniter(Object(CodeIgniter\CodeIgniter))
11 FCPATH\index.php(56): CodeIgniter\Boot::bootWeb(Object(Config\Paths))
WARNING - 2025-06-25 04:59:38 --> [DEPRECATED] explode(): Passing null to parameter #2 ($string) of type string is deprecated in APPPATH\Views\quiz\Exam.php on line 333.
 1 APPPATH\Views\quiz\Exam.php(333): explode('|||', null)
 2 SYSTEMPATH\View\View.php(224): include('C:\\xampp\\htdocs\\lib\\app\\Views\\quiz\\Exam.php')
 3 SYSTEMPATH\View\View.php(227): CodeIgniter\View\View->CodeIgniter\View\{closure}()
 4 SYSTEMPATH\Common.php(1173): CodeIgniter\View\View->render('quiz/Exam', [], true)
 5 APPPATH\Controllers\quizcontroller.php(28): view('quiz/Exam', [...])
 6 SYSTEMPATH\CodeIgniter.php(933): App\Controllers\quizcontroller->view_quiz('3')
 7 SYSTEMPATH\CodeIgniter.php(507): CodeIgniter\CodeIgniter->runController(Object(App\Controllers\quizcontroller))
 8 SYSTEMPATH\CodeIgniter.php(354): CodeIgniter\CodeIgniter->handleRequest(null, Object(Config\Cache), false)
 9 SYSTEMPATH\Boot.php(334): CodeIgniter\CodeIgniter->run()
10 SYSTEMPATH\Boot.php(67): CodeIgniter\Boot::runCodeIgniter(Object(CodeIgniter\CodeIgniter))
11 FCPATH\index.php(56): CodeIgniter\Boot::bootWeb(Object(Config\Paths))
DEBUG - 2025-06-25 18:46:41 --> Session: Class initialized using 'CodeIgniter\Session\Handlers\FileHandler' driver.
DEBUG - 2025-06-25 18:47:08 --> Session: Class initialized using 'CodeIgniter\Session\Handlers\FileHandler' driver.
DEBUG - 2025-06-25 18:47:09 --> Session: Class initialized using 'CodeIgniter\Session\Handlers\FileHandler' driver.
DEBUG - 2025-06-25 18:47:26 --> Session: Class initialized using 'CodeIgniter\Session\Handlers\FileHandler' driver.
DEBUG - 2025-06-25 18:51:52 --> Session: Class initialized using 'CodeIgniter\Session\Handlers\FileHandler' driver.
DEBUG - 2025-06-25 18:52:01 --> Session: Class initialized using 'CodeIgniter\Session\Handlers\FileHandler' driver.
DEBUG - 2025-06-25 18:52:02 --> Session: Class initialized using 'CodeIgniter\Session\Handlers\FileHandler' driver.
DEBUG - 2025-06-25 18:57:27 --> Session: Class initialized using 'CodeIgniter\Session\Handlers\FileHandler' driver.
DEBUG - 2025-06-25 19:01:59 --> Session: Class initialized using 'CodeIgniter\Session\Handlers\FileHandler' driver.
ERROR - 2025-06-25 19:01:59 --> mysqli_sql_exception: Table 'quiz.quiz_questions' doesn't exist in C:\xampp\htdocs\lib\system\Database\MySQLi\Connection.php:327
Stack trace:
#0 C:\xampp\htdocs\lib\system\Database\MySQLi\Connection.php(327): mysqli->query('INSERT INTO `qu...', 0)
#1 C:\xampp\htdocs\lib\system\Database\BaseConnection.php(738): CodeIgniter\Database\MySQLi\Connection->execute('INSERT INTO `qu...')
#2 C:\xampp\htdocs\lib\system\Database\BaseConnection.php(652): CodeIgniter\Database\BaseConnection->simpleQuery('INSERT INTO `qu...')
#3 C:\xampp\htdocs\lib\system\Database\BaseBuilder.php(2345): CodeIgniter\Database\BaseConnection->query('INSERT INTO `qu...', Array, false)
#4 C:\xampp\htdocs\lib\app\Models\QuizModel.php(11): CodeIgniter\Database\BaseBuilder->insert(Array)
#5 C:\xampp\htdocs\lib\app\Controllers\quizcontroller.php(354): App\Models\QuizModel->store('quiz_questions', Array)
#6 C:\xampp\htdocs\lib\system\CodeIgniter.php(933): App\Controllers\quizcontroller->save_questions()
#7 C:\xampp\htdocs\lib\system\CodeIgniter.php(507): CodeIgniter\CodeIgniter->runController(Object(App\Controllers\quizcontroller))
#8 C:\xampp\htdocs\lib\system\CodeIgniter.php(354): CodeIgniter\CodeIgniter->handleRequest(NULL, Object(Config\Cache), false)
#9 C:\xampp\htdocs\lib\system\Boot.php(334): CodeIgniter\CodeIgniter->run()
#10 C:\xampp\htdocs\lib\system\Boot.php(67): CodeIgniter\Boot::runCodeIgniter(Object(CodeIgniter\CodeIgniter))
#11 C:\xampp\htdocs\lib\index.php(56): CodeIgniter\Boot::bootWeb(Object(Config\Paths))
#12 {main}
DEBUG - 2025-06-25 19:02:35 --> Session: Class initialized using 'CodeIgniter\Session\Handlers\FileHandler' driver.
ERROR - 2025-06-25 19:02:36 --> mysqli_sql_exception: Table 'quiz.quiz_questions' doesn't exist in C:\xampp\htdocs\lib\system\Database\MySQLi\Connection.php:327
Stack trace:
#0 C:\xampp\htdocs\lib\system\Database\MySQLi\Connection.php(327): mysqli->query('INSERT INTO `qu...', 0)
#1 C:\xampp\htdocs\lib\system\Database\BaseConnection.php(738): CodeIgniter\Database\MySQLi\Connection->execute('INSERT INTO `qu...')
#2 C:\xampp\htdocs\lib\system\Database\BaseConnection.php(652): CodeIgniter\Database\BaseConnection->simpleQuery('INSERT INTO `qu...')
#3 C:\xampp\htdocs\lib\system\Database\BaseBuilder.php(2345): CodeIgniter\Database\BaseConnection->query('INSERT INTO `qu...', Array, false)
#4 C:\xampp\htdocs\lib\app\Models\QuizModel.php(11): CodeIgniter\Database\BaseBuilder->insert(Array)
#5 C:\xampp\htdocs\lib\app\Controllers\quizcontroller.php(354): App\Models\QuizModel->store('quiz_questions', Array)
#6 C:\xampp\htdocs\lib\system\CodeIgniter.php(933): App\Controllers\quizcontroller->save_questions()
#7 C:\xampp\htdocs\lib\system\CodeIgniter.php(507): CodeIgniter\CodeIgniter->runController(Object(App\Controllers\quizcontroller))
#8 C:\xampp\htdocs\lib\system\CodeIgniter.php(354): CodeIgniter\CodeIgniter->handleRequest(NULL, Object(Config\Cache), false)
#9 C:\xampp\htdocs\lib\system\Boot.php(334): CodeIgniter\CodeIgniter->run()
#10 C:\xampp\htdocs\lib\system\Boot.php(67): CodeIgniter\Boot::runCodeIgniter(Object(CodeIgniter\CodeIgniter))
#11 C:\xampp\htdocs\lib\index.php(56): CodeIgniter\Boot::bootWeb(Object(Config\Paths))
#12 {main}
DEBUG - 2025-06-25 19:03:13 --> Session: Class initialized using 'CodeIgniter\Session\Handlers\FileHandler' driver.
DEBUG - 2025-06-25 19:03:18 --> Session: Class initialized using 'CodeIgniter\Session\Handlers\FileHandler' driver.
ERROR - 2025-06-25 19:03:18 --> mysqli_sql_exception: Table 'quiz.quiz_questions' doesn't exist in C:\xampp\htdocs\lib\system\Database\MySQLi\Connection.php:327
Stack trace:
#0 C:\xampp\htdocs\lib\system\Database\MySQLi\Connection.php(327): mysqli->query('INSERT INTO `qu...', 0)
#1 C:\xampp\htdocs\lib\system\Database\BaseConnection.php(738): CodeIgniter\Database\MySQLi\Connection->execute('INSERT INTO `qu...')
#2 C:\xampp\htdocs\lib\system\Database\BaseConnection.php(652): CodeIgniter\Database\BaseConnection->simpleQuery('INSERT INTO `qu...')
#3 C:\xampp\htdocs\lib\system\Database\BaseBuilder.php(2345): CodeIgniter\Database\BaseConnection->query('INSERT INTO `qu...', Array, false)
#4 C:\xampp\htdocs\lib\app\Models\QuizModel.php(11): CodeIgniter\Database\BaseBuilder->insert(Array)
#5 C:\xampp\htdocs\lib\app\Controllers\quizcontroller.php(354): App\Models\QuizModel->store('quiz_questions', Array)
#6 C:\xampp\htdocs\lib\system\CodeIgniter.php(933): App\Controllers\quizcontroller->save_questions()
#7 C:\xampp\htdocs\lib\system\CodeIgniter.php(507): CodeIgniter\CodeIgniter->runController(Object(App\Controllers\quizcontroller))
#8 C:\xampp\htdocs\lib\system\CodeIgniter.php(354): CodeIgniter\CodeIgniter->handleRequest(NULL, Object(Config\Cache), false)
#9 C:\xampp\htdocs\lib\system\Boot.php(334): CodeIgniter\CodeIgniter->run()
#10 C:\xampp\htdocs\lib\system\Boot.php(67): CodeIgniter\Boot::runCodeIgniter(Object(CodeIgniter\CodeIgniter))
#11 C:\xampp\htdocs\lib\index.php(56): CodeIgniter\Boot::bootWeb(Object(Config\Paths))
#12 {main}
DEBUG - 2025-06-25 19:04:08 --> Session: Class initialized using 'CodeIgniter\Session\Handlers\FileHandler' driver.
DEBUG - 2025-06-25 19:04:18 --> Session: Class initialized using 'CodeIgniter\Session\Handlers\FileHandler' driver.
DEBUG - 2025-06-25 19:13:03 --> Session: Class initialized using 'CodeIgniter\Session\Handlers\FileHandler' driver.
DEBUG - 2025-06-25 19:13:31 --> Session: Class initialized using 'CodeIgniter\Session\Handlers\FileHandler' driver.
DEBUG - 2025-06-25 19:13:38 --> Session: Class initialized using 'CodeIgniter\Session\Handlers\FileHandler' driver.
DEBUG - 2025-06-25 19:13:46 --> Session: Class initialized using 'CodeIgniter\Session\Handlers\FileHandler' driver.
DEBUG - 2025-06-25 19:14:10 --> Session: Class initialized using 'CodeIgniter\Session\Handlers\FileHandler' driver.
DEBUG - 2025-06-25 19:15:12 --> Session: Class initialized using 'CodeIgniter\Session\Handlers\FileHandler' driver.
DEBUG - 2025-06-25 19:15:20 --> Session: Class initialized using 'CodeIgniter\Session\Handlers\FileHandler' driver.
DEBUG - 2025-06-25 19:15:57 --> Session: Class initialized using 'CodeIgniter\Session\Handlers\FileHandler' driver.
ERROR - 2025-06-25 19:15:57 --> mysqli_sql_exception: Table 'quiz.quiz_questions' doesn't exist in C:\xampp\htdocs\lib\system\Database\MySQLi\Connection.php:327
Stack trace:
#0 C:\xampp\htdocs\lib\system\Database\MySQLi\Connection.php(327): mysqli->query('INSERT INTO `qu...', 0)
#1 C:\xampp\htdocs\lib\system\Database\BaseConnection.php(738): CodeIgniter\Database\MySQLi\Connection->execute('INSERT INTO `qu...')
#2 C:\xampp\htdocs\lib\system\Database\BaseConnection.php(652): CodeIgniter\Database\BaseConnection->simpleQuery('INSERT INTO `qu...')
#3 C:\xampp\htdocs\lib\system\Database\BaseBuilder.php(2345): CodeIgniter\Database\BaseConnection->query('INSERT INTO `qu...', Array, false)
#4 C:\xampp\htdocs\lib\app\Models\QuizModel.php(11): CodeIgniter\Database\BaseBuilder->insert(Array)
#5 C:\xampp\htdocs\lib\app\Controllers\quizcontroller.php(350): App\Models\QuizModel->store('quiz_questions', Array)
#6 C:\xampp\htdocs\lib\system\CodeIgniter.php(933): App\Controllers\quizcontroller->save_questions()
#7 C:\xampp\htdocs\lib\system\CodeIgniter.php(507): CodeIgniter\CodeIgniter->runController(Object(App\Controllers\quizcontroller))
#8 C:\xampp\htdocs\lib\system\CodeIgniter.php(354): CodeIgniter\CodeIgniter->handleRequest(NULL, Object(Config\Cache), false)
#9 C:\xampp\htdocs\lib\system\Boot.php(334): CodeIgniter\CodeIgniter->run()
#10 C:\xampp\htdocs\lib\system\Boot.php(67): CodeIgniter\Boot::runCodeIgniter(Object(CodeIgniter\CodeIgniter))
#11 C:\xampp\htdocs\lib\index.php(56): CodeIgniter\Boot::bootWeb(Object(Config\Paths))
#12 {main}
CRITICAL - 2025-06-25 19:15:57 --> CodeIgniter\Database\Exceptions\DatabaseException: Table 'quiz.quiz_questions' doesn't exist
[Method: POST, Route: save_questions]
in SYSTEMPATH\Database\BaseConnection.php on line 692.
 1 SYSTEMPATH\Database\BaseBuilder.php(2345): CodeIgniter\Database\BaseConnection->query('INSERT INTO `quiz_questions` (`quiz_id`, `question_text`, `marks`, `q_type`) VALUES (:quiz_id:, :question_text:, :marks:, :q_type:)', [...], false)
 2 APPPATH\Models\QuizModel.php(11): CodeIgniter\Database\BaseBuilder->insert([...])
 3 APPPATH\Controllers\quizcontroller.php(350): App\Models\QuizModel->store('quiz_questions', [...])
 4 SYSTEMPATH\CodeIgniter.php(933): App\Controllers\quizcontroller->save_questions()
 5 SYSTEMPATH\CodeIgniter.php(507): CodeIgniter\CodeIgniter->runController(Object(App\Controllers\quizcontroller))
 6 SYSTEMPATH\CodeIgniter.php(354): CodeIgniter\CodeIgniter->handleRequest(null, Object(Config\Cache), false)
 7 SYSTEMPATH\Boot.php(334): CodeIgniter\CodeIgniter->run()
 8 SYSTEMPATH\Boot.php(67): CodeIgniter\Boot::runCodeIgniter(Object(CodeIgniter\CodeIgniter))
 9 FCPATH\index.php(56): CodeIgniter\Boot::bootWeb(Object(Config\Paths))
CRITICAL - 2025-06-25 19:15:57 --> [Caused by] CodeIgniter\Database\Exceptions\DatabaseException: Table 'quiz.quiz_questions' doesn't exist
in SYSTEMPATH\Database\MySQLi\Connection.php on line 332.
 1 SYSTEMPATH\Database\BaseConnection.php(738): CodeIgniter\Database\MySQLi\Connection->execute('INSERT INTO `quiz_questions` (`quiz_id`, `question_text`, `marks`, `q_type`) VALUES (\'3\', \'ewqrwqe223wq\', \'23\', \'true_false\')')
 2 SYSTEMPATH\Database\BaseConnection.php(652): CodeIgniter\Database\BaseConnection->simpleQuery('INSERT INTO `quiz_questions` (`quiz_id`, `question_text`, `marks`, `q_type`) VALUES (\'3\', \'ewqrwqe223wq\', \'23\', \'true_false\')')
 3 SYSTEMPATH\Database\BaseBuilder.php(2345): CodeIgniter\Database\BaseConnection->query('INSERT INTO `quiz_questions` (`quiz_id`, `question_text`, `marks`, `q_type`) VALUES (:quiz_id:, :question_text:, :marks:, :q_type:)', [...], false)
 4 APPPATH\Models\QuizModel.php(11): CodeIgniter\Database\BaseBuilder->insert([...])
 5 APPPATH\Controllers\quizcontroller.php(350): App\Models\QuizModel->store('quiz_questions', [...])
 6 SYSTEMPATH\CodeIgniter.php(933): App\Controllers\quizcontroller->save_questions()
 7 SYSTEMPATH\CodeIgniter.php(507): CodeIgniter\CodeIgniter->runController(Object(App\Controllers\quizcontroller))
 8 SYSTEMPATH\CodeIgniter.php(354): CodeIgniter\CodeIgniter->handleRequest(null, Object(Config\Cache), false)
 9 SYSTEMPATH\Boot.php(334): CodeIgniter\CodeIgniter->run()
10 SYSTEMPATH\Boot.php(67): CodeIgniter\Boot::runCodeIgniter(Object(CodeIgniter\CodeIgniter))
11 FCPATH\index.php(56): CodeIgniter\Boot::bootWeb(Object(Config\Paths))
CRITICAL - 2025-06-25 19:15:57 --> [Caused by] mysqli_sql_exception: Table 'quiz.quiz_questions' doesn't exist
in SYSTEMPATH\Database\MySQLi\Connection.php on line 327.
 1 SYSTEMPATH\Database\MySQLi\Connection.php(327): mysqli->query('INSERT INTO `quiz_questions` (`quiz_id`, `question_text`, `marks`, `q_type`) VALUES (\'3\', \'ewqrwqe223wq\', \'23\', \'true_false\')', 0)
 2 SYSTEMPATH\Database\BaseConnection.php(738): CodeIgniter\Database\MySQLi\Connection->execute('INSERT INTO `quiz_questions` (`quiz_id`, `question_text`, `marks`, `q_type`) VALUES (\'3\', \'ewqrwqe223wq\', \'23\', \'true_false\')')
 3 SYSTEMPATH\Database\BaseConnection.php(652): CodeIgniter\Database\BaseConnection->simpleQuery('INSERT INTO `quiz_questions` (`quiz_id`, `question_text`, `marks`, `q_type`) VALUES (\'3\', \'ewqrwqe223wq\', \'23\', \'true_false\')')
 4 SYSTEMPATH\Database\BaseBuilder.php(2345): CodeIgniter\Database\BaseConnection->query('INSERT INTO `quiz_questions` (`quiz_id`, `question_text`, `marks`, `q_type`) VALUES (:quiz_id:, :question_text:, :marks:, :q_type:)', [...], false)
 5 APPPATH\Models\QuizModel.php(11): CodeIgniter\Database\BaseBuilder->insert([...])
 6 APPPATH\Controllers\quizcontroller.php(350): App\Models\QuizModel->store('quiz_questions', [...])
 7 SYSTEMPATH\CodeIgniter.php(933): App\Controllers\quizcontroller->save_questions()
 8 SYSTEMPATH\CodeIgniter.php(507): CodeIgniter\CodeIgniter->runController(Object(App\Controllers\quizcontroller))
 9 SYSTEMPATH\CodeIgniter.php(354): CodeIgniter\CodeIgniter->handleRequest(null, Object(Config\Cache), false)
10 SYSTEMPATH\Boot.php(334): CodeIgniter\CodeIgniter->run()
11 SYSTEMPATH\Boot.php(67): CodeIgniter\Boot::runCodeIgniter(Object(CodeIgniter\CodeIgniter))
12 FCPATH\index.php(56): CodeIgniter\Boot::bootWeb(Object(Config\Paths))
DEBUG - 2025-06-25 19:16:11 --> Session: Class initialized using 'CodeIgniter\Session\Handlers\FileHandler' driver.
ERROR - 2025-06-25 19:16:11 --> mysqli_sql_exception: Table 'quiz.quiz_questions' doesn't exist in C:\xampp\htdocs\lib\system\Database\MySQLi\Connection.php:327
Stack trace:
#0 C:\xampp\htdocs\lib\system\Database\MySQLi\Connection.php(327): mysqli->query('INSERT INTO `qu...', 0)
#1 C:\xampp\htdocs\lib\system\Database\BaseConnection.php(738): CodeIgniter\Database\MySQLi\Connection->execute('INSERT INTO `qu...')
#2 C:\xampp\htdocs\lib\system\Database\BaseConnection.php(652): CodeIgniter\Database\BaseConnection->simpleQuery('INSERT INTO `qu...')
#3 C:\xampp\htdocs\lib\system\Database\BaseBuilder.php(2345): CodeIgniter\Database\BaseConnection->query('INSERT INTO `qu...', Array, false)
#4 C:\xampp\htdocs\lib\app\Models\QuizModel.php(11): CodeIgniter\Database\BaseBuilder->insert(Array)
#5 C:\xampp\htdocs\lib\app\Controllers\quizcontroller.php(350): App\Models\QuizModel->store('quiz_questions', Array)
#6 C:\xampp\htdocs\lib\system\CodeIgniter.php(933): App\Controllers\quizcontroller->save_questions()
#7 C:\xampp\htdocs\lib\system\CodeIgniter.php(507): CodeIgniter\CodeIgniter->runController(Object(App\Controllers\quizcontroller))
#8 C:\xampp\htdocs\lib\system\CodeIgniter.php(354): CodeIgniter\CodeIgniter->handleRequest(NULL, Object(Config\Cache), false)
#9 C:\xampp\htdocs\lib\system\Boot.php(334): CodeIgniter\CodeIgniter->run()
#10 C:\xampp\htdocs\lib\system\Boot.php(67): CodeIgniter\Boot::runCodeIgniter(Object(CodeIgniter\CodeIgniter))
#11 C:\xampp\htdocs\lib\index.php(56): CodeIgniter\Boot::bootWeb(Object(Config\Paths))
#12 {main}
CRITICAL - 2025-06-25 19:16:11 --> CodeIgniter\Database\Exceptions\DatabaseException: Table 'quiz.quiz_questions' doesn't exist
[Method: POST, Route: save_questions]
in SYSTEMPATH\Database\BaseConnection.php on line 692.
 1 SYSTEMPATH\Database\BaseBuilder.php(2345): CodeIgniter\Database\BaseConnection->query('INSERT INTO `quiz_questions` (`quiz_id`, `question_text`, `marks`, `q_type`) VALUES (:quiz_id:, :question_text:, :marks:, :q_type:)', [...], false)
 2 APPPATH\Models\QuizModel.php(11): CodeIgniter\Database\BaseBuilder->insert([...])
 3 APPPATH\Controllers\quizcontroller.php(350): App\Models\QuizModel->store('quiz_questions', [...])
 4 SYSTEMPATH\CodeIgniter.php(933): App\Controllers\quizcontroller->save_questions()
 5 SYSTEMPATH\CodeIgniter.php(507): CodeIgniter\CodeIgniter->runController(Object(App\Controllers\quizcontroller))
 6 SYSTEMPATH\CodeIgniter.php(354): CodeIgniter\CodeIgniter->handleRequest(null, Object(Config\Cache), false)
 7 SYSTEMPATH\Boot.php(334): CodeIgniter\CodeIgniter->run()
 8 SYSTEMPATH\Boot.php(67): CodeIgniter\Boot::runCodeIgniter(Object(CodeIgniter\CodeIgniter))
 9 FCPATH\index.php(56): CodeIgniter\Boot::bootWeb(Object(Config\Paths))
CRITICAL - 2025-06-25 19:16:11 --> [Caused by] CodeIgniter\Database\Exceptions\DatabaseException: Table 'quiz.quiz_questions' doesn't exist
in SYSTEMPATH\Database\MySQLi\Connection.php on line 332.
 1 SYSTEMPATH\Database\BaseConnection.php(738): CodeIgniter\Database\MySQLi\Connection->execute('INSERT INTO `quiz_questions` (`quiz_id`, `question_text`, `marks`, `q_type`) VALUES (\'3\', \'ewqrwqe223wq\', \'23\', \'true_false\')')
 2 SYSTEMPATH\Database\BaseConnection.php(652): CodeIgniter\Database\BaseConnection->simpleQuery('INSERT INTO `quiz_questions` (`quiz_id`, `question_text`, `marks`, `q_type`) VALUES (\'3\', \'ewqrwqe223wq\', \'23\', \'true_false\')')
 3 SYSTEMPATH\Database\BaseBuilder.php(2345): CodeIgniter\Database\BaseConnection->query('INSERT INTO `quiz_questions` (`quiz_id`, `question_text`, `marks`, `q_type`) VALUES (:quiz_id:, :question_text:, :marks:, :q_type:)', [...], false)
 4 APPPATH\Models\QuizModel.php(11): CodeIgniter\Database\BaseBuilder->insert([...])
 5 APPPATH\Controllers\quizcontroller.php(350): App\Models\QuizModel->store('quiz_questions', [...])
 6 SYSTEMPATH\CodeIgniter.php(933): App\Controllers\quizcontroller->save_questions()
 7 SYSTEMPATH\CodeIgniter.php(507): CodeIgniter\CodeIgniter->runController(Object(App\Controllers\quizcontroller))
 8 SYSTEMPATH\CodeIgniter.php(354): CodeIgniter\CodeIgniter->handleRequest(null, Object(Config\Cache), false)
 9 SYSTEMPATH\Boot.php(334): CodeIgniter\CodeIgniter->run()
10 SYSTEMPATH\Boot.php(67): CodeIgniter\Boot::runCodeIgniter(Object(CodeIgniter\CodeIgniter))
11 FCPATH\index.php(56): CodeIgniter\Boot::bootWeb(Object(Config\Paths))
CRITICAL - 2025-06-25 19:16:11 --> [Caused by] mysqli_sql_exception: Table 'quiz.quiz_questions' doesn't exist
in SYSTEMPATH\Database\MySQLi\Connection.php on line 327.
 1 SYSTEMPATH\Database\MySQLi\Connection.php(327): mysqli->query('INSERT INTO `quiz_questions` (`quiz_id`, `question_text`, `marks`, `q_type`) VALUES (\'3\', \'ewqrwqe223wq\', \'23\', \'true_false\')', 0)
 2 SYSTEMPATH\Database\BaseConnection.php(738): CodeIgniter\Database\MySQLi\Connection->execute('INSERT INTO `quiz_questions` (`quiz_id`, `question_text`, `marks`, `q_type`) VALUES (\'3\', \'ewqrwqe223wq\', \'23\', \'true_false\')')
 3 SYSTEMPATH\Database\BaseConnection.php(652): CodeIgniter\Database\BaseConnection->simpleQuery('INSERT INTO `quiz_questions` (`quiz_id`, `question_text`, `marks`, `q_type`) VALUES (\'3\', \'ewqrwqe223wq\', \'23\', \'true_false\')')
 4 SYSTEMPATH\Database\BaseBuilder.php(2345): CodeIgniter\Database\BaseConnection->query('INSERT INTO `quiz_questions` (`quiz_id`, `question_text`, `marks`, `q_type`) VALUES (:quiz_id:, :question_text:, :marks:, :q_type:)', [...], false)
 5 APPPATH\Models\QuizModel.php(11): CodeIgniter\Database\BaseBuilder->insert([...])
 6 APPPATH\Controllers\quizcontroller.php(350): App\Models\QuizModel->store('quiz_questions', [...])
 7 SYSTEMPATH\CodeIgniter.php(933): App\Controllers\quizcontroller->save_questions()
 8 SYSTEMPATH\CodeIgniter.php(507): CodeIgniter\CodeIgniter->runController(Object(App\Controllers\quizcontroller))
 9 SYSTEMPATH\CodeIgniter.php(354): CodeIgniter\CodeIgniter->handleRequest(null, Object(Config\Cache), false)
10 SYSTEMPATH\Boot.php(334): CodeIgniter\CodeIgniter->run()
11 SYSTEMPATH\Boot.php(67): CodeIgniter\Boot::runCodeIgniter(Object(CodeIgniter\CodeIgniter))
12 FCPATH\index.php(56): CodeIgniter\Boot::bootWeb(Object(Config\Paths))
DEBUG - 2025-06-25 19:17:34 --> Session: Class initialized using 'CodeIgniter\Session\Handlers\FileHandler' driver.
ERROR - 2025-06-25 19:17:34 --> mysqli_sql_exception: Unknown column 'quiz_id' in 'field list' in C:\xampp\htdocs\lib\system\Database\MySQLi\Connection.php:327
Stack trace:
#0 C:\xampp\htdocs\lib\system\Database\MySQLi\Connection.php(327): mysqli->query('INSERT INTO `qu...', 0)
#1 C:\xampp\htdocs\lib\system\Database\BaseConnection.php(738): CodeIgniter\Database\MySQLi\Connection->execute('INSERT INTO `qu...')
#2 C:\xampp\htdocs\lib\system\Database\BaseConnection.php(652): CodeIgniter\Database\BaseConnection->simpleQuery('INSERT INTO `qu...')
#3 C:\xampp\htdocs\lib\system\Database\BaseBuilder.php(2345): CodeIgniter\Database\BaseConnection->query('INSERT INTO `qu...', Array, false)
#4 C:\xampp\htdocs\lib\app\Models\QuizModel.php(11): CodeIgniter\Database\BaseBuilder->insert(Array)
#5 C:\xampp\htdocs\lib\app\Controllers\quizcontroller.php(350): App\Models\QuizModel->store('quiz_answers', Array)
#6 C:\xampp\htdocs\lib\system\CodeIgniter.php(933): App\Controllers\quizcontroller->save_questions()
#7 C:\xampp\htdocs\lib\system\CodeIgniter.php(507): CodeIgniter\CodeIgniter->runController(Object(App\Controllers\quizcontroller))
#8 C:\xampp\htdocs\lib\system\CodeIgniter.php(354): CodeIgniter\CodeIgniter->handleRequest(NULL, Object(Config\Cache), false)
#9 C:\xampp\htdocs\lib\system\Boot.php(334): CodeIgniter\CodeIgniter->run()
#10 C:\xampp\htdocs\lib\system\Boot.php(67): CodeIgniter\Boot::runCodeIgniter(Object(CodeIgniter\CodeIgniter))
#11 C:\xampp\htdocs\lib\index.php(56): CodeIgniter\Boot::bootWeb(Object(Config\Paths))
#12 {main}
CRITICAL - 2025-06-25 19:17:34 --> CodeIgniter\Database\Exceptions\DatabaseException: Unknown column 'quiz_id' in 'field list'
[Method: POST, Route: save_questions]
in SYSTEMPATH\Database\BaseConnection.php on line 692.
 1 SYSTEMPATH\Database\BaseBuilder.php(2345): CodeIgniter\Database\BaseConnection->query('INSERT INTO `quiz_answers` (`quiz_id`, `question_text`, `marks`, `q_type`) VALUES (:quiz_id:, :question_text:, :marks:, :q_type:)', [...], false)
 2 APPPATH\Models\QuizModel.php(11): CodeIgniter\Database\BaseBuilder->insert([...])
 3 APPPATH\Controllers\quizcontroller.php(350): App\Models\QuizModel->store('quiz_answers', [...])
 4 SYSTEMPATH\CodeIgniter.php(933): App\Controllers\quizcontroller->save_questions()
 5 SYSTEMPATH\CodeIgniter.php(507): CodeIgniter\CodeIgniter->runController(Object(App\Controllers\quizcontroller))
 6 SYSTEMPATH\CodeIgniter.php(354): CodeIgniter\CodeIgniter->handleRequest(null, Object(Config\Cache), false)
 7 SYSTEMPATH\Boot.php(334): CodeIgniter\CodeIgniter->run()
 8 SYSTEMPATH\Boot.php(67): CodeIgniter\Boot::runCodeIgniter(Object(CodeIgniter\CodeIgniter))
 9 FCPATH\index.php(56): CodeIgniter\Boot::bootWeb(Object(Config\Paths))
CRITICAL - 2025-06-25 19:17:34 --> [Caused by] CodeIgniter\Database\Exceptions\DatabaseException: Unknown column 'quiz_id' in 'field list'
in SYSTEMPATH\Database\MySQLi\Connection.php on line 332.
 1 SYSTEMPATH\Database\BaseConnection.php(738): CodeIgniter\Database\MySQLi\Connection->execute('INSERT INTO `quiz_answers` (`quiz_id`, `question_text`, `marks`, `q_type`) VALUES (\'3\', \'ewqrwqe223wq\', \'23\', \'true_false\')')
 2 SYSTEMPATH\Database\BaseConnection.php(652): CodeIgniter\Database\BaseConnection->simpleQuery('INSERT INTO `quiz_answers` (`quiz_id`, `question_text`, `marks`, `q_type`) VALUES (\'3\', \'ewqrwqe223wq\', \'23\', \'true_false\')')
 3 SYSTEMPATH\Database\BaseBuilder.php(2345): CodeIgniter\Database\BaseConnection->query('INSERT INTO `quiz_answers` (`quiz_id`, `question_text`, `marks`, `q_type`) VALUES (:quiz_id:, :question_text:, :marks:, :q_type:)', [...], false)
 4 APPPATH\Models\QuizModel.php(11): CodeIgniter\Database\BaseBuilder->insert([...])
 5 APPPATH\Controllers\quizcontroller.php(350): App\Models\QuizModel->store('quiz_answers', [...])
 6 SYSTEMPATH\CodeIgniter.php(933): App\Controllers\quizcontroller->save_questions()
 7 SYSTEMPATH\CodeIgniter.php(507): CodeIgniter\CodeIgniter->runController(Object(App\Controllers\quizcontroller))
 8 SYSTEMPATH\CodeIgniter.php(354): CodeIgniter\CodeIgniter->handleRequest(null, Object(Config\Cache), false)
 9 SYSTEMPATH\Boot.php(334): CodeIgniter\CodeIgniter->run()
10 SYSTEMPATH\Boot.php(67): CodeIgniter\Boot::runCodeIgniter(Object(CodeIgniter\CodeIgniter))
11 FCPATH\index.php(56): CodeIgniter\Boot::bootWeb(Object(Config\Paths))
CRITICAL - 2025-06-25 19:17:34 --> [Caused by] mysqli_sql_exception: Unknown column 'quiz_id' in 'field list'
in SYSTEMPATH\Database\MySQLi\Connection.php on line 327.
 1 SYSTEMPATH\Database\MySQLi\Connection.php(327): mysqli->query('INSERT INTO `quiz_answers` (`quiz_id`, `question_text`, `marks`, `q_type`) VALUES (\'3\', \'ewqrwqe223wq\', \'23\', \'true_false\')', 0)
 2 SYSTEMPATH\Database\BaseConnection.php(738): CodeIgniter\Database\MySQLi\Connection->execute('INSERT INTO `quiz_answers` (`quiz_id`, `question_text`, `marks`, `q_type`) VALUES (\'3\', \'ewqrwqe223wq\', \'23\', \'true_false\')')
 3 SYSTEMPATH\Database\BaseConnection.php(652): CodeIgniter\Database\BaseConnection->simpleQuery('INSERT INTO `quiz_answers` (`quiz_id`, `question_text`, `marks`, `q_type`) VALUES (\'3\', \'ewqrwqe223wq\', \'23\', \'true_false\')')
 4 SYSTEMPATH\Database\BaseBuilder.php(2345): CodeIgniter\Database\BaseConnection->query('INSERT INTO `quiz_answers` (`quiz_id`, `question_text`, `marks`, `q_type`) VALUES (:quiz_id:, :question_text:, :marks:, :q_type:)', [...], false)
 5 APPPATH\Models\QuizModel.php(11): CodeIgniter\Database\BaseBuilder->insert([...])
 6 APPPATH\Controllers\quizcontroller.php(350): App\Models\QuizModel->store('quiz_answers', [...])
 7 SYSTEMPATH\CodeIgniter.php(933): App\Controllers\quizcontroller->save_questions()
 8 SYSTEMPATH\CodeIgniter.php(507): CodeIgniter\CodeIgniter->runController(Object(App\Controllers\quizcontroller))
 9 SYSTEMPATH\CodeIgniter.php(354): CodeIgniter\CodeIgniter->handleRequest(null, Object(Config\Cache), false)
10 SYSTEMPATH\Boot.php(334): CodeIgniter\CodeIgniter->run()
11 SYSTEMPATH\Boot.php(67): CodeIgniter\Boot::runCodeIgniter(Object(CodeIgniter\CodeIgniter))
12 FCPATH\index.php(56): CodeIgniter\Boot::bootWeb(Object(Config\Paths))
DEBUG - 2025-06-25 19:18:55 --> Session: Class initialized using 'CodeIgniter\Session\Handlers\FileHandler' driver.
ERROR - 2025-06-25 19:18:55 --> mysqli_sql_exception: Unknown column 'question_text' in 'field list' in C:\xampp\htdocs\lib\system\Database\MySQLi\Connection.php:327
Stack trace:
#0 C:\xampp\htdocs\lib\system\Database\MySQLi\Connection.php(327): mysqli->query('INSERT INTO `qu...', 0)
#1 C:\xampp\htdocs\lib\system\Database\BaseConnection.php(738): CodeIgniter\Database\MySQLi\Connection->execute('INSERT INTO `qu...')
#2 C:\xampp\htdocs\lib\system\Database\BaseConnection.php(652): CodeIgniter\Database\BaseConnection->simpleQuery('INSERT INTO `qu...')
#3 C:\xampp\htdocs\lib\system\Database\BaseBuilder.php(2345): CodeIgniter\Database\BaseConnection->query('INSERT INTO `qu...', Array, false)
#4 C:\xampp\htdocs\lib\app\Models\QuizModel.php(11): CodeIgniter\Database\BaseBuilder->insert(Array)
#5 C:\xampp\htdocs\lib\app\Controllers\quizcontroller.php(350): App\Models\QuizModel->store('quiz_answers', Array)
#6 C:\xampp\htdocs\lib\system\CodeIgniter.php(933): App\Controllers\quizcontroller->save_questions()
#7 C:\xampp\htdocs\lib\system\CodeIgniter.php(507): CodeIgniter\CodeIgniter->runController(Object(App\Controllers\quizcontroller))
#8 C:\xampp\htdocs\lib\system\CodeIgniter.php(354): CodeIgniter\CodeIgniter->handleRequest(NULL, Object(Config\Cache), false)
#9 C:\xampp\htdocs\lib\system\Boot.php(334): CodeIgniter\CodeIgniter->run()
#10 C:\xampp\htdocs\lib\system\Boot.php(67): CodeIgniter\Boot::runCodeIgniter(Object(CodeIgniter\CodeIgniter))
#11 C:\xampp\htdocs\lib\index.php(56): CodeIgniter\Boot::bootWeb(Object(Config\Paths))
#12 {main}
CRITICAL - 2025-06-25 19:18:55 --> CodeIgniter\Database\Exceptions\DatabaseException: Unknown column 'question_text' in 'field list'
[Method: POST, Route: save_questions]
in SYSTEMPATH\Database\BaseConnection.php on line 692.
 1 SYSTEMPATH\Database\BaseBuilder.php(2345): CodeIgniter\Database\BaseConnection->query('INSERT INTO `quiz_answers` (`quiz_question_id`, `question_text`, `marks`, `q_type`) VALUES (:quiz_question_id:, :question_text:, :marks:, :q_type:)', [...], false)
 2 APPPATH\Models\QuizModel.php(11): CodeIgniter\Database\BaseBuilder->insert([...])
 3 APPPATH\Controllers\quizcontroller.php(350): App\Models\QuizModel->store('quiz_answers', [...])
 4 SYSTEMPATH\CodeIgniter.php(933): App\Controllers\quizcontroller->save_questions()
 5 SYSTEMPATH\CodeIgniter.php(507): CodeIgniter\CodeIgniter->runController(Object(App\Controllers\quizcontroller))
 6 SYSTEMPATH\CodeIgniter.php(354): CodeIgniter\CodeIgniter->handleRequest(null, Object(Config\Cache), false)
 7 SYSTEMPATH\Boot.php(334): CodeIgniter\CodeIgniter->run()
 8 SYSTEMPATH\Boot.php(67): CodeIgniter\Boot::runCodeIgniter(Object(CodeIgniter\CodeIgniter))
 9 FCPATH\index.php(56): CodeIgniter\Boot::bootWeb(Object(Config\Paths))
CRITICAL - 2025-06-25 19:18:55 --> [Caused by] CodeIgniter\Database\Exceptions\DatabaseException: Unknown column 'question_text' in 'field list'
in SYSTEMPATH\Database\MySQLi\Connection.php on line 332.
 1 SYSTEMPATH\Database\BaseConnection.php(738): CodeIgniter\Database\MySQLi\Connection->execute('INSERT INTO `quiz_answers` (`quiz_question_id`, `question_text`, `marks`, `q_type`) VALUES (\'3\', \'ewqrwqe223wq\', \'23\', \'true_false\')')
 2 SYSTEMPATH\Database\BaseConnection.php(652): CodeIgniter\Database\BaseConnection->simpleQuery('INSERT INTO `quiz_answers` (`quiz_question_id`, `question_text`, `marks`, `q_type`) VALUES (\'3\', \'ewqrwqe223wq\', \'23\', \'true_false\')')
 3 SYSTEMPATH\Database\BaseBuilder.php(2345): CodeIgniter\Database\BaseConnection->query('INSERT INTO `quiz_answers` (`quiz_question_id`, `question_text`, `marks`, `q_type`) VALUES (:quiz_question_id:, :question_text:, :marks:, :q_type:)', [...], false)
 4 APPPATH\Models\QuizModel.php(11): CodeIgniter\Database\BaseBuilder->insert([...])
 5 APPPATH\Controllers\quizcontroller.php(350): App\Models\QuizModel->store('quiz_answers', [...])
 6 SYSTEMPATH\CodeIgniter.php(933): App\Controllers\quizcontroller->save_questions()
 7 SYSTEMPATH\CodeIgniter.php(507): CodeIgniter\CodeIgniter->runController(Object(App\Controllers\quizcontroller))
 8 SYSTEMPATH\CodeIgniter.php(354): CodeIgniter\CodeIgniter->handleRequest(null, Object(Config\Cache), false)
 9 SYSTEMPATH\Boot.php(334): CodeIgniter\CodeIgniter->run()
10 SYSTEMPATH\Boot.php(67): CodeIgniter\Boot::runCodeIgniter(Object(CodeIgniter\CodeIgniter))
11 FCPATH\index.php(56): CodeIgniter\Boot::bootWeb(Object(Config\Paths))
CRITICAL - 2025-06-25 19:18:55 --> [Caused by] mysqli_sql_exception: Unknown column 'question_text' in 'field list'
in SYSTEMPATH\Database\MySQLi\Connection.php on line 327.
 1 SYSTEMPATH\Database\MySQLi\Connection.php(327): mysqli->query('INSERT INTO `quiz_answers` (`quiz_question_id`, `question_text`, `marks`, `q_type`) VALUES (\'3\', \'ewqrwqe223wq\', \'23\', \'true_false\')', 0)
 2 SYSTEMPATH\Database\BaseConnection.php(738): CodeIgniter\Database\MySQLi\Connection->execute('INSERT INTO `quiz_answers` (`quiz_question_id`, `question_text`, `marks`, `q_type`) VALUES (\'3\', \'ewqrwqe223wq\', \'23\', \'true_false\')')
 3 SYSTEMPATH\Database\BaseConnection.php(652): CodeIgniter\Database\BaseConnection->simpleQuery('INSERT INTO `quiz_answers` (`quiz_question_id`, `question_text`, `marks`, `q_type`) VALUES (\'3\', \'ewqrwqe223wq\', \'23\', \'true_false\')')
 4 SYSTEMPATH\Database\BaseBuilder.php(2345): CodeIgniter\Database\BaseConnection->query('INSERT INTO `quiz_answers` (`quiz_question_id`, `question_text`, `marks`, `q_type`) VALUES (:quiz_question_id:, :question_text:, :marks:, :q_type:)', [...], false)
 5 APPPATH\Models\QuizModel.php(11): CodeIgniter\Database\BaseBuilder->insert([...])
 6 APPPATH\Controllers\quizcontroller.php(350): App\Models\QuizModel->store('quiz_answers', [...])
 7 SYSTEMPATH\CodeIgniter.php(933): App\Controllers\quizcontroller->save_questions()
 8 SYSTEMPATH\CodeIgniter.php(507): CodeIgniter\CodeIgniter->runController(Object(App\Controllers\quizcontroller))
 9 SYSTEMPATH\CodeIgniter.php(354): CodeIgniter\CodeIgniter->handleRequest(null, Object(Config\Cache), false)
10 SYSTEMPATH\Boot.php(334): CodeIgniter\CodeIgniter->run()
11 SYSTEMPATH\Boot.php(67): CodeIgniter\Boot::runCodeIgniter(Object(CodeIgniter\CodeIgniter))
12 FCPATH\index.php(56): CodeIgniter\Boot::bootWeb(Object(Config\Paths))
DEBUG - 2025-06-25 19:21:35 --> Session: Class initialized using 'CodeIgniter\Session\Handlers\FileHandler' driver.
ERROR - 2025-06-25 19:21:35 --> mysqli_sql_exception: Table 'quiz.quiz_questions' doesn't exist in C:\xampp\htdocs\lib\system\Database\MySQLi\Connection.php:327
Stack trace:
#0 C:\xampp\htdocs\lib\system\Database\MySQLi\Connection.php(327): mysqli->query('INSERT INTO `qu...', 0)
#1 C:\xampp\htdocs\lib\system\Database\BaseConnection.php(738): CodeIgniter\Database\MySQLi\Connection->execute('INSERT INTO `qu...')
#2 C:\xampp\htdocs\lib\system\Database\BaseConnection.php(652): CodeIgniter\Database\BaseConnection->simpleQuery('INSERT INTO `qu...')
#3 C:\xampp\htdocs\lib\system\Database\BaseBuilder.php(2345): CodeIgniter\Database\BaseConnection->query('INSERT INTO `qu...', Array, false)
#4 C:\xampp\htdocs\lib\app\Models\QuizModel.php(11): CodeIgniter\Database\BaseBuilder->insert(Array)
#5 C:\xampp\htdocs\lib\app\Controllers\quizcontroller.php(349): App\Models\QuizModel->store('quiz_questions', Array)
#6 C:\xampp\htdocs\lib\system\CodeIgniter.php(933): App\Controllers\quizcontroller->save_questions()
#7 C:\xampp\htdocs\lib\system\CodeIgniter.php(507): CodeIgniter\CodeIgniter->runController(Object(App\Controllers\quizcontroller))
#8 C:\xampp\htdocs\lib\system\CodeIgniter.php(354): CodeIgniter\CodeIgniter->handleRequest(NULL, Object(Config\Cache), false)
#9 C:\xampp\htdocs\lib\system\Boot.php(334): CodeIgniter\CodeIgniter->run()
#10 C:\xampp\htdocs\lib\system\Boot.php(67): CodeIgniter\Boot::runCodeIgniter(Object(CodeIgniter\CodeIgniter))
#11 C:\xampp\htdocs\lib\index.php(56): CodeIgniter\Boot::bootWeb(Object(Config\Paths))
#12 {main}
CRITICAL - 2025-06-25 19:21:35 --> CodeIgniter\Database\Exceptions\DatabaseException: Table 'quiz.quiz_questions' doesn't exist
[Method: POST, Route: save_questions]
in SYSTEMPATH\Database\BaseConnection.php on line 692.
 1 SYSTEMPATH\Database\BaseBuilder.php(2345): CodeIgniter\Database\BaseConnection->query('INSERT INTO `quiz_questions` (`quiz_id`, `question_text`, `marks`, `q_type`) VALUES (:quiz_id:, :question_text:, :marks:, :q_type:)', [...], false)
 2 APPPATH\Models\QuizModel.php(11): CodeIgniter\Database\BaseBuilder->insert([...])
 3 APPPATH\Controllers\quizcontroller.php(349): App\Models\QuizModel->store('quiz_questions', [...])
 4 SYSTEMPATH\CodeIgniter.php(933): App\Controllers\quizcontroller->save_questions()
 5 SYSTEMPATH\CodeIgniter.php(507): CodeIgniter\CodeIgniter->runController(Object(App\Controllers\quizcontroller))
 6 SYSTEMPATH\CodeIgniter.php(354): CodeIgniter\CodeIgniter->handleRequest(null, Object(Config\Cache), false)
 7 SYSTEMPATH\Boot.php(334): CodeIgniter\CodeIgniter->run()
 8 SYSTEMPATH\Boot.php(67): CodeIgniter\Boot::runCodeIgniter(Object(CodeIgniter\CodeIgniter))
 9 FCPATH\index.php(56): CodeIgniter\Boot::bootWeb(Object(Config\Paths))
CRITICAL - 2025-06-25 19:21:35 --> [Caused by] CodeIgniter\Database\Exceptions\DatabaseException: Table 'quiz.quiz_questions' doesn't exist
in SYSTEMPATH\Database\MySQLi\Connection.php on line 332.
 1 SYSTEMPATH\Database\BaseConnection.php(738): CodeIgniter\Database\MySQLi\Connection->execute('INSERT INTO `quiz_questions` (`quiz_id`, `question_text`, `marks`, `q_type`) VALUES (\'3\', \'ewqrwqe223wq\', \'23\', \'true_false\')')
 2 SYSTEMPATH\Database\BaseConnection.php(652): CodeIgniter\Database\BaseConnection->simpleQuery('INSERT INTO `quiz_questions` (`quiz_id`, `question_text`, `marks`, `q_type`) VALUES (\'3\', \'ewqrwqe223wq\', \'23\', \'true_false\')')
 3 SYSTEMPATH\Database\BaseBuilder.php(2345): CodeIgniter\Database\BaseConnection->query('INSERT INTO `quiz_questions` (`quiz_id`, `question_text`, `marks`, `q_type`) VALUES (:quiz_id:, :question_text:, :marks:, :q_type:)', [...], false)
 4 APPPATH\Models\QuizModel.php(11): CodeIgniter\Database\BaseBuilder->insert([...])
 5 APPPATH\Controllers\quizcontroller.php(349): App\Models\QuizModel->store('quiz_questions', [...])
 6 SYSTEMPATH\CodeIgniter.php(933): App\Controllers\quizcontroller->save_questions()
 7 SYSTEMPATH\CodeIgniter.php(507): CodeIgniter\CodeIgniter->runController(Object(App\Controllers\quizcontroller))
 8 SYSTEMPATH\CodeIgniter.php(354): CodeIgniter\CodeIgniter->handleRequest(null, Object(Config\Cache), false)
 9 SYSTEMPATH\Boot.php(334): CodeIgniter\CodeIgniter->run()
10 SYSTEMPATH\Boot.php(67): CodeIgniter\Boot::runCodeIgniter(Object(CodeIgniter\CodeIgniter))
11 FCPATH\index.php(56): CodeIgniter\Boot::bootWeb(Object(Config\Paths))
CRITICAL - 2025-06-25 19:21:35 --> [Caused by] mysqli_sql_exception: Table 'quiz.quiz_questions' doesn't exist
in SYSTEMPATH\Database\MySQLi\Connection.php on line 327.
 1 SYSTEMPATH\Database\MySQLi\Connection.php(327): mysqli->query('INSERT INTO `quiz_questions` (`quiz_id`, `question_text`, `marks`, `q_type`) VALUES (\'3\', \'ewqrwqe223wq\', \'23\', \'true_false\')', 0)
 2 SYSTEMPATH\Database\BaseConnection.php(738): CodeIgniter\Database\MySQLi\Connection->execute('INSERT INTO `quiz_questions` (`quiz_id`, `question_text`, `marks`, `q_type`) VALUES (\'3\', \'ewqrwqe223wq\', \'23\', \'true_false\')')
 3 SYSTEMPATH\Database\BaseConnection.php(652): CodeIgniter\Database\BaseConnection->simpleQuery('INSERT INTO `quiz_questions` (`quiz_id`, `question_text`, `marks`, `q_type`) VALUES (\'3\', \'ewqrwqe223wq\', \'23\', \'true_false\')')
 4 SYSTEMPATH\Database\BaseBuilder.php(2345): CodeIgniter\Database\BaseConnection->query('INSERT INTO `quiz_questions` (`quiz_id`, `question_text`, `marks`, `q_type`) VALUES (:quiz_id:, :question_text:, :marks:, :q_type:)', [...], false)
 5 APPPATH\Models\QuizModel.php(11): CodeIgniter\Database\BaseBuilder->insert([...])
 6 APPPATH\Controllers\quizcontroller.php(349): App\Models\QuizModel->store('quiz_questions', [...])
 7 SYSTEMPATH\CodeIgniter.php(933): App\Controllers\quizcontroller->save_questions()
 8 SYSTEMPATH\CodeIgniter.php(507): CodeIgniter\CodeIgniter->runController(Object(App\Controllers\quizcontroller))
 9 SYSTEMPATH\CodeIgniter.php(354): CodeIgniter\CodeIgniter->handleRequest(null, Object(Config\Cache), false)
10 SYSTEMPATH\Boot.php(334): CodeIgniter\CodeIgniter->run()
11 SYSTEMPATH\Boot.php(67): CodeIgniter\Boot::runCodeIgniter(Object(CodeIgniter\CodeIgniter))
12 FCPATH\index.php(56): CodeIgniter\Boot::bootWeb(Object(Config\Paths))
DEBUG - 2025-06-25 19:23:46 --> Session: Class initialized using 'CodeIgniter\Session\Handlers\FileHandler' driver.
DEBUG - 2025-06-25 19:25:02 --> Session: Class initialized using 'CodeIgniter\Session\Handlers\FileHandler' driver.
DEBUG - 2025-06-25 19:25:04 --> Session: Class initialized using 'CodeIgniter\Session\Handlers\FileHandler' driver.
DEBUG - 2025-06-25 19:25:51 --> Session: Class initialized using 'CodeIgniter\Session\Handlers\FileHandler' driver.
ERROR - 2025-06-25 19:25:51 --> mysqli_sql_exception: Unknown column 'question_text' in 'field list' in C:\xampp\htdocs\lib\system\Database\MySQLi\Connection.php:327
Stack trace:
#0 C:\xampp\htdocs\lib\system\Database\MySQLi\Connection.php(327): mysqli->query('INSERT INTO `qu...', 0)
#1 C:\xampp\htdocs\lib\system\Database\BaseConnection.php(738): CodeIgniter\Database\MySQLi\Connection->execute('INSERT INTO `qu...')
#2 C:\xampp\htdocs\lib\system\Database\BaseConnection.php(652): CodeIgniter\Database\BaseConnection->simpleQuery('INSERT INTO `qu...')
#3 C:\xampp\htdocs\lib\system\Database\BaseBuilder.php(2345): CodeIgniter\Database\BaseConnection->query('INSERT INTO `qu...', Array, false)
#4 C:\xampp\htdocs\lib\app\Models\QuizModel.php(11): CodeIgniter\Database\BaseBuilder->insert(Array)
#5 C:\xampp\htdocs\lib\app\Controllers\quizcontroller.php(350): App\Models\QuizModel->store('quiz_answers', Array)
#6 C:\xampp\htdocs\lib\system\CodeIgniter.php(933): App\Controllers\quizcontroller->save_questions()
#7 C:\xampp\htdocs\lib\system\CodeIgniter.php(507): CodeIgniter\CodeIgniter->runController(Object(App\Controllers\quizcontroller))
#8 C:\xampp\htdocs\lib\system\CodeIgniter.php(354): CodeIgniter\CodeIgniter->handleRequest(NULL, Object(Config\Cache), false)
#9 C:\xampp\htdocs\lib\system\Boot.php(334): CodeIgniter\CodeIgniter->run()
#10 C:\xampp\htdocs\lib\system\Boot.php(67): CodeIgniter\Boot::runCodeIgniter(Object(CodeIgniter\CodeIgniter))
#11 C:\xampp\htdocs\lib\index.php(56): CodeIgniter\Boot::bootWeb(Object(Config\Paths))
#12 {main}
CRITICAL - 2025-06-25 19:25:51 --> CodeIgniter\Database\Exceptions\DatabaseException: Unknown column 'question_text' in 'field list'
[Method: POST, Route: save_questions]
in SYSTEMPATH\Database\BaseConnection.php on line 692.
 1 SYSTEMPATH\Database\BaseBuilder.php(2345): CodeIgniter\Database\BaseConnection->query('INSERT INTO `quiz_answers` (`quiz_question_id`, `question_text`, `marks`, `q_type`) VALUES (:quiz_question_id:, :question_text:, :marks:, :q_type:)', [...], false)
 2 APPPATH\Models\QuizModel.php(11): CodeIgniter\Database\BaseBuilder->insert([...])
 3 APPPATH\Controllers\quizcontroller.php(350): App\Models\QuizModel->store('quiz_answers', [...])
 4 SYSTEMPATH\CodeIgniter.php(933): App\Controllers\quizcontroller->save_questions()
 5 SYSTEMPATH\CodeIgniter.php(507): CodeIgniter\CodeIgniter->runController(Object(App\Controllers\quizcontroller))
 6 SYSTEMPATH\CodeIgniter.php(354): CodeIgniter\CodeIgniter->handleRequest(null, Object(Config\Cache), false)
 7 SYSTEMPATH\Boot.php(334): CodeIgniter\CodeIgniter->run()
 8 SYSTEMPATH\Boot.php(67): CodeIgniter\Boot::runCodeIgniter(Object(CodeIgniter\CodeIgniter))
 9 FCPATH\index.php(56): CodeIgniter\Boot::bootWeb(Object(Config\Paths))
CRITICAL - 2025-06-25 19:25:51 --> [Caused by] CodeIgniter\Database\Exceptions\DatabaseException: Unknown column 'question_text' in 'field list'
in SYSTEMPATH\Database\MySQLi\Connection.php on line 332.
 1 SYSTEMPATH\Database\BaseConnection.php(738): CodeIgniter\Database\MySQLi\Connection->execute('INSERT INTO `quiz_answers` (`quiz_question_id`, `question_text`, `marks`, `q_type`) VALUES (\'1\', \'Qrwerw\', \'3\', \'true_false\')')
 2 SYSTEMPATH\Database\BaseConnection.php(652): CodeIgniter\Database\BaseConnection->simpleQuery('INSERT INTO `quiz_answers` (`quiz_question_id`, `question_text`, `marks`, `q_type`) VALUES (\'1\', \'Qrwerw\', \'3\', \'true_false\')')
 3 SYSTEMPATH\Database\BaseBuilder.php(2345): CodeIgniter\Database\BaseConnection->query('INSERT INTO `quiz_answers` (`quiz_question_id`, `question_text`, `marks`, `q_type`) VALUES (:quiz_question_id:, :question_text:, :marks:, :q_type:)', [...], false)
 4 APPPATH\Models\QuizModel.php(11): CodeIgniter\Database\BaseBuilder->insert([...])
 5 APPPATH\Controllers\quizcontroller.php(350): App\Models\QuizModel->store('quiz_answers', [...])
 6 SYSTEMPATH\CodeIgniter.php(933): App\Controllers\quizcontroller->save_questions()
 7 SYSTEMPATH\CodeIgniter.php(507): CodeIgniter\CodeIgniter->runController(Object(App\Controllers\quizcontroller))
 8 SYSTEMPATH\CodeIgniter.php(354): CodeIgniter\CodeIgniter->handleRequest(null, Object(Config\Cache), false)
 9 SYSTEMPATH\Boot.php(334): CodeIgniter\CodeIgniter->run()
10 SYSTEMPATH\Boot.php(67): CodeIgniter\Boot::runCodeIgniter(Object(CodeIgniter\CodeIgniter))
11 FCPATH\index.php(56): CodeIgniter\Boot::bootWeb(Object(Config\Paths))
CRITICAL - 2025-06-25 19:25:51 --> [Caused by] mysqli_sql_exception: Unknown column 'question_text' in 'field list'
in SYSTEMPATH\Database\MySQLi\Connection.php on line 327.
 1 SYSTEMPATH\Database\MySQLi\Connection.php(327): mysqli->query('INSERT INTO `quiz_answers` (`quiz_question_id`, `question_text`, `marks`, `q_type`) VALUES (\'1\', \'Qrwerw\', \'3\', \'true_false\')', 0)
 2 SYSTEMPATH\Database\BaseConnection.php(738): CodeIgniter\Database\MySQLi\Connection->execute('INSERT INTO `quiz_answers` (`quiz_question_id`, `question_text`, `marks`, `q_type`) VALUES (\'1\', \'Qrwerw\', \'3\', \'true_false\')')
 3 SYSTEMPATH\Database\BaseConnection.php(652): CodeIgniter\Database\BaseConnection->simpleQuery('INSERT INTO `quiz_answers` (`quiz_question_id`, `question_text`, `marks`, `q_type`) VALUES (\'1\', \'Qrwerw\', \'3\', \'true_false\')')
 4 SYSTEMPATH\Database\BaseBuilder.php(2345): CodeIgniter\Database\BaseConnection->query('INSERT INTO `quiz_answers` (`quiz_question_id`, `question_text`, `marks`, `q_type`) VALUES (:quiz_question_id:, :question_text:, :marks:, :q_type:)', [...], false)
 5 APPPATH\Models\QuizModel.php(11): CodeIgniter\Database\BaseBuilder->insert([...])
 6 APPPATH\Controllers\quizcontroller.php(350): App\Models\QuizModel->store('quiz_answers', [...])
 7 SYSTEMPATH\CodeIgniter.php(933): App\Controllers\quizcontroller->save_questions()
 8 SYSTEMPATH\CodeIgniter.php(507): CodeIgniter\CodeIgniter->runController(Object(App\Controllers\quizcontroller))
 9 SYSTEMPATH\CodeIgniter.php(354): CodeIgniter\CodeIgniter->handleRequest(null, Object(Config\Cache), false)
10 SYSTEMPATH\Boot.php(334): CodeIgniter\CodeIgniter->run()
11 SYSTEMPATH\Boot.php(67): CodeIgniter\Boot::runCodeIgniter(Object(CodeIgniter\CodeIgniter))
12 FCPATH\index.php(56): CodeIgniter\Boot::bootWeb(Object(Config\Paths))
DEBUG - 2025-06-25 19:27:11 --> Session: Class initialized using 'CodeIgniter\Session\Handlers\FileHandler' driver.
ERROR - 2025-06-25 19:27:11 --> mysqli_sql_exception: Duplicate entry '1' for key 'PRIMARY' in C:\xampp\htdocs\lib\system\Database\MySQLi\Connection.php:327
Stack trace:
#0 C:\xampp\htdocs\lib\system\Database\MySQLi\Connection.php(327): mysqli->query('INSERT INTO `qu...', 0)
#1 C:\xampp\htdocs\lib\system\Database\BaseConnection.php(738): CodeIgniter\Database\MySQLi\Connection->execute('INSERT INTO `qu...')
#2 C:\xampp\htdocs\lib\system\Database\BaseConnection.php(652): CodeIgniter\Database\BaseConnection->simpleQuery('INSERT INTO `qu...')
#3 C:\xampp\htdocs\lib\system\Database\BaseBuilder.php(2345): CodeIgniter\Database\BaseConnection->query('INSERT INTO `qu...', Array, false)
#4 C:\xampp\htdocs\lib\app\Models\QuizModel.php(11): CodeIgniter\Database\BaseBuilder->insert(Array)
#5 C:\xampp\htdocs\lib\app\Controllers\quizcontroller.php(350): App\Models\QuizModel->store('quiz_questions', Array)
#6 C:\xampp\htdocs\lib\system\CodeIgniter.php(933): App\Controllers\quizcontroller->save_questions()
#7 C:\xampp\htdocs\lib\system\CodeIgniter.php(507): CodeIgniter\CodeIgniter->runController(Object(App\Controllers\quizcontroller))
#8 C:\xampp\htdocs\lib\system\CodeIgniter.php(354): CodeIgniter\CodeIgniter->handleRequest(NULL, Object(Config\Cache), false)
#9 C:\xampp\htdocs\lib\system\Boot.php(334): CodeIgniter\CodeIgniter->run()
#10 C:\xampp\htdocs\lib\system\Boot.php(67): CodeIgniter\Boot::runCodeIgniter(Object(CodeIgniter\CodeIgniter))
#11 C:\xampp\htdocs\lib\index.php(56): CodeIgniter\Boot::bootWeb(Object(Config\Paths))
#12 {main}
CRITICAL - 2025-06-25 19:27:11 --> CodeIgniter\Database\Exceptions\DatabaseException: Duplicate entry '1' for key 'PRIMARY'
[Method: POST, Route: save_questions]
in SYSTEMPATH\Database\BaseConnection.php on line 692.
 1 SYSTEMPATH\Database\BaseBuilder.php(2345): CodeIgniter\Database\BaseConnection->query('INSERT INTO `quiz_questions` (`quiz_question_id`, `question_text`, `marks`, `q_type`) VALUES (:quiz_question_id:, :question_text:, :marks:, :q_type:)', [...], false)
 2 APPPATH\Models\QuizModel.php(11): CodeIgniter\Database\BaseBuilder->insert([...])
 3 APPPATH\Controllers\quizcontroller.php(350): App\Models\QuizModel->store('quiz_questions', [...])
 4 SYSTEMPATH\CodeIgniter.php(933): App\Controllers\quizcontroller->save_questions()
 5 SYSTEMPATH\CodeIgniter.php(507): CodeIgniter\CodeIgniter->runController(Object(App\Controllers\quizcontroller))
 6 SYSTEMPATH\CodeIgniter.php(354): CodeIgniter\CodeIgniter->handleRequest(null, Object(Config\Cache), false)
 7 SYSTEMPATH\Boot.php(334): CodeIgniter\CodeIgniter->run()
 8 SYSTEMPATH\Boot.php(67): CodeIgniter\Boot::runCodeIgniter(Object(CodeIgniter\CodeIgniter))
 9 FCPATH\index.php(56): CodeIgniter\Boot::bootWeb(Object(Config\Paths))
CRITICAL - 2025-06-25 19:27:11 --> [Caused by] CodeIgniter\Database\Exceptions\DatabaseException: Duplicate entry '1' for key 'PRIMARY'
in SYSTEMPATH\Database\MySQLi\Connection.php on line 332.
 1 SYSTEMPATH\Database\BaseConnection.php(738): CodeIgniter\Database\MySQLi\Connection->execute('INSERT INTO `quiz_questions` (`quiz_question_id`, `question_text`, `marks`, `q_type`) VALUES (\'1\', \'Qrwerw\', \'3\', \'true_false\')')
 2 SYSTEMPATH\Database\BaseConnection.php(652): CodeIgniter\Database\BaseConnection->simpleQuery('INSERT INTO `quiz_questions` (`quiz_question_id`, `question_text`, `marks`, `q_type`) VALUES (\'1\', \'Qrwerw\', \'3\', \'true_false\')')
 3 SYSTEMPATH\Database\BaseBuilder.php(2345): CodeIgniter\Database\BaseConnection->query('INSERT INTO `quiz_questions` (`quiz_question_id`, `question_text`, `marks`, `q_type`) VALUES (:quiz_question_id:, :question_text:, :marks:, :q_type:)', [...], false)
 4 APPPATH\Models\QuizModel.php(11): CodeIgniter\Database\BaseBuilder->insert([...])
 5 APPPATH\Controllers\quizcontroller.php(350): App\Models\QuizModel->store('quiz_questions', [...])
 6 SYSTEMPATH\CodeIgniter.php(933): App\Controllers\quizcontroller->save_questions()
 7 SYSTEMPATH\CodeIgniter.php(507): CodeIgniter\CodeIgniter->runController(Object(App\Controllers\quizcontroller))
 8 SYSTEMPATH\CodeIgniter.php(354): CodeIgniter\CodeIgniter->handleRequest(null, Object(Config\Cache), false)
 9 SYSTEMPATH\Boot.php(334): CodeIgniter\CodeIgniter->run()
10 SYSTEMPATH\Boot.php(67): CodeIgniter\Boot::runCodeIgniter(Object(CodeIgniter\CodeIgniter))
11 FCPATH\index.php(56): CodeIgniter\Boot::bootWeb(Object(Config\Paths))
CRITICAL - 2025-06-25 19:27:11 --> [Caused by] mysqli_sql_exception: Duplicate entry '1' for key 'PRIMARY'
in SYSTEMPATH\Database\MySQLi\Connection.php on line 327.
 1 SYSTEMPATH\Database\MySQLi\Connection.php(327): mysqli->query('INSERT INTO `quiz_questions` (`quiz_question_id`, `question_text`, `marks`, `q_type`) VALUES (\'1\', \'Qrwerw\', \'3\', \'true_false\')', 0)
 2 SYSTEMPATH\Database\BaseConnection.php(738): CodeIgniter\Database\MySQLi\Connection->execute('INSERT INTO `quiz_questions` (`quiz_question_id`, `question_text`, `marks`, `q_type`) VALUES (\'1\', \'Qrwerw\', \'3\', \'true_false\')')
 3 SYSTEMPATH\Database\BaseConnection.php(652): CodeIgniter\Database\BaseConnection->simpleQuery('INSERT INTO `quiz_questions` (`quiz_question_id`, `question_text`, `marks`, `q_type`) VALUES (\'1\', \'Qrwerw\', \'3\', \'true_false\')')
 4 SYSTEMPATH\Database\BaseBuilder.php(2345): CodeIgniter\Database\BaseConnection->query('INSERT INTO `quiz_questions` (`quiz_question_id`, `question_text`, `marks`, `q_type`) VALUES (:quiz_question_id:, :question_text:, :marks:, :q_type:)', [...], false)
 5 APPPATH\Models\QuizModel.php(11): CodeIgniter\Database\BaseBuilder->insert([...])
 6 APPPATH\Controllers\quizcontroller.php(350): App\Models\QuizModel->store('quiz_questions', [...])
 7 SYSTEMPATH\CodeIgniter.php(933): App\Controllers\quizcontroller->save_questions()
 8 SYSTEMPATH\CodeIgniter.php(507): CodeIgniter\CodeIgniter->runController(Object(App\Controllers\quizcontroller))
 9 SYSTEMPATH\CodeIgniter.php(354): CodeIgniter\CodeIgniter->handleRequest(null, Object(Config\Cache), false)
10 SYSTEMPATH\Boot.php(334): CodeIgniter\CodeIgniter->run()
11 SYSTEMPATH\Boot.php(67): CodeIgniter\Boot::runCodeIgniter(Object(CodeIgniter\CodeIgniter))
12 FCPATH\index.php(56): CodeIgniter\Boot::bootWeb(Object(Config\Paths))
DEBUG - 2025-06-25 19:29:40 --> Session: Class initialized using 'CodeIgniter\Session\Handlers\FileHandler' driver.
DEBUG - 2025-06-25 19:29:42 --> Session: Class initialized using 'CodeIgniter\Session\Handlers\FileHandler' driver.
DEBUG - 2025-06-25 19:32:12 --> Session: Class initialized using 'CodeIgniter\Session\Handlers\FileHandler' driver.
DEBUG - 2025-06-25 19:32:58 --> Session: Class initialized using 'CodeIgniter\Session\Handlers\FileHandler' driver.
DEBUG - 2025-06-25 19:34:08 --> Session: Class initialized using 'CodeIgniter\Session\Handlers\FileHandler' driver.
DEBUG - 2025-06-25 19:34:30 --> Session: Class initialized using 'CodeIgniter\Session\Handlers\FileHandler' driver.
DEBUG - 2025-06-25 19:34:42 --> Session: Class initialized using 'CodeIgniter\Session\Handlers\FileHandler' driver.
DEBUG - 2025-06-25 19:34:44 --> Session: Class initialized using 'CodeIgniter\Session\Handlers\FileHandler' driver.
WARNING - 2025-06-25 19:35:48 --> [DEPRECATED] explode(): Passing null to parameter #2 ($string) of type string is deprecated in APPPATH\Views\quiz\Exam.php on line 333.
 1 APPPATH\Views\quiz\Exam.php(333): explode('|||', null)
 2 SYSTEMPATH\View\View.php(224): include('C:\\xampp\\htdocs\\lib\\app\\Views\\quiz\\Exam.php')
 3 SYSTEMPATH\View\View.php(227): CodeIgniter\View\View->CodeIgniter\View\{closure}()
 4 SYSTEMPATH\Common.php(1173): CodeIgniter\View\View->render('quiz/Exam', [], true)
 5 APPPATH\Controllers\quizcontroller.php(28): view('quiz/Exam', [...])
 6 SYSTEMPATH\CodeIgniter.php(933): App\Controllers\quizcontroller->view_quiz('2')
 7 SYSTEMPATH\CodeIgniter.php(507): CodeIgniter\CodeIgniter->runController(Object(App\Controllers\quizcontroller))
 8 SYSTEMPATH\CodeIgniter.php(354): CodeIgniter\CodeIgniter->handleRequest(null, Object(Config\Cache), false)
 9 SYSTEMPATH\Boot.php(334): CodeIgniter\CodeIgniter->run()
10 SYSTEMPATH\Boot.php(67): CodeIgniter\Boot::runCodeIgniter(Object(CodeIgniter\CodeIgniter))
11 FCPATH\index.php(56): CodeIgniter\Boot::bootWeb(Object(Config\Paths))
DEBUG - 2025-06-25 19:53:41 --> Session: Class initialized using 'CodeIgniter\Session\Handlers\FileHandler' driver.
DEBUG - 2025-06-25 19:55:11 --> Session: Class initialized using 'CodeIgniter\Session\Handlers\FileHandler' driver.
DEBUG - 2025-06-25 19:55:13 --> Session: Class initialized using 'CodeIgniter\Session\Handlers\FileHandler' driver.
DEBUG - 2025-06-25 19:56:18 --> Session: Class initialized using 'CodeIgniter\Session\Handlers\FileHandler' driver.
