DEBUG - 2025-06-22 08:36:14 --> Session: Class initialized using 'CodeIgniter\Session\Handlers\FileHandler' driver.
DEBUG - 2025-06-22 08:36:15 --> Session: Class initialized using 'CodeIgniter\Session\Handlers\FileHandler' driver.
ERROR - 2025-06-22 08:36:19 --> Error connecting to the database: mysqli_sql_exception: No connection could be made because the target machine actively refused it in C:\xampp\htdocs\lib\system\Database\MySQLi\Connection.php:201
Stack trace:
#0 C:\xampp\htdocs\lib\system\Database\MySQLi\Connection.php(201): mysqli->real_connect('localhost', 'root', Object(SensitiveParameterValue), 'just1', 3306, '', 0)
#1 C:\xampp\htdocs\lib\system\Database\BaseConnection.php(421): CodeIgniter\Database\MySQLi\Connection->connect(false)
#2 C:\xampp\htdocs\lib\system\Database\BaseConnection.php(620): CodeIgniter\Database\BaseConnection->initialize()
#3 C:\xampp\htdocs\lib\app\Models\HomeModel.php(695): CodeIgniter\Database\BaseConnection->query('SELECT \r\n      ...', Array)
#4 C:\xampp\htdocs\lib\app\Controllers\Home.php(1350): App\Models\HomeModel->get_borrow_books(NULL)
#5 C:\xampp\htdocs\lib\system\CodeIgniter.php(933): App\Controllers\Home->fetch_borrow_booka()
#6 C:\xampp\htdocs\lib\system\CodeIgniter.php(507): CodeIgniter\CodeIgniter->runController(Object(App\Controllers\Home))
#7 C:\xampp\htdocs\lib\system\CodeIgniter.php(354): CodeIgniter\CodeIgniter->handleRequest(NULL, Object(Config\Cache), false)
#8 C:\xampp\htdocs\lib\system\Boot.php(334): CodeIgniter\CodeIgniter->run()
#9 C:\xampp\htdocs\lib\system\Boot.php(67): CodeIgniter\Boot::runCodeIgniter(Object(CodeIgniter\CodeIgniter))
#10 C:\xampp\htdocs\lib\index.php(56): CodeIgniter\Boot::bootWeb(Object(Config\Paths))
#11 {main}

Next CodeIgniter\Database\Exceptions\DatabaseException: No connection could be made because the target machine actively refused it in C:\xampp\htdocs\lib\system\Database\MySQLi\Connection.php:246
Stack trace:
#0 C:\xampp\htdocs\lib\system\Database\BaseConnection.php(421): CodeIgniter\Database\MySQLi\Connection->connect(false)
#1 C:\xampp\htdocs\lib\system\Database\BaseConnection.php(620): CodeIgniter\Database\BaseConnection->initialize()
#2 C:\xampp\htdocs\lib\app\Models\HomeModel.php(695): CodeIgniter\Database\BaseConnection->query('SELECT \r\n      ...', Array)
#3 C:\xampp\htdocs\lib\app\Controllers\Home.php(1350): App\Models\HomeModel->get_borrow_books(NULL)
#4 C:\xampp\htdocs\lib\system\CodeIgniter.php(933): App\Controllers\Home->fetch_borrow_booka()
#5 C:\xampp\htdocs\lib\system\CodeIgniter.php(507): CodeIgniter\CodeIgniter->runController(Object(App\Controllers\Home))
#6 C:\xampp\htdocs\lib\system\CodeIgniter.php(354): CodeIgniter\CodeIgniter->handleRequest(NULL, Object(Config\Cache), false)
#7 C:\xampp\htdocs\lib\system\Boot.php(334): CodeIgniter\CodeIgniter->run()
#8 C:\xampp\htdocs\lib\system\Boot.php(67): CodeIgniter\Boot::runCodeIgniter(Object(CodeIgniter\CodeIgniter))
#9 C:\xampp\htdocs\lib\index.php(56): CodeIgniter\Boot::bootWeb(Object(Config\Paths))
#10 {main}
CRITICAL - 2025-06-22 08:36:19 --> CodeIgniter\Database\Exceptions\DatabaseException: Unable to connect to the database.
Main connection [MySQLi]: No connection could be made because the target machine actively refused it
[Method: GET, Route: fetch_borrow_book]
in SYSTEMPATH\Database\BaseConnection.php on line 467.
 1 SYSTEMPATH\Database\BaseConnection.php(620): CodeIgniter\Database\BaseConnection->initialize()
 2 APPPATH\Models\HomeModel.php(695): CodeIgniter\Database\BaseConnection->query('SELECT 
            borrow.b_id AS boorow_id,
            tbl_books.book_id,
            tbl_books.title,
            tbl_books.quantity,
            authors.Name,
            tbl_books.photo,
            tbl_books.published_year,
            borrow.borrow_date,
            borrow.return_date
        FROM 
            borrow
        JOIN 
            tbl_books ON borrow.book_id = tbl_books.book_id
        JOIN 
            authors ON tbl_books.author_id = authors.author_id
        LEFT JOIN 
            returend_books ON returend_books.boorow_id = borrow.b_id
        WHERE 
            borrow.lib_user_id = ? 
            AND returend_books.boorow_id IS NULL', [...])
 3 APPPATH\Controllers\Home.php(1350): App\Models\HomeModel->get_borrow_books(null)
 4 SYSTEMPATH\CodeIgniter.php(933): App\Controllers\Home->fetch_borrow_booka()
 5 SYSTEMPATH\CodeIgniter.php(507): CodeIgniter\CodeIgniter->runController(Object(App\Controllers\Home))
 6 SYSTEMPATH\CodeIgniter.php(354): CodeIgniter\CodeIgniter->handleRequest(null, Object(Config\Cache), false)
 7 SYSTEMPATH\Boot.php(334): CodeIgniter\CodeIgniter->run()
 8 SYSTEMPATH\Boot.php(67): CodeIgniter\Boot::runCodeIgniter(Object(CodeIgniter\CodeIgniter))
 9 FCPATH\index.php(56): CodeIgniter\Boot::bootWeb(Object(Config\Paths))
