DEBUG - 2025-05-27 06:18:37 --> Session: Class initialized using 'CodeIgniter\Session\Handlers\FileHandler' driver.
DEBUG - 2025-05-27 06:18:38 --> Session: Class initialized using 'CodeIgniter\Session\Handlers\FileHandler' driver.
DEBUG - 2025-05-27 06:18:44 --> Session: Class initialized using 'CodeIgniter\Session\Handlers\FileHandler' driver.
DEBUG - 2025-05-27 06:18:44 --> Session: Class initialized using 'CodeIgniter\Session\Handlers\FileHandler' driver.
DEBUG - 2025-05-27 06:19:35 --> Session: Class initialized using 'CodeIgniter\Session\Handlers\FileHandler' driver.
DEBUG - 2025-05-27 06:19:35 --> Session: Class initialized using 'CodeIgniter\Session\Handlers\FileHandler' driver.
DEBUG - 2025-05-27 06:19:42 --> Session: Class initialized using 'CodeIgniter\Session\Handlers\FileHandler' driver.
DEBUG - 2025-05-27 06:20:12 --> Session: Class initialized using 'CodeIgniter\Session\Handlers\FileHandler' driver.
DEBUG - 2025-05-27 06:20:16 --> Session: Class initialized using 'CodeIgniter\Session\Handlers\FileHandler' driver.
DEBUG - 2025-05-27 06:20:16 --> Session: Class initialized using 'CodeIgniter\Session\Handlers\FileHandler' driver.
DEBUG - 2025-05-27 06:26:38 --> Session: Class initialized using 'CodeIgniter\Session\Handlers\FileHandler' driver.
DEBUG - 2025-05-27 06:26:43 --> Session: Class initialized using 'CodeIgniter\Session\Handlers\FileHandler' driver.
DEBUG - 2025-05-27 06:26:50 --> Session: Class initialized using 'CodeIgniter\Session\Handlers\FileHandler' driver.
DEBUG - 2025-05-27 06:26:54 --> Session: Class initialized using 'CodeIgniter\Session\Handlers\FileHandler' driver.
DEBUG - 2025-05-27 06:29:58 --> Session: Class initialized using 'CodeIgniter\Session\Handlers\FileHandler' driver.
DEBUG - 2025-05-27 06:29:58 --> Session: Class initialized using 'CodeIgniter\Session\Handlers\FileHandler' driver.
DEBUG - 2025-05-27 06:30:05 --> Session: Class initialized using 'CodeIgniter\Session\Handlers\FileHandler' driver.
DEBUG - 2025-05-27 06:30:08 --> Session: Class initialized using 'CodeIgniter\Session\Handlers\FileHandler' driver.
DEBUG - 2025-05-27 06:30:28 --> Session: Class initialized using 'CodeIgniter\Session\Handlers\FileHandler' driver.
DEBUG - 2025-05-27 06:30:35 --> Session: Class initialized using 'CodeIgniter\Session\Handlers\FileHandler' driver.
DEBUG - 2025-05-27 06:30:45 --> Session: Class initialized using 'CodeIgniter\Session\Handlers\FileHandler' driver.
DEBUG - 2025-05-27 06:30:48 --> Session: Class initialized using 'CodeIgniter\Session\Handlers\FileHandler' driver.
DEBUG - 2025-05-27 06:31:29 --> Session: Class initialized using 'CodeIgniter\Session\Handlers\FileHandler' driver.
DEBUG - 2025-05-27 06:31:54 --> Session: Class initialized using 'CodeIgniter\Session\Handlers\FileHandler' driver.
DEBUG - 2025-05-27 06:31:57 --> Session: Class initialized using 'CodeIgniter\Session\Handlers\FileHandler' driver.
DEBUG - 2025-05-27 06:32:06 --> Session: Class initialized using 'CodeIgniter\Session\Handlers\FileHandler' driver.
DEBUG - 2025-05-27 06:32:12 --> Session: Class initialized using 'CodeIgniter\Session\Handlers\FileHandler' driver.
DEBUG - 2025-05-27 06:32:26 --> Session: Class initialized using 'CodeIgniter\Session\Handlers\FileHandler' driver.
DEBUG - 2025-05-27 06:32:26 --> Session: Class initialized using 'CodeIgniter\Session\Handlers\FileHandler' driver.
DEBUG - 2025-05-27 06:32:30 --> Session: Class initialized using 'CodeIgniter\Session\Handlers\FileHandler' driver.
DEBUG - 2025-05-27 06:32:34 --> Session: Class initialized using 'CodeIgniter\Session\Handlers\FileHandler' driver.
DEBUG - 2025-05-27 06:32:50 --> Session: Class initialized using 'CodeIgniter\Session\Handlers\FileHandler' driver.
DEBUG - 2025-05-27 06:32:50 --> Session: Class initialized using 'CodeIgniter\Session\Handlers\FileHandler' driver.
DEBUG - 2025-05-27 06:32:55 --> Session: Class initialized using 'CodeIgniter\Session\Handlers\FileHandler' driver.
DEBUG - 2025-05-27 06:32:58 --> Session: Class initialized using 'CodeIgniter\Session\Handlers\FileHandler' driver.
DEBUG - 2025-05-27 06:33:05 --> Session: Class initialized using 'CodeIgniter\Session\Handlers\FileHandler' driver.
DEBUG - 2025-05-27 06:33:08 --> Session: Class initialized using 'CodeIgniter\Session\Handlers\FileHandler' driver.
DEBUG - 2025-05-27 06:33:08 --> Session: Class initialized using 'CodeIgniter\Session\Handlers\FileHandler' driver.
DEBUG - 2025-05-27 06:37:29 --> Session: Class initialized using 'CodeIgniter\Session\Handlers\FileHandler' driver.
DEBUG - 2025-05-27 06:37:29 --> Session: Class initialized using 'CodeIgniter\Session\Handlers\FileHandler' driver.
ERROR - 2025-05-27 06:37:29 --> mysqli_sql_exception: You have an error in your SQL syntax; check the manual that corresponds to your MariaDB server version for the right syntax to use near '?
    AND returend_books.boorow_id IS NULL
?' at line 20 in C:\xampp\htdocs\lib\system\Database\MySQLi\Connection.php:327
Stack trace:
#0 C:\xampp\htdocs\lib\system\Database\MySQLi\Connection.php(327): mysqli->query('\r\n           SE...', 0)
#1 C:\xampp\htdocs\lib\system\Database\BaseConnection.php(738): CodeIgniter\Database\MySQLi\Connection->execute('\r\n           SE...')
#2 C:\xampp\htdocs\lib\system\Database\BaseConnection.php(652): CodeIgniter\Database\BaseConnection->simpleQuery('\r\n           SE...')
#3 C:\xampp\htdocs\lib\app\Models\HomeModel.php(466): CodeIgniter\Database\BaseConnection->query('\r\n           SE...', Array)
#4 C:\xampp\htdocs\lib\app\Controllers\Home.php(1080): App\Models\HomeModel->get_borrow_books('627876276')
#5 C:\xampp\htdocs\lib\system\CodeIgniter.php(933): App\Controllers\Home->fetch_borrow_booka()
#6 C:\xampp\htdocs\lib\system\CodeIgniter.php(507): CodeIgniter\CodeIgniter->runController(Object(App\Controllers\Home))
#7 C:\xampp\htdocs\lib\system\CodeIgniter.php(354): CodeIgniter\CodeIgniter->handleRequest(NULL, Object(Config\Cache), false)
#8 C:\xampp\htdocs\lib\system\Boot.php(334): CodeIgniter\CodeIgniter->run()
#9 C:\xampp\htdocs\lib\system\Boot.php(67): CodeIgniter\Boot::runCodeIgniter(Object(CodeIgniter\CodeIgniter))
#10 C:\xampp\htdocs\lib\index.php(56): CodeIgniter\Boot::bootWeb(Object(Config\Paths))
#11 {main}
CRITICAL - 2025-05-27 06:37:29 --> CodeIgniter\Database\Exceptions\DatabaseException: You have an error in your SQL syntax; check the manual that corresponds to your MariaDB server version for the right syntax to use near '?
    AND returend_books.boorow_id IS NULL
?' at line 20
[Method: GET, Route: fetch_borrow_book]
in SYSTEMPATH\Database\BaseConnection.php on line 692.
 1 APPPATH\Models\HomeModel.php(466): CodeIgniter\Database\BaseConnection->query('
           SELECT 
    borrow.b_id AS boorow_id,
    tbl_books.book_id,
    tbl_books.title,
    tbl_books.quantity,
    authors.Name,
    tbl_books.photo,
    tbl_books.published_year,
    borrow.borrow_date,
    borrow.return_date
FROM 
    borrow
JOIN 
    tbl_books ON borrow.book_id = tbl_books.book_id
JOIN 
    authors ON tbl_books.author_id = authors.author_id
LEFT JOIN 
    returend_books ON returend_books.boorow_id = borrow.b_id
WHERE 
    borrow.lib_user_id = ?
    AND returend_books.boorow_id IS NULL
?
        ', [...])
 2 APPPATH\Controllers\Home.php(1080): App\Models\HomeModel->get_borrow_books('627876276')
 3 SYSTEMPATH\CodeIgniter.php(933): App\Controllers\Home->fetch_borrow_booka()
 4 SYSTEMPATH\CodeIgniter.php(507): CodeIgniter\CodeIgniter->runController(Object(App\Controllers\Home))
 5 SYSTEMPATH\CodeIgniter.php(354): CodeIgniter\CodeIgniter->handleRequest(null, Object(Config\Cache), false)
 6 SYSTEMPATH\Boot.php(334): CodeIgniter\CodeIgniter->run()
 7 SYSTEMPATH\Boot.php(67): CodeIgniter\Boot::runCodeIgniter(Object(CodeIgniter\CodeIgniter))
 8 FCPATH\index.php(56): CodeIgniter\Boot::bootWeb(Object(Config\Paths))
CRITICAL - 2025-05-27 06:37:29 --> [Caused by] CodeIgniter\Database\Exceptions\DatabaseException: You have an error in your SQL syntax; check the manual that corresponds to your MariaDB server version for the right syntax to use near '?
    AND returend_books.boorow_id IS NULL
?' at line 20
in SYSTEMPATH\Database\MySQLi\Connection.php on line 332.
 1 SYSTEMPATH\Database\BaseConnection.php(738): CodeIgniter\Database\MySQLi\Connection->execute('
           SELECT 
    borrow.b_id AS boorow_id,
    tbl_books.book_id,
    tbl_books.title,
    tbl_books.quantity,
    authors.Name,
    tbl_books.photo,
    tbl_books.published_year,
    borrow.borrow_date,
    borrow.return_date
FROM 
    borrow
JOIN 
    tbl_books ON borrow.book_id = tbl_books.book_id
JOIN 
    authors ON tbl_books.author_id = authors.author_id
LEFT JOIN 
    returend_books ON returend_books.boorow_id = borrow.b_id
WHERE 
    borrow.lib_user_id = ?
    AND returend_books.boorow_id IS NULL
?
        ')
 2 SYSTEMPATH\Database\BaseConnection.php(652): CodeIgniter\Database\BaseConnection->simpleQuery('
           SELECT 
    borrow.b_id AS boorow_id,
    tbl_books.book_id,
    tbl_books.title,
    tbl_books.quantity,
    authors.Name,
    tbl_books.photo,
    tbl_books.published_year,
    borrow.borrow_date,
    borrow.return_date
FROM 
    borrow
JOIN 
    tbl_books ON borrow.book_id = tbl_books.book_id
JOIN 
    authors ON tbl_books.author_id = authors.author_id
LEFT JOIN 
    returend_books ON returend_books.boorow_id = borrow.b_id
WHERE 
    borrow.lib_user_id = ?
    AND returend_books.boorow_id IS NULL
?
        ')
 3 APPPATH\Models\HomeModel.php(466): CodeIgniter\Database\BaseConnection->query('
           SELECT 
    borrow.b_id AS boorow_id,
    tbl_books.book_id,
    tbl_books.title,
    tbl_books.quantity,
    authors.Name,
    tbl_books.photo,
    tbl_books.published_year,
    borrow.borrow_date,
    borrow.return_date
FROM 
    borrow
JOIN 
    tbl_books ON borrow.book_id = tbl_books.book_id
JOIN 
    authors ON tbl_books.author_id = authors.author_id
LEFT JOIN 
    returend_books ON returend_books.boorow_id = borrow.b_id
WHERE 
    borrow.lib_user_id = ?
    AND returend_books.boorow_id IS NULL
?
        ', [...])
 4 APPPATH\Controllers\Home.php(1080): App\Models\HomeModel->get_borrow_books('627876276')
 5 SYSTEMPATH\CodeIgniter.php(933): App\Controllers\Home->fetch_borrow_booka()
 6 SYSTEMPATH\CodeIgniter.php(507): CodeIgniter\CodeIgniter->runController(Object(App\Controllers\Home))
 7 SYSTEMPATH\CodeIgniter.php(354): CodeIgniter\CodeIgniter->handleRequest(null, Object(Config\Cache), false)
 8 SYSTEMPATH\Boot.php(334): CodeIgniter\CodeIgniter->run()
 9 SYSTEMPATH\Boot.php(67): CodeIgniter\Boot::runCodeIgniter(Object(CodeIgniter\CodeIgniter))
10 FCPATH\index.php(56): CodeIgniter\Boot::bootWeb(Object(Config\Paths))
CRITICAL - 2025-05-27 06:37:29 --> [Caused by] mysqli_sql_exception: You have an error in your SQL syntax; check the manual that corresponds to your MariaDB server version for the right syntax to use near '?
    AND returend_books.boorow_id IS NULL
?' at line 20
in SYSTEMPATH\Database\MySQLi\Connection.php on line 327.
 1 SYSTEMPATH\Database\MySQLi\Connection.php(327): mysqli->query('
           SELECT 
    borrow.b_id AS boorow_id,
    tbl_books.book_id,
    tbl_books.title,
    tbl_books.quantity,
    authors.Name,
    tbl_books.photo,
    tbl_books.published_year,
    borrow.borrow_date,
    borrow.return_date
FROM 
    borrow
JOIN 
    tbl_books ON borrow.book_id = tbl_books.book_id
JOIN 
    authors ON tbl_books.author_id = authors.author_id
LEFT JOIN 
    returend_books ON returend_books.boorow_id = borrow.b_id
WHERE 
    borrow.lib_user_id = ?
    AND returend_books.boorow_id IS NULL
?
        ', 0)
 2 SYSTEMPATH\Database\BaseConnection.php(738): CodeIgniter\Database\MySQLi\Connection->execute('
           SELECT 
    borrow.b_id AS boorow_id,
    tbl_books.book_id,
    tbl_books.title,
    tbl_books.quantity,
    authors.Name,
    tbl_books.photo,
    tbl_books.published_year,
    borrow.borrow_date,
    borrow.return_date
FROM 
    borrow
JOIN 
    tbl_books ON borrow.book_id = tbl_books.book_id
JOIN 
    authors ON tbl_books.author_id = authors.author_id
LEFT JOIN 
    returend_books ON returend_books.boorow_id = borrow.b_id
WHERE 
    borrow.lib_user_id = ?
    AND returend_books.boorow_id IS NULL
?
        ')
 3 SYSTEMPATH\Database\BaseConnection.php(652): CodeIgniter\Database\BaseConnection->simpleQuery('
           SELECT 
    borrow.b_id AS boorow_id,
    tbl_books.book_id,
    tbl_books.title,
    tbl_books.quantity,
    authors.Name,
    tbl_books.photo,
    tbl_books.published_year,
    borrow.borrow_date,
    borrow.return_date
FROM 
    borrow
JOIN 
    tbl_books ON borrow.book_id = tbl_books.book_id
JOIN 
    authors ON tbl_books.author_id = authors.author_id
LEFT JOIN 
    returend_books ON returend_books.boorow_id = borrow.b_id
WHERE 
    borrow.lib_user_id = ?
    AND returend_books.boorow_id IS NULL
?
        ')
 4 APPPATH\Models\HomeModel.php(466): CodeIgniter\Database\BaseConnection->query('
           SELECT 
    borrow.b_id AS boorow_id,
    tbl_books.book_id,
    tbl_books.title,
    tbl_books.quantity,
    authors.Name,
    tbl_books.photo,
    tbl_books.published_year,
    borrow.borrow_date,
    borrow.return_date
FROM 
    borrow
JOIN 
    tbl_books ON borrow.book_id = tbl_books.book_id
JOIN 
    authors ON tbl_books.author_id = authors.author_id
LEFT JOIN 
    returend_books ON returend_books.boorow_id = borrow.b_id
WHERE 
    borrow.lib_user_id = ?
    AND returend_books.boorow_id IS NULL
?
        ', [...])
 5 APPPATH\Controllers\Home.php(1080): App\Models\HomeModel->get_borrow_books('627876276')
 6 SYSTEMPATH\CodeIgniter.php(933): App\Controllers\Home->fetch_borrow_booka()
 7 SYSTEMPATH\CodeIgniter.php(507): CodeIgniter\CodeIgniter->runController(Object(App\Controllers\Home))
 8 SYSTEMPATH\CodeIgniter.php(354): CodeIgniter\CodeIgniter->handleRequest(null, Object(Config\Cache), false)
 9 SYSTEMPATH\Boot.php(334): CodeIgniter\CodeIgniter->run()
10 SYSTEMPATH\Boot.php(67): CodeIgniter\Boot::runCodeIgniter(Object(CodeIgniter\CodeIgniter))
11 FCPATH\index.php(56): CodeIgniter\Boot::bootWeb(Object(Config\Paths))
DEBUG - 2025-05-27 06:37:31 --> Session: Class initialized using 'CodeIgniter\Session\Handlers\FileHandler' driver.
DEBUG - 2025-05-27 06:37:31 --> Session: Class initialized using 'CodeIgniter\Session\Handlers\FileHandler' driver.
ERROR - 2025-05-27 06:37:31 --> mysqli_sql_exception: You have an error in your SQL syntax; check the manual that corresponds to your MariaDB server version for the right syntax to use near '?
    AND returend_books.boorow_id IS NULL
?' at line 20 in C:\xampp\htdocs\lib\system\Database\MySQLi\Connection.php:327
Stack trace:
#0 C:\xampp\htdocs\lib\system\Database\MySQLi\Connection.php(327): mysqli->query('\r\n           SE...', 0)
#1 C:\xampp\htdocs\lib\system\Database\BaseConnection.php(738): CodeIgniter\Database\MySQLi\Connection->execute('\r\n           SE...')
#2 C:\xampp\htdocs\lib\system\Database\BaseConnection.php(652): CodeIgniter\Database\BaseConnection->simpleQuery('\r\n           SE...')
#3 C:\xampp\htdocs\lib\app\Models\HomeModel.php(466): CodeIgniter\Database\BaseConnection->query('\r\n           SE...', Array)
#4 C:\xampp\htdocs\lib\app\Controllers\Home.php(1080): App\Models\HomeModel->get_borrow_books('627876276')
#5 C:\xampp\htdocs\lib\system\CodeIgniter.php(933): App\Controllers\Home->fetch_borrow_booka()
#6 C:\xampp\htdocs\lib\system\CodeIgniter.php(507): CodeIgniter\CodeIgniter->runController(Object(App\Controllers\Home))
#7 C:\xampp\htdocs\lib\system\CodeIgniter.php(354): CodeIgniter\CodeIgniter->handleRequest(NULL, Object(Config\Cache), false)
#8 C:\xampp\htdocs\lib\system\Boot.php(334): CodeIgniter\CodeIgniter->run()
#9 C:\xampp\htdocs\lib\system\Boot.php(67): CodeIgniter\Boot::runCodeIgniter(Object(CodeIgniter\CodeIgniter))
#10 C:\xampp\htdocs\lib\index.php(56): CodeIgniter\Boot::bootWeb(Object(Config\Paths))
#11 {main}
CRITICAL - 2025-05-27 06:37:31 --> CodeIgniter\Database\Exceptions\DatabaseException: You have an error in your SQL syntax; check the manual that corresponds to your MariaDB server version for the right syntax to use near '?
    AND returend_books.boorow_id IS NULL
?' at line 20
[Method: GET, Route: fetch_borrow_book]
in SYSTEMPATH\Database\BaseConnection.php on line 692.
 1 APPPATH\Models\HomeModel.php(466): CodeIgniter\Database\BaseConnection->query('
           SELECT 
    borrow.b_id AS boorow_id,
    tbl_books.book_id,
    tbl_books.title,
    tbl_books.quantity,
    authors.Name,
    tbl_books.photo,
    tbl_books.published_year,
    borrow.borrow_date,
    borrow.return_date
FROM 
    borrow
JOIN 
    tbl_books ON borrow.book_id = tbl_books.book_id
JOIN 
    authors ON tbl_books.author_id = authors.author_id
LEFT JOIN 
    returend_books ON returend_books.boorow_id = borrow.b_id
WHERE 
    borrow.lib_user_id = ?
    AND returend_books.boorow_id IS NULL
?
        ', [...])
 2 APPPATH\Controllers\Home.php(1080): App\Models\HomeModel->get_borrow_books('627876276')
 3 SYSTEMPATH\CodeIgniter.php(933): App\Controllers\Home->fetch_borrow_booka()
 4 SYSTEMPATH\CodeIgniter.php(507): CodeIgniter\CodeIgniter->runController(Object(App\Controllers\Home))
 5 SYSTEMPATH\CodeIgniter.php(354): CodeIgniter\CodeIgniter->handleRequest(null, Object(Config\Cache), false)
 6 SYSTEMPATH\Boot.php(334): CodeIgniter\CodeIgniter->run()
 7 SYSTEMPATH\Boot.php(67): CodeIgniter\Boot::runCodeIgniter(Object(CodeIgniter\CodeIgniter))
 8 FCPATH\index.php(56): CodeIgniter\Boot::bootWeb(Object(Config\Paths))
CRITICAL - 2025-05-27 06:37:31 --> [Caused by] CodeIgniter\Database\Exceptions\DatabaseException: You have an error in your SQL syntax; check the manual that corresponds to your MariaDB server version for the right syntax to use near '?
    AND returend_books.boorow_id IS NULL
?' at line 20
in SYSTEMPATH\Database\MySQLi\Connection.php on line 332.
 1 SYSTEMPATH\Database\BaseConnection.php(738): CodeIgniter\Database\MySQLi\Connection->execute('
           SELECT 
    borrow.b_id AS boorow_id,
    tbl_books.book_id,
    tbl_books.title,
    tbl_books.quantity,
    authors.Name,
    tbl_books.photo,
    tbl_books.published_year,
    borrow.borrow_date,
    borrow.return_date
FROM 
    borrow
JOIN 
    tbl_books ON borrow.book_id = tbl_books.book_id
JOIN 
    authors ON tbl_books.author_id = authors.author_id
LEFT JOIN 
    returend_books ON returend_books.boorow_id = borrow.b_id
WHERE 
    borrow.lib_user_id = ?
    AND returend_books.boorow_id IS NULL
?
        ')
 2 SYSTEMPATH\Database\BaseConnection.php(652): CodeIgniter\Database\BaseConnection->simpleQuery('
           SELECT 
    borrow.b_id AS boorow_id,
    tbl_books.book_id,
    tbl_books.title,
    tbl_books.quantity,
    authors.Name,
    tbl_books.photo,
    tbl_books.published_year,
    borrow.borrow_date,
    borrow.return_date
FROM 
    borrow
JOIN 
    tbl_books ON borrow.book_id = tbl_books.book_id
JOIN 
    authors ON tbl_books.author_id = authors.author_id
LEFT JOIN 
    returend_books ON returend_books.boorow_id = borrow.b_id
WHERE 
    borrow.lib_user_id = ?
    AND returend_books.boorow_id IS NULL
?
        ')
 3 APPPATH\Models\HomeModel.php(466): CodeIgniter\Database\BaseConnection->query('
           SELECT 
    borrow.b_id AS boorow_id,
    tbl_books.book_id,
    tbl_books.title,
    tbl_books.quantity,
    authors.Name,
    tbl_books.photo,
    tbl_books.published_year,
    borrow.borrow_date,
    borrow.return_date
FROM 
    borrow
JOIN 
    tbl_books ON borrow.book_id = tbl_books.book_id
JOIN 
    authors ON tbl_books.author_id = authors.author_id
LEFT JOIN 
    returend_books ON returend_books.boorow_id = borrow.b_id
WHERE 
    borrow.lib_user_id = ?
    AND returend_books.boorow_id IS NULL
?
        ', [...])
 4 APPPATH\Controllers\Home.php(1080): App\Models\HomeModel->get_borrow_books('627876276')
 5 SYSTEMPATH\CodeIgniter.php(933): App\Controllers\Home->fetch_borrow_booka()
 6 SYSTEMPATH\CodeIgniter.php(507): CodeIgniter\CodeIgniter->runController(Object(App\Controllers\Home))
 7 SYSTEMPATH\CodeIgniter.php(354): CodeIgniter\CodeIgniter->handleRequest(null, Object(Config\Cache), false)
 8 SYSTEMPATH\Boot.php(334): CodeIgniter\CodeIgniter->run()
 9 SYSTEMPATH\Boot.php(67): CodeIgniter\Boot::runCodeIgniter(Object(CodeIgniter\CodeIgniter))
10 FCPATH\index.php(56): CodeIgniter\Boot::bootWeb(Object(Config\Paths))
CRITICAL - 2025-05-27 06:37:31 --> [Caused by] mysqli_sql_exception: You have an error in your SQL syntax; check the manual that corresponds to your MariaDB server version for the right syntax to use near '?
    AND returend_books.boorow_id IS NULL
?' at line 20
in SYSTEMPATH\Database\MySQLi\Connection.php on line 327.
 1 SYSTEMPATH\Database\MySQLi\Connection.php(327): mysqli->query('
           SELECT 
    borrow.b_id AS boorow_id,
    tbl_books.book_id,
    tbl_books.title,
    tbl_books.quantity,
    authors.Name,
    tbl_books.photo,
    tbl_books.published_year,
    borrow.borrow_date,
    borrow.return_date
FROM 
    borrow
JOIN 
    tbl_books ON borrow.book_id = tbl_books.book_id
JOIN 
    authors ON tbl_books.author_id = authors.author_id
LEFT JOIN 
    returend_books ON returend_books.boorow_id = borrow.b_id
WHERE 
    borrow.lib_user_id = ?
    AND returend_books.boorow_id IS NULL
?
        ', 0)
 2 SYSTEMPATH\Database\BaseConnection.php(738): CodeIgniter\Database\MySQLi\Connection->execute('
           SELECT 
    borrow.b_id AS boorow_id,
    tbl_books.book_id,
    tbl_books.title,
    tbl_books.quantity,
    authors.Name,
    tbl_books.photo,
    tbl_books.published_year,
    borrow.borrow_date,
    borrow.return_date
FROM 
    borrow
JOIN 
    tbl_books ON borrow.book_id = tbl_books.book_id
JOIN 
    authors ON tbl_books.author_id = authors.author_id
LEFT JOIN 
    returend_books ON returend_books.boorow_id = borrow.b_id
WHERE 
    borrow.lib_user_id = ?
    AND returend_books.boorow_id IS NULL
?
        ')
 3 SYSTEMPATH\Database\BaseConnection.php(652): CodeIgniter\Database\BaseConnection->simpleQuery('
           SELECT 
    borrow.b_id AS boorow_id,
    tbl_books.book_id,
    tbl_books.title,
    tbl_books.quantity,
    authors.Name,
    tbl_books.photo,
    tbl_books.published_year,
    borrow.borrow_date,
    borrow.return_date
FROM 
    borrow
JOIN 
    tbl_books ON borrow.book_id = tbl_books.book_id
JOIN 
    authors ON tbl_books.author_id = authors.author_id
LEFT JOIN 
    returend_books ON returend_books.boorow_id = borrow.b_id
WHERE 
    borrow.lib_user_id = ?
    AND returend_books.boorow_id IS NULL
?
        ')
 4 APPPATH\Models\HomeModel.php(466): CodeIgniter\Database\BaseConnection->query('
           SELECT 
    borrow.b_id AS boorow_id,
    tbl_books.book_id,
    tbl_books.title,
    tbl_books.quantity,
    authors.Name,
    tbl_books.photo,
    tbl_books.published_year,
    borrow.borrow_date,
    borrow.return_date
FROM 
    borrow
JOIN 
    tbl_books ON borrow.book_id = tbl_books.book_id
JOIN 
    authors ON tbl_books.author_id = authors.author_id
LEFT JOIN 
    returend_books ON returend_books.boorow_id = borrow.b_id
WHERE 
    borrow.lib_user_id = ?
    AND returend_books.boorow_id IS NULL
?
        ', [...])
 5 APPPATH\Controllers\Home.php(1080): App\Models\HomeModel->get_borrow_books('627876276')
 6 SYSTEMPATH\CodeIgniter.php(933): App\Controllers\Home->fetch_borrow_booka()
 7 SYSTEMPATH\CodeIgniter.php(507): CodeIgniter\CodeIgniter->runController(Object(App\Controllers\Home))
 8 SYSTEMPATH\CodeIgniter.php(354): CodeIgniter\CodeIgniter->handleRequest(null, Object(Config\Cache), false)
 9 SYSTEMPATH\Boot.php(334): CodeIgniter\CodeIgniter->run()
10 SYSTEMPATH\Boot.php(67): CodeIgniter\Boot::runCodeIgniter(Object(CodeIgniter\CodeIgniter))
11 FCPATH\index.php(56): CodeIgniter\Boot::bootWeb(Object(Config\Paths))
DEBUG - 2025-05-27 06:37:32 --> Session: Class initialized using 'CodeIgniter\Session\Handlers\FileHandler' driver.
DEBUG - 2025-05-27 06:37:32 --> Session: Class initialized using 'CodeIgniter\Session\Handlers\FileHandler' driver.
ERROR - 2025-05-27 06:37:32 --> mysqli_sql_exception: You have an error in your SQL syntax; check the manual that corresponds to your MariaDB server version for the right syntax to use near '?
    AND returend_books.boorow_id IS NULL
?' at line 20 in C:\xampp\htdocs\lib\system\Database\MySQLi\Connection.php:327
Stack trace:
#0 C:\xampp\htdocs\lib\system\Database\MySQLi\Connection.php(327): mysqli->query('\r\n           SE...', 0)
#1 C:\xampp\htdocs\lib\system\Database\BaseConnection.php(738): CodeIgniter\Database\MySQLi\Connection->execute('\r\n           SE...')
#2 C:\xampp\htdocs\lib\system\Database\BaseConnection.php(652): CodeIgniter\Database\BaseConnection->simpleQuery('\r\n           SE...')
#3 C:\xampp\htdocs\lib\app\Models\HomeModel.php(466): CodeIgniter\Database\BaseConnection->query('\r\n           SE...', Array)
#4 C:\xampp\htdocs\lib\app\Controllers\Home.php(1080): App\Models\HomeModel->get_borrow_books('627876276')
#5 C:\xampp\htdocs\lib\system\CodeIgniter.php(933): App\Controllers\Home->fetch_borrow_booka()
#6 C:\xampp\htdocs\lib\system\CodeIgniter.php(507): CodeIgniter\CodeIgniter->runController(Object(App\Controllers\Home))
#7 C:\xampp\htdocs\lib\system\CodeIgniter.php(354): CodeIgniter\CodeIgniter->handleRequest(NULL, Object(Config\Cache), false)
#8 C:\xampp\htdocs\lib\system\Boot.php(334): CodeIgniter\CodeIgniter->run()
#9 C:\xampp\htdocs\lib\system\Boot.php(67): CodeIgniter\Boot::runCodeIgniter(Object(CodeIgniter\CodeIgniter))
#10 C:\xampp\htdocs\lib\index.php(56): CodeIgniter\Boot::bootWeb(Object(Config\Paths))
#11 {main}
CRITICAL - 2025-05-27 06:37:32 --> CodeIgniter\Database\Exceptions\DatabaseException: You have an error in your SQL syntax; check the manual that corresponds to your MariaDB server version for the right syntax to use near '?
    AND returend_books.boorow_id IS NULL
?' at line 20
[Method: GET, Route: fetch_borrow_book]
in SYSTEMPATH\Database\BaseConnection.php on line 692.
 1 APPPATH\Models\HomeModel.php(466): CodeIgniter\Database\BaseConnection->query('
           SELECT 
    borrow.b_id AS boorow_id,
    tbl_books.book_id,
    tbl_books.title,
    tbl_books.quantity,
    authors.Name,
    tbl_books.photo,
    tbl_books.published_year,
    borrow.borrow_date,
    borrow.return_date
FROM 
    borrow
JOIN 
    tbl_books ON borrow.book_id = tbl_books.book_id
JOIN 
    authors ON tbl_books.author_id = authors.author_id
LEFT JOIN 
    returend_books ON returend_books.boorow_id = borrow.b_id
WHERE 
    borrow.lib_user_id = ?
    AND returend_books.boorow_id IS NULL
?
        ', [...])
 2 APPPATH\Controllers\Home.php(1080): App\Models\HomeModel->get_borrow_books('627876276')
 3 SYSTEMPATH\CodeIgniter.php(933): App\Controllers\Home->fetch_borrow_booka()
 4 SYSTEMPATH\CodeIgniter.php(507): CodeIgniter\CodeIgniter->runController(Object(App\Controllers\Home))
 5 SYSTEMPATH\CodeIgniter.php(354): CodeIgniter\CodeIgniter->handleRequest(null, Object(Config\Cache), false)
 6 SYSTEMPATH\Boot.php(334): CodeIgniter\CodeIgniter->run()
 7 SYSTEMPATH\Boot.php(67): CodeIgniter\Boot::runCodeIgniter(Object(CodeIgniter\CodeIgniter))
 8 FCPATH\index.php(56): CodeIgniter\Boot::bootWeb(Object(Config\Paths))
CRITICAL - 2025-05-27 06:37:32 --> [Caused by] CodeIgniter\Database\Exceptions\DatabaseException: You have an error in your SQL syntax; check the manual that corresponds to your MariaDB server version for the right syntax to use near '?
    AND returend_books.boorow_id IS NULL
?' at line 20
in SYSTEMPATH\Database\MySQLi\Connection.php on line 332.
 1 SYSTEMPATH\Database\BaseConnection.php(738): CodeIgniter\Database\MySQLi\Connection->execute('
           SELECT 
    borrow.b_id AS boorow_id,
    tbl_books.book_id,
    tbl_books.title,
    tbl_books.quantity,
    authors.Name,
    tbl_books.photo,
    tbl_books.published_year,
    borrow.borrow_date,
    borrow.return_date
FROM 
    borrow
JOIN 
    tbl_books ON borrow.book_id = tbl_books.book_id
JOIN 
    authors ON tbl_books.author_id = authors.author_id
LEFT JOIN 
    returend_books ON returend_books.boorow_id = borrow.b_id
WHERE 
    borrow.lib_user_id = ?
    AND returend_books.boorow_id IS NULL
?
        ')
 2 SYSTEMPATH\Database\BaseConnection.php(652): CodeIgniter\Database\BaseConnection->simpleQuery('
           SELECT 
    borrow.b_id AS boorow_id,
    tbl_books.book_id,
    tbl_books.title,
    tbl_books.quantity,
    authors.Name,
    tbl_books.photo,
    tbl_books.published_year,
    borrow.borrow_date,
    borrow.return_date
FROM 
    borrow
JOIN 
    tbl_books ON borrow.book_id = tbl_books.book_id
JOIN 
    authors ON tbl_books.author_id = authors.author_id
LEFT JOIN 
    returend_books ON returend_books.boorow_id = borrow.b_id
WHERE 
    borrow.lib_user_id = ?
    AND returend_books.boorow_id IS NULL
?
        ')
 3 APPPATH\Models\HomeModel.php(466): CodeIgniter\Database\BaseConnection->query('
           SELECT 
    borrow.b_id AS boorow_id,
    tbl_books.book_id,
    tbl_books.title,
    tbl_books.quantity,
    authors.Name,
    tbl_books.photo,
    tbl_books.published_year,
    borrow.borrow_date,
    borrow.return_date
FROM 
    borrow
JOIN 
    tbl_books ON borrow.book_id = tbl_books.book_id
JOIN 
    authors ON tbl_books.author_id = authors.author_id
LEFT JOIN 
    returend_books ON returend_books.boorow_id = borrow.b_id
WHERE 
    borrow.lib_user_id = ?
    AND returend_books.boorow_id IS NULL
?
        ', [...])
 4 APPPATH\Controllers\Home.php(1080): App\Models\HomeModel->get_borrow_books('627876276')
 5 SYSTEMPATH\CodeIgniter.php(933): App\Controllers\Home->fetch_borrow_booka()
 6 SYSTEMPATH\CodeIgniter.php(507): CodeIgniter\CodeIgniter->runController(Object(App\Controllers\Home))
 7 SYSTEMPATH\CodeIgniter.php(354): CodeIgniter\CodeIgniter->handleRequest(null, Object(Config\Cache), false)
 8 SYSTEMPATH\Boot.php(334): CodeIgniter\CodeIgniter->run()
 9 SYSTEMPATH\Boot.php(67): CodeIgniter\Boot::runCodeIgniter(Object(CodeIgniter\CodeIgniter))
10 FCPATH\index.php(56): CodeIgniter\Boot::bootWeb(Object(Config\Paths))
CRITICAL - 2025-05-27 06:37:32 --> [Caused by] mysqli_sql_exception: You have an error in your SQL syntax; check the manual that corresponds to your MariaDB server version for the right syntax to use near '?
    AND returend_books.boorow_id IS NULL
?' at line 20
in SYSTEMPATH\Database\MySQLi\Connection.php on line 327.
 1 SYSTEMPATH\Database\MySQLi\Connection.php(327): mysqli->query('
           SELECT 
    borrow.b_id AS boorow_id,
    tbl_books.book_id,
    tbl_books.title,
    tbl_books.quantity,
    authors.Name,
    tbl_books.photo,
    tbl_books.published_year,
    borrow.borrow_date,
    borrow.return_date
FROM 
    borrow
JOIN 
    tbl_books ON borrow.book_id = tbl_books.book_id
JOIN 
    authors ON tbl_books.author_id = authors.author_id
LEFT JOIN 
    returend_books ON returend_books.boorow_id = borrow.b_id
WHERE 
    borrow.lib_user_id = ?
    AND returend_books.boorow_id IS NULL
?
        ', 0)
 2 SYSTEMPATH\Database\BaseConnection.php(738): CodeIgniter\Database\MySQLi\Connection->execute('
           SELECT 
    borrow.b_id AS boorow_id,
    tbl_books.book_id,
    tbl_books.title,
    tbl_books.quantity,
    authors.Name,
    tbl_books.photo,
    tbl_books.published_year,
    borrow.borrow_date,
    borrow.return_date
FROM 
    borrow
JOIN 
    tbl_books ON borrow.book_id = tbl_books.book_id
JOIN 
    authors ON tbl_books.author_id = authors.author_id
LEFT JOIN 
    returend_books ON returend_books.boorow_id = borrow.b_id
WHERE 
    borrow.lib_user_id = ?
    AND returend_books.boorow_id IS NULL
?
        ')
 3 SYSTEMPATH\Database\BaseConnection.php(652): CodeIgniter\Database\BaseConnection->simpleQuery('
           SELECT 
    borrow.b_id AS boorow_id,
    tbl_books.book_id,
    tbl_books.title,
    tbl_books.quantity,
    authors.Name,
    tbl_books.photo,
    tbl_books.published_year,
    borrow.borrow_date,
    borrow.return_date
FROM 
    borrow
JOIN 
    tbl_books ON borrow.book_id = tbl_books.book_id
JOIN 
    authors ON tbl_books.author_id = authors.author_id
LEFT JOIN 
    returend_books ON returend_books.boorow_id = borrow.b_id
WHERE 
    borrow.lib_user_id = ?
    AND returend_books.boorow_id IS NULL
?
        ')
 4 APPPATH\Models\HomeModel.php(466): CodeIgniter\Database\BaseConnection->query('
           SELECT 
    borrow.b_id AS boorow_id,
    tbl_books.book_id,
    tbl_books.title,
    tbl_books.quantity,
    authors.Name,
    tbl_books.photo,
    tbl_books.published_year,
    borrow.borrow_date,
    borrow.return_date
FROM 
    borrow
JOIN 
    tbl_books ON borrow.book_id = tbl_books.book_id
JOIN 
    authors ON tbl_books.author_id = authors.author_id
LEFT JOIN 
    returend_books ON returend_books.boorow_id = borrow.b_id
WHERE 
    borrow.lib_user_id = ?
    AND returend_books.boorow_id IS NULL
?
        ', [...])
 5 APPPATH\Controllers\Home.php(1080): App\Models\HomeModel->get_borrow_books('627876276')
 6 SYSTEMPATH\CodeIgniter.php(933): App\Controllers\Home->fetch_borrow_booka()
 7 SYSTEMPATH\CodeIgniter.php(507): CodeIgniter\CodeIgniter->runController(Object(App\Controllers\Home))
 8 SYSTEMPATH\CodeIgniter.php(354): CodeIgniter\CodeIgniter->handleRequest(null, Object(Config\Cache), false)
 9 SYSTEMPATH\Boot.php(334): CodeIgniter\CodeIgniter->run()
10 SYSTEMPATH\Boot.php(67): CodeIgniter\Boot::runCodeIgniter(Object(CodeIgniter\CodeIgniter))
11 FCPATH\index.php(56): CodeIgniter\Boot::bootWeb(Object(Config\Paths))
DEBUG - 2025-05-27 06:37:38 --> Session: Class initialized using 'CodeIgniter\Session\Handlers\FileHandler' driver.
DEBUG - 2025-05-27 06:37:38 --> Session: Class initialized using 'CodeIgniter\Session\Handlers\FileHandler' driver.
ERROR - 2025-05-27 06:37:38 --> mysqli_sql_exception: You have an error in your SQL syntax; check the manual that corresponds to your MariaDB server version for the right syntax to use near '?
    AND returend_books.boorow_id IS NULL
?' at line 20 in C:\xampp\htdocs\lib\system\Database\MySQLi\Connection.php:327
Stack trace:
#0 C:\xampp\htdocs\lib\system\Database\MySQLi\Connection.php(327): mysqli->query('\r\n           SE...', 0)
#1 C:\xampp\htdocs\lib\system\Database\BaseConnection.php(738): CodeIgniter\Database\MySQLi\Connection->execute('\r\n           SE...')
#2 C:\xampp\htdocs\lib\system\Database\BaseConnection.php(652): CodeIgniter\Database\BaseConnection->simpleQuery('\r\n           SE...')
#3 C:\xampp\htdocs\lib\app\Models\HomeModel.php(466): CodeIgniter\Database\BaseConnection->query('\r\n           SE...', Array)
#4 C:\xampp\htdocs\lib\app\Controllers\Home.php(1080): App\Models\HomeModel->get_borrow_books('627876276')
#5 C:\xampp\htdocs\lib\system\CodeIgniter.php(933): App\Controllers\Home->fetch_borrow_booka()
#6 C:\xampp\htdocs\lib\system\CodeIgniter.php(507): CodeIgniter\CodeIgniter->runController(Object(App\Controllers\Home))
#7 C:\xampp\htdocs\lib\system\CodeIgniter.php(354): CodeIgniter\CodeIgniter->handleRequest(NULL, Object(Config\Cache), false)
#8 C:\xampp\htdocs\lib\system\Boot.php(334): CodeIgniter\CodeIgniter->run()
#9 C:\xampp\htdocs\lib\system\Boot.php(67): CodeIgniter\Boot::runCodeIgniter(Object(CodeIgniter\CodeIgniter))
#10 C:\xampp\htdocs\lib\index.php(56): CodeIgniter\Boot::bootWeb(Object(Config\Paths))
#11 {main}
CRITICAL - 2025-05-27 06:37:38 --> CodeIgniter\Database\Exceptions\DatabaseException: You have an error in your SQL syntax; check the manual that corresponds to your MariaDB server version for the right syntax to use near '?
    AND returend_books.boorow_id IS NULL
?' at line 20
[Method: GET, Route: fetch_borrow_book]
in SYSTEMPATH\Database\BaseConnection.php on line 692.
 1 APPPATH\Models\HomeModel.php(466): CodeIgniter\Database\BaseConnection->query('
           SELECT 
    borrow.b_id AS boorow_id,
    tbl_books.book_id,
    tbl_books.title,
    tbl_books.quantity,
    authors.Name,
    tbl_books.photo,
    tbl_books.published_year,
    borrow.borrow_date,
    borrow.return_date
FROM 
    borrow
JOIN 
    tbl_books ON borrow.book_id = tbl_books.book_id
JOIN 
    authors ON tbl_books.author_id = authors.author_id
LEFT JOIN 
    returend_books ON returend_books.boorow_id = borrow.b_id
WHERE 
    borrow.lib_user_id = ?
    AND returend_books.boorow_id IS NULL
?
        ', [...])
 2 APPPATH\Controllers\Home.php(1080): App\Models\HomeModel->get_borrow_books('627876276')
 3 SYSTEMPATH\CodeIgniter.php(933): App\Controllers\Home->fetch_borrow_booka()
 4 SYSTEMPATH\CodeIgniter.php(507): CodeIgniter\CodeIgniter->runController(Object(App\Controllers\Home))
 5 SYSTEMPATH\CodeIgniter.php(354): CodeIgniter\CodeIgniter->handleRequest(null, Object(Config\Cache), false)
 6 SYSTEMPATH\Boot.php(334): CodeIgniter\CodeIgniter->run()
 7 SYSTEMPATH\Boot.php(67): CodeIgniter\Boot::runCodeIgniter(Object(CodeIgniter\CodeIgniter))
 8 FCPATH\index.php(56): CodeIgniter\Boot::bootWeb(Object(Config\Paths))
CRITICAL - 2025-05-27 06:37:38 --> [Caused by] CodeIgniter\Database\Exceptions\DatabaseException: You have an error in your SQL syntax; check the manual that corresponds to your MariaDB server version for the right syntax to use near '?
    AND returend_books.boorow_id IS NULL
?' at line 20
in SYSTEMPATH\Database\MySQLi\Connection.php on line 332.
 1 SYSTEMPATH\Database\BaseConnection.php(738): CodeIgniter\Database\MySQLi\Connection->execute('
           SELECT 
    borrow.b_id AS boorow_id,
    tbl_books.book_id,
    tbl_books.title,
    tbl_books.quantity,
    authors.Name,
    tbl_books.photo,
    tbl_books.published_year,
    borrow.borrow_date,
    borrow.return_date
FROM 
    borrow
JOIN 
    tbl_books ON borrow.book_id = tbl_books.book_id
JOIN 
    authors ON tbl_books.author_id = authors.author_id
LEFT JOIN 
    returend_books ON returend_books.boorow_id = borrow.b_id
WHERE 
    borrow.lib_user_id = ?
    AND returend_books.boorow_id IS NULL
?
        ')
 2 SYSTEMPATH\Database\BaseConnection.php(652): CodeIgniter\Database\BaseConnection->simpleQuery('
           SELECT 
    borrow.b_id AS boorow_id,
    tbl_books.book_id,
    tbl_books.title,
    tbl_books.quantity,
    authors.Name,
    tbl_books.photo,
    tbl_books.published_year,
    borrow.borrow_date,
    borrow.return_date
FROM 
    borrow
JOIN 
    tbl_books ON borrow.book_id = tbl_books.book_id
JOIN 
    authors ON tbl_books.author_id = authors.author_id
LEFT JOIN 
    returend_books ON returend_books.boorow_id = borrow.b_id
WHERE 
    borrow.lib_user_id = ?
    AND returend_books.boorow_id IS NULL
?
        ')
 3 APPPATH\Models\HomeModel.php(466): CodeIgniter\Database\BaseConnection->query('
           SELECT 
    borrow.b_id AS boorow_id,
    tbl_books.book_id,
    tbl_books.title,
    tbl_books.quantity,
    authors.Name,
    tbl_books.photo,
    tbl_books.published_year,
    borrow.borrow_date,
    borrow.return_date
FROM 
    borrow
JOIN 
    tbl_books ON borrow.book_id = tbl_books.book_id
JOIN 
    authors ON tbl_books.author_id = authors.author_id
LEFT JOIN 
    returend_books ON returend_books.boorow_id = borrow.b_id
WHERE 
    borrow.lib_user_id = ?
    AND returend_books.boorow_id IS NULL
?
        ', [...])
 4 APPPATH\Controllers\Home.php(1080): App\Models\HomeModel->get_borrow_books('627876276')
 5 SYSTEMPATH\CodeIgniter.php(933): App\Controllers\Home->fetch_borrow_booka()
 6 SYSTEMPATH\CodeIgniter.php(507): CodeIgniter\CodeIgniter->runController(Object(App\Controllers\Home))
 7 SYSTEMPATH\CodeIgniter.php(354): CodeIgniter\CodeIgniter->handleRequest(null, Object(Config\Cache), false)
 8 SYSTEMPATH\Boot.php(334): CodeIgniter\CodeIgniter->run()
 9 SYSTEMPATH\Boot.php(67): CodeIgniter\Boot::runCodeIgniter(Object(CodeIgniter\CodeIgniter))
10 FCPATH\index.php(56): CodeIgniter\Boot::bootWeb(Object(Config\Paths))
CRITICAL - 2025-05-27 06:37:38 --> [Caused by] mysqli_sql_exception: You have an error in your SQL syntax; check the manual that corresponds to your MariaDB server version for the right syntax to use near '?
    AND returend_books.boorow_id IS NULL
?' at line 20
in SYSTEMPATH\Database\MySQLi\Connection.php on line 327.
 1 SYSTEMPATH\Database\MySQLi\Connection.php(327): mysqli->query('
           SELECT 
    borrow.b_id AS boorow_id,
    tbl_books.book_id,
    tbl_books.title,
    tbl_books.quantity,
    authors.Name,
    tbl_books.photo,
    tbl_books.published_year,
    borrow.borrow_date,
    borrow.return_date
FROM 
    borrow
JOIN 
    tbl_books ON borrow.book_id = tbl_books.book_id
JOIN 
    authors ON tbl_books.author_id = authors.author_id
LEFT JOIN 
    returend_books ON returend_books.boorow_id = borrow.b_id
WHERE 
    borrow.lib_user_id = ?
    AND returend_books.boorow_id IS NULL
?
        ', 0)
 2 SYSTEMPATH\Database\BaseConnection.php(738): CodeIgniter\Database\MySQLi\Connection->execute('
           SELECT 
    borrow.b_id AS boorow_id,
    tbl_books.book_id,
    tbl_books.title,
    tbl_books.quantity,
    authors.Name,
    tbl_books.photo,
    tbl_books.published_year,
    borrow.borrow_date,
    borrow.return_date
FROM 
    borrow
JOIN 
    tbl_books ON borrow.book_id = tbl_books.book_id
JOIN 
    authors ON tbl_books.author_id = authors.author_id
LEFT JOIN 
    returend_books ON returend_books.boorow_id = borrow.b_id
WHERE 
    borrow.lib_user_id = ?
    AND returend_books.boorow_id IS NULL
?
        ')
 3 SYSTEMPATH\Database\BaseConnection.php(652): CodeIgniter\Database\BaseConnection->simpleQuery('
           SELECT 
    borrow.b_id AS boorow_id,
    tbl_books.book_id,
    tbl_books.title,
    tbl_books.quantity,
    authors.Name,
    tbl_books.photo,
    tbl_books.published_year,
    borrow.borrow_date,
    borrow.return_date
FROM 
    borrow
JOIN 
    tbl_books ON borrow.book_id = tbl_books.book_id
JOIN 
    authors ON tbl_books.author_id = authors.author_id
LEFT JOIN 
    returend_books ON returend_books.boorow_id = borrow.b_id
WHERE 
    borrow.lib_user_id = ?
    AND returend_books.boorow_id IS NULL
?
        ')
 4 APPPATH\Models\HomeModel.php(466): CodeIgniter\Database\BaseConnection->query('
           SELECT 
    borrow.b_id AS boorow_id,
    tbl_books.book_id,
    tbl_books.title,
    tbl_books.quantity,
    authors.Name,
    tbl_books.photo,
    tbl_books.published_year,
    borrow.borrow_date,
    borrow.return_date
FROM 
    borrow
JOIN 
    tbl_books ON borrow.book_id = tbl_books.book_id
JOIN 
    authors ON tbl_books.author_id = authors.author_id
LEFT JOIN 
    returend_books ON returend_books.boorow_id = borrow.b_id
WHERE 
    borrow.lib_user_id = ?
    AND returend_books.boorow_id IS NULL
?
        ', [...])
 5 APPPATH\Controllers\Home.php(1080): App\Models\HomeModel->get_borrow_books('627876276')
 6 SYSTEMPATH\CodeIgniter.php(933): App\Controllers\Home->fetch_borrow_booka()
 7 SYSTEMPATH\CodeIgniter.php(507): CodeIgniter\CodeIgniter->runController(Object(App\Controllers\Home))
 8 SYSTEMPATH\CodeIgniter.php(354): CodeIgniter\CodeIgniter->handleRequest(null, Object(Config\Cache), false)
 9 SYSTEMPATH\Boot.php(334): CodeIgniter\CodeIgniter->run()
10 SYSTEMPATH\Boot.php(67): CodeIgniter\Boot::runCodeIgniter(Object(CodeIgniter\CodeIgniter))
11 FCPATH\index.php(56): CodeIgniter\Boot::bootWeb(Object(Config\Paths))
DEBUG - 2025-05-27 06:39:22 --> Session: Class initialized using 'CodeIgniter\Session\Handlers\FileHandler' driver.
DEBUG - 2025-05-27 06:39:22 --> Session: Class initialized using 'CodeIgniter\Session\Handlers\FileHandler' driver.
CRITICAL - 2025-05-27 06:39:22 --> ErrorException: Undefined variable $user_id
[Method: GET, Route: fetch_borrow_book]
in APPPATH\Models\HomeModel.php on line 463.
 1 APPPATH\Models\HomeModel.php(463): CodeIgniter\Debug\Exceptions->errorHandler(2, 'Undefined variable $user_id', 'C:\\xampp\\htdocs\\lib\\app\\Models\\HomeModel.php', 463)
 2 APPPATH\Controllers\Home.php(1080): App\Models\HomeModel->get_borrow_books('627876276')
 3 SYSTEMPATH\CodeIgniter.php(933): App\Controllers\Home->fetch_borrow_booka()
 4 SYSTEMPATH\CodeIgniter.php(507): CodeIgniter\CodeIgniter->runController(Object(App\Controllers\Home))
 5 SYSTEMPATH\CodeIgniter.php(354): CodeIgniter\CodeIgniter->handleRequest(null, Object(Config\Cache), false)
 6 SYSTEMPATH\Boot.php(334): CodeIgniter\CodeIgniter->run()
 7 SYSTEMPATH\Boot.php(67): CodeIgniter\Boot::runCodeIgniter(Object(CodeIgniter\CodeIgniter))
 8 FCPATH\index.php(56): CodeIgniter\Boot::bootWeb(Object(Config\Paths))
DEBUG - 2025-05-27 06:39:24 --> Session: Class initialized using 'CodeIgniter\Session\Handlers\FileHandler' driver.
DEBUG - 2025-05-27 06:39:24 --> Session: Class initialized using 'CodeIgniter\Session\Handlers\FileHandler' driver.
CRITICAL - 2025-05-27 06:39:24 --> ErrorException: Undefined variable $user_id
[Method: GET, Route: fetch_borrow_book]
in APPPATH\Models\HomeModel.php on line 463.
 1 APPPATH\Models\HomeModel.php(463): CodeIgniter\Debug\Exceptions->errorHandler(2, 'Undefined variable $user_id', 'C:\\xampp\\htdocs\\lib\\app\\Models\\HomeModel.php', 463)
 2 APPPATH\Controllers\Home.php(1080): App\Models\HomeModel->get_borrow_books('627876276')
 3 SYSTEMPATH\CodeIgniter.php(933): App\Controllers\Home->fetch_borrow_booka()
 4 SYSTEMPATH\CodeIgniter.php(507): CodeIgniter\CodeIgniter->runController(Object(App\Controllers\Home))
 5 SYSTEMPATH\CodeIgniter.php(354): CodeIgniter\CodeIgniter->handleRequest(null, Object(Config\Cache), false)
 6 SYSTEMPATH\Boot.php(334): CodeIgniter\CodeIgniter->run()
 7 SYSTEMPATH\Boot.php(67): CodeIgniter\Boot::runCodeIgniter(Object(CodeIgniter\CodeIgniter))
 8 FCPATH\index.php(56): CodeIgniter\Boot::bootWeb(Object(Config\Paths))
DEBUG - 2025-05-27 06:39:30 --> Session: Class initialized using 'CodeIgniter\Session\Handlers\FileHandler' driver.
DEBUG - 2025-05-27 06:39:30 --> Session: Class initialized using 'CodeIgniter\Session\Handlers\FileHandler' driver.
CRITICAL - 2025-05-27 06:39:30 --> ErrorException: Undefined variable $user_id
[Method: GET, Route: fetch_borrow_book]
in APPPATH\Models\HomeModel.php on line 463.
 1 APPPATH\Models\HomeModel.php(463): CodeIgniter\Debug\Exceptions->errorHandler(2, 'Undefined variable $user_id', 'C:\\xampp\\htdocs\\lib\\app\\Models\\HomeModel.php', 463)
 2 APPPATH\Controllers\Home.php(1080): App\Models\HomeModel->get_borrow_books('627876276')
 3 SYSTEMPATH\CodeIgniter.php(933): App\Controllers\Home->fetch_borrow_booka()
 4 SYSTEMPATH\CodeIgniter.php(507): CodeIgniter\CodeIgniter->runController(Object(App\Controllers\Home))
 5 SYSTEMPATH\CodeIgniter.php(354): CodeIgniter\CodeIgniter->handleRequest(null, Object(Config\Cache), false)
 6 SYSTEMPATH\Boot.php(334): CodeIgniter\CodeIgniter->run()
 7 SYSTEMPATH\Boot.php(67): CodeIgniter\Boot::runCodeIgniter(Object(CodeIgniter\CodeIgniter))
 8 FCPATH\index.php(56): CodeIgniter\Boot::bootWeb(Object(Config\Paths))
DEBUG - 2025-05-27 06:39:56 --> Session: Class initialized using 'CodeIgniter\Session\Handlers\FileHandler' driver.
DEBUG - 2025-05-27 06:39:56 --> Session: Class initialized using 'CodeIgniter\Session\Handlers\FileHandler' driver.
DEBUG - 2025-05-27 06:40:04 --> Session: Class initialized using 'CodeIgniter\Session\Handlers\FileHandler' driver.
DEBUG - 2025-05-27 06:40:08 --> Session: Class initialized using 'CodeIgniter\Session\Handlers\FileHandler' driver.
DEBUG - 2025-05-27 06:40:23 --> Session: Class initialized using 'CodeIgniter\Session\Handlers\FileHandler' driver.
DEBUG - 2025-05-27 06:44:51 --> Session: Class initialized using 'CodeIgniter\Session\Handlers\FileHandler' driver.
DEBUG - 2025-05-27 06:45:00 --> Session: Class initialized using 'CodeIgniter\Session\Handlers\FileHandler' driver.
DEBUG - 2025-05-27 06:45:00 --> Session: Class initialized using 'CodeIgniter\Session\Handlers\FileHandler' driver.
DEBUG - 2025-05-27 06:49:16 --> Session: Class initialized using 'CodeIgniter\Session\Handlers\FileHandler' driver.
DEBUG - 2025-05-27 06:49:28 --> Session: Class initialized using 'CodeIgniter\Session\Handlers\FileHandler' driver.
DEBUG - 2025-05-27 06:52:07 --> Session: Class initialized using 'CodeIgniter\Session\Handlers\FileHandler' driver.
DEBUG - 2025-05-27 06:52:12 --> Session: Class initialized using 'CodeIgniter\Session\Handlers\FileHandler' driver.
DEBUG - 2025-05-27 06:52:13 --> Session: Class initialized using 'CodeIgniter\Session\Handlers\FileHandler' driver.
DEBUG - 2025-05-27 06:52:16 --> Session: Class initialized using 'CodeIgniter\Session\Handlers\FileHandler' driver.
DEBUG - 2025-05-27 06:52:18 --> Session: Class initialized using 'CodeIgniter\Session\Handlers\FileHandler' driver.
DEBUG - 2025-05-27 06:52:25 --> Session: Class initialized using 'CodeIgniter\Session\Handlers\FileHandler' driver.
DEBUG - 2025-05-27 06:54:07 --> Session: Class initialized using 'CodeIgniter\Session\Handlers\FileHandler' driver.
DEBUG - 2025-05-27 06:54:22 --> Session: Class initialized using 'CodeIgniter\Session\Handlers\FileHandler' driver.
DEBUG - 2025-05-27 06:54:29 --> Session: Class initialized using 'CodeIgniter\Session\Handlers\FileHandler' driver.
DEBUG - 2025-05-27 06:54:37 --> Session: Class initialized using 'CodeIgniter\Session\Handlers\FileHandler' driver.
DEBUG - 2025-05-27 06:54:43 --> Session: Class initialized using 'CodeIgniter\Session\Handlers\FileHandler' driver.
DEBUG - 2025-05-27 06:57:22 --> Session: Class initialized using 'CodeIgniter\Session\Handlers\FileHandler' driver.
DEBUG - 2025-05-27 06:57:39 --> Session: Class initialized using 'CodeIgniter\Session\Handlers\FileHandler' driver.
DEBUG - 2025-05-27 06:57:52 --> Session: Class initialized using 'CodeIgniter\Session\Handlers\FileHandler' driver.
DEBUG - 2025-05-27 07:07:19 --> Session: Class initialized using 'CodeIgniter\Session\Handlers\FileHandler' driver.
DEBUG - 2025-05-27 07:07:40 --> Session: Class initialized using 'CodeIgniter\Session\Handlers\FileHandler' driver.
DEBUG - 2025-05-27 07:07:44 --> Session: Class initialized using 'CodeIgniter\Session\Handlers\FileHandler' driver.
DEBUG - 2025-05-27 07:08:39 --> Session: Class initialized using 'CodeIgniter\Session\Handlers\FileHandler' driver.
DEBUG - 2025-05-27 07:13:32 --> Session: Class initialized using 'CodeIgniter\Session\Handlers\FileHandler' driver.
DEBUG - 2025-05-27 07:14:15 --> Session: Class initialized using 'CodeIgniter\Session\Handlers\FileHandler' driver.
DEBUG - 2025-05-27 07:14:31 --> Session: Class initialized using 'CodeIgniter\Session\Handlers\FileHandler' driver.
DEBUG - 2025-05-27 07:14:49 --> Session: Class initialized using 'CodeIgniter\Session\Handlers\FileHandler' driver.
DEBUG - 2025-05-27 07:14:56 --> Session: Class initialized using 'CodeIgniter\Session\Handlers\FileHandler' driver.
DEBUG - 2025-05-27 07:22:43 --> Session: Class initialized using 'CodeIgniter\Session\Handlers\FileHandler' driver.
DEBUG - 2025-05-27 07:23:14 --> Session: Class initialized using 'CodeIgniter\Session\Handlers\FileHandler' driver.
DEBUG - 2025-05-27 07:29:42 --> Session: Class initialized using 'CodeIgniter\Session\Handlers\FileHandler' driver.
DEBUG - 2025-05-27 07:30:03 --> Session: Class initialized using 'CodeIgniter\Session\Handlers\FileHandler' driver.
DEBUG - 2025-05-27 07:30:03 --> Session: Class initialized using 'CodeIgniter\Session\Handlers\FileHandler' driver.
DEBUG - 2025-05-27 07:33:10 --> Session: Class initialized using 'CodeIgniter\Session\Handlers\FileHandler' driver.
DEBUG - 2025-05-27 07:33:10 --> Session: Class initialized using 'CodeIgniter\Session\Handlers\FileHandler' driver.
DEBUG - 2025-05-27 07:33:59 --> Session: Class initialized using 'CodeIgniter\Session\Handlers\FileHandler' driver.
DEBUG - 2025-05-27 07:34:00 --> Session: Class initialized using 'CodeIgniter\Session\Handlers\FileHandler' driver.
DEBUG - 2025-05-27 07:34:10 --> Session: Class initialized using 'CodeIgniter\Session\Handlers\FileHandler' driver.
DEBUG - 2025-05-27 07:34:11 --> Session: Class initialized using 'CodeIgniter\Session\Handlers\FileHandler' driver.
DEBUG - 2025-05-27 08:44:33 --> Session: Class initialized using 'CodeIgniter\Session\Handlers\FileHandler' driver.
DEBUG - 2025-05-27 08:44:33 --> Session: Class initialized using 'CodeIgniter\Session\Handlers\FileHandler' driver.
DEBUG - 2025-05-27 08:44:36 --> Session: Class initialized using 'CodeIgniter\Session\Handlers\FileHandler' driver.
DEBUG - 2025-05-27 08:44:36 --> Session: Class initialized using 'CodeIgniter\Session\Handlers\FileHandler' driver.
DEBUG - 2025-05-27 08:44:46 --> Session: Class initialized using 'CodeIgniter\Session\Handlers\FileHandler' driver.
DEBUG - 2025-05-27 08:44:50 --> Session: Class initialized using 'CodeIgniter\Session\Handlers\FileHandler' driver.
DEBUG - 2025-05-27 08:46:15 --> Session: Class initialized using 'CodeIgniter\Session\Handlers\FileHandler' driver.
DEBUG - 2025-05-27 08:46:16 --> Session: Class initialized using 'CodeIgniter\Session\Handlers\FileHandler' driver.
DEBUG - 2025-05-27 08:51:43 --> Session: Class initialized using 'CodeIgniter\Session\Handlers\FileHandler' driver.
DEBUG - 2025-05-27 08:51:43 --> Session: Class initialized using 'CodeIgniter\Session\Handlers\FileHandler' driver.
DEBUG - 2025-05-27 08:51:46 --> Session: Class initialized using 'CodeIgniter\Session\Handlers\FileHandler' driver.
DEBUG - 2025-05-27 08:51:48 --> Session: Class initialized using 'CodeIgniter\Session\Handlers\FileHandler' driver.
DEBUG - 2025-05-27 08:51:56 --> Session: Class initialized using 'CodeIgniter\Session\Handlers\FileHandler' driver.
DEBUG - 2025-05-27 08:52:01 --> Session: Class initialized using 'CodeIgniter\Session\Handlers\FileHandler' driver.
DEBUG - 2025-05-27 08:52:01 --> Session: Class initialized using 'CodeIgniter\Session\Handlers\FileHandler' driver.
DEBUG - 2025-05-27 08:52:09 --> Session: Class initialized using 'CodeIgniter\Session\Handlers\FileHandler' driver.
DEBUG - 2025-05-27 08:52:13 --> Session: Class initialized using 'CodeIgniter\Session\Handlers\FileHandler' driver.
DEBUG - 2025-05-27 08:52:36 --> Session: Class initialized using 'CodeIgniter\Session\Handlers\FileHandler' driver.
DEBUG - 2025-05-27 08:52:38 --> Session: Class initialized using 'CodeIgniter\Session\Handlers\FileHandler' driver.
DEBUG - 2025-05-27 08:52:45 --> Session: Class initialized using 'CodeIgniter\Session\Handlers\FileHandler' driver.
DEBUG - 2025-05-27 08:52:48 --> Session: Class initialized using 'CodeIgniter\Session\Handlers\FileHandler' driver.
DEBUG - 2025-05-27 08:52:48 --> Session: Class initialized using 'CodeIgniter\Session\Handlers\FileHandler' driver.
DEBUG - 2025-05-27 08:52:52 --> Session: Class initialized using 'CodeIgniter\Session\Handlers\FileHandler' driver.
DEBUG - 2025-05-27 08:52:56 --> Session: Class initialized using 'CodeIgniter\Session\Handlers\FileHandler' driver.
DEBUG - 2025-05-27 08:54:02 --> Session: Class initialized using 'CodeIgniter\Session\Handlers\FileHandler' driver.
DEBUG - 2025-05-27 08:54:04 --> Session: Class initialized using 'CodeIgniter\Session\Handlers\FileHandler' driver.
DEBUG - 2025-05-27 08:54:10 --> Session: Class initialized using 'CodeIgniter\Session\Handlers\FileHandler' driver.
DEBUG - 2025-05-27 08:54:15 --> Session: Class initialized using 'CodeIgniter\Session\Handlers\FileHandler' driver.
DEBUG - 2025-05-27 08:54:15 --> Session: Class initialized using 'CodeIgniter\Session\Handlers\FileHandler' driver.
DEBUG - 2025-05-27 08:54:17 --> Session: Class initialized using 'CodeIgniter\Session\Handlers\FileHandler' driver.
DEBUG - 2025-05-27 08:54:22 --> Session: Class initialized using 'CodeIgniter\Session\Handlers\FileHandler' driver.
DEBUG - 2025-05-27 09:01:12 --> Session: Class initialized using 'CodeIgniter\Session\Handlers\FileHandler' driver.
DEBUG - 2025-05-27 09:01:12 --> Session: Class initialized using 'CodeIgniter\Session\Handlers\FileHandler' driver.
DEBUG - 2025-05-27 09:01:42 --> Session: Class initialized using 'CodeIgniter\Session\Handlers\FileHandler' driver.
DEBUG - 2025-05-27 09:01:45 --> Session: Class initialized using 'CodeIgniter\Session\Handlers\FileHandler' driver.
DEBUG - 2025-05-27 09:01:52 --> Session: Class initialized using 'CodeIgniter\Session\Handlers\FileHandler' driver.
DEBUG - 2025-05-27 09:01:55 --> Session: Class initialized using 'CodeIgniter\Session\Handlers\FileHandler' driver.
DEBUG - 2025-05-27 09:01:55 --> Session: Class initialized using 'CodeIgniter\Session\Handlers\FileHandler' driver.
DEBUG - 2025-05-27 09:01:58 --> Session: Class initialized using 'CodeIgniter\Session\Handlers\FileHandler' driver.
DEBUG - 2025-05-27 09:01:58 --> Session: Class initialized using 'CodeIgniter\Session\Handlers\FileHandler' driver.
DEBUG - 2025-05-27 09:02:08 --> Session: Class initialized using 'CodeIgniter\Session\Handlers\FileHandler' driver.
DEBUG - 2025-05-27 09:02:12 --> Session: Class initialized using 'CodeIgniter\Session\Handlers\FileHandler' driver.
DEBUG - 2025-05-27 18:18:34 --> Session: Class initialized using 'CodeIgniter\Session\Handlers\FileHandler' driver.
DEBUG - 2025-05-27 18:18:35 --> Session: Class initialized using 'CodeIgniter\Session\Handlers\FileHandler' driver.
DEBUG - 2025-05-27 18:18:39 --> Session: Class initialized using 'CodeIgniter\Session\Handlers\FileHandler' driver.
DEBUG - 2025-05-27 18:28:52 --> Session: Class initialized using 'CodeIgniter\Session\Handlers\FileHandler' driver.
DEBUG - 2025-05-27 18:28:52 --> Session: Class initialized using 'CodeIgniter\Session\Handlers\FileHandler' driver.
DEBUG - 2025-05-27 18:29:25 --> Session: Class initialized using 'CodeIgniter\Session\Handlers\FileHandler' driver.
DEBUG - 2025-05-27 18:29:27 --> Session: Class initialized using 'CodeIgniter\Session\Handlers\FileHandler' driver.
DEBUG - 2025-05-27 18:29:27 --> Session: Class initialized using 'CodeIgniter\Session\Handlers\FileHandler' driver.
DEBUG - 2025-05-27 18:29:59 --> Session: Class initialized using 'CodeIgniter\Session\Handlers\FileHandler' driver.
DEBUG - 2025-05-27 18:29:59 --> Session: Class initialized using 'CodeIgniter\Session\Handlers\FileHandler' driver.
DEBUG - 2025-05-27 18:30:05 --> Session: Class initialized using 'CodeIgniter\Session\Handlers\FileHandler' driver.
DEBUG - 2025-05-27 18:30:42 --> Session: Class initialized using 'CodeIgniter\Session\Handlers\FileHandler' driver.
DEBUG - 2025-05-27 18:30:45 --> Session: Class initialized using 'CodeIgniter\Session\Handlers\FileHandler' driver.
DEBUG - 2025-05-27 18:30:48 --> Session: Class initialized using 'CodeIgniter\Session\Handlers\FileHandler' driver.
DEBUG - 2025-05-27 18:31:03 --> Session: Class initialized using 'CodeIgniter\Session\Handlers\FileHandler' driver.
DEBUG - 2025-05-27 18:32:29 --> Session: Class initialized using 'CodeIgniter\Session\Handlers\FileHandler' driver.
DEBUG - 2025-05-27 18:32:33 --> Session: Class initialized using 'CodeIgniter\Session\Handlers\FileHandler' driver.
DEBUG - 2025-05-27 18:32:34 --> Session: Class initialized using 'CodeIgniter\Session\Handlers\FileHandler' driver.
DEBUG - 2025-05-27 18:32:58 --> Session: Class initialized using 'CodeIgniter\Session\Handlers\FileHandler' driver.
DEBUG - 2025-05-27 18:33:02 --> Session: Class initialized using 'CodeIgniter\Session\Handlers\FileHandler' driver.
DEBUG - 2025-05-27 18:38:45 --> Session: Class initialized using 'CodeIgniter\Session\Handlers\FileHandler' driver.
DEBUG - 2025-05-27 18:38:45 --> Session: Class initialized using 'CodeIgniter\Session\Handlers\FileHandler' driver.
DEBUG - 2025-05-27 18:38:53 --> Session: Class initialized using 'CodeIgniter\Session\Handlers\FileHandler' driver.
DEBUG - 2025-05-27 18:38:56 --> Session: Class initialized using 'CodeIgniter\Session\Handlers\FileHandler' driver.
DEBUG - 2025-05-27 18:44:32 --> Session: Class initialized using 'CodeIgniter\Session\Handlers\FileHandler' driver.
DEBUG - 2025-05-27 18:44:32 --> Session: Class initialized using 'CodeIgniter\Session\Handlers\FileHandler' driver.
DEBUG - 2025-05-27 18:44:34 --> Session: Class initialized using 'CodeIgniter\Session\Handlers\FileHandler' driver.
DEBUG - 2025-05-27 18:44:36 --> Session: Class initialized using 'CodeIgniter\Session\Handlers\FileHandler' driver.
DEBUG - 2025-05-27 18:44:42 --> Session: Class initialized using 'CodeIgniter\Session\Handlers\FileHandler' driver.
DEBUG - 2025-05-27 18:45:18 --> Session: Class initialized using 'CodeIgniter\Session\Handlers\FileHandler' driver.
DEBUG - 2025-05-27 18:45:22 --> Session: Class initialized using 'CodeIgniter\Session\Handlers\FileHandler' driver.
DEBUG - 2025-05-27 18:45:22 --> Session: Class initialized using 'CodeIgniter\Session\Handlers\FileHandler' driver.
DEBUG - 2025-05-27 18:45:35 --> Session: Class initialized using 'CodeIgniter\Session\Handlers\FileHandler' driver.
DEBUG - 2025-05-27 18:45:39 --> Session: Class initialized using 'CodeIgniter\Session\Handlers\FileHandler' driver.
DEBUG - 2025-05-27 18:49:44 --> Session: Class initialized using 'CodeIgniter\Session\Handlers\FileHandler' driver.
DEBUG - 2025-05-27 18:49:44 --> Session: Class initialized using 'CodeIgniter\Session\Handlers\FileHandler' driver.
DEBUG - 2025-05-27 18:49:50 --> Session: Class initialized using 'CodeIgniter\Session\Handlers\FileHandler' driver.
DEBUG - 2025-05-27 18:51:40 --> Session: Class initialized using 'CodeIgniter\Session\Handlers\FileHandler' driver.
DEBUG - 2025-05-27 18:51:44 --> Session: Class initialized using 'CodeIgniter\Session\Handlers\FileHandler' driver.
DEBUG - 2025-05-27 18:51:44 --> Session: Class initialized using 'CodeIgniter\Session\Handlers\FileHandler' driver.
DEBUG - 2025-05-27 18:51:44 --> Session: Class initialized using 'CodeIgniter\Session\Handlers\FileHandler' driver.
DEBUG - 2025-05-27 18:51:47 --> Session: Class initialized using 'CodeIgniter\Session\Handlers\FileHandler' driver.
DEBUG - 2025-05-27 18:51:50 --> Session: Class initialized using 'CodeIgniter\Session\Handlers\FileHandler' driver.
DEBUG - 2025-05-27 18:51:51 --> Session: Class initialized using 'CodeIgniter\Session\Handlers\FileHandler' driver.
DEBUG - 2025-05-27 18:52:33 --> Session: Class initialized using 'CodeIgniter\Session\Handlers\FileHandler' driver.
DEBUG - 2025-05-27 18:52:34 --> Session: Class initialized using 'CodeIgniter\Session\Handlers\FileHandler' driver.
DEBUG - 2025-05-27 18:52:52 --> Session: Class initialized using 'CodeIgniter\Session\Handlers\FileHandler' driver.
DEBUG - 2025-05-27 18:52:55 --> Session: Class initialized using 'CodeIgniter\Session\Handlers\FileHandler' driver.
DEBUG - 2025-05-27 19:02:24 --> Session: Class initialized using 'CodeIgniter\Session\Handlers\FileHandler' driver.
DEBUG - 2025-05-27 19:02:24 --> Session: Class initialized using 'CodeIgniter\Session\Handlers\FileHandler' driver.
DEBUG - 2025-05-27 19:02:37 --> Session: Class initialized using 'CodeIgniter\Session\Handlers\FileHandler' driver.
DEBUG - 2025-05-27 19:02:40 --> Session: Class initialized using 'CodeIgniter\Session\Handlers\FileHandler' driver.
DEBUG - 2025-05-27 19:02:46 --> Session: Class initialized using 'CodeIgniter\Session\Handlers\FileHandler' driver.
DEBUG - 2025-05-27 19:04:51 --> Session: Class initialized using 'CodeIgniter\Session\Handlers\FileHandler' driver.
DEBUG - 2025-05-27 19:04:55 --> Session: Class initialized using 'CodeIgniter\Session\Handlers\FileHandler' driver.
DEBUG - 2025-05-27 19:04:55 --> Session: Class initialized using 'CodeIgniter\Session\Handlers\FileHandler' driver.
DEBUG - 2025-05-27 19:05:16 --> Session: Class initialized using 'CodeIgniter\Session\Handlers\FileHandler' driver.
DEBUG - 2025-05-27 19:05:19 --> Session: Class initialized using 'CodeIgniter\Session\Handlers\FileHandler' driver.
DEBUG - 2025-05-27 19:06:38 --> Session: Class initialized using 'CodeIgniter\Session\Handlers\FileHandler' driver.
DEBUG - 2025-05-27 19:06:39 --> Session: Class initialized using 'CodeIgniter\Session\Handlers\FileHandler' driver.
DEBUG - 2025-05-27 19:06:42 --> Session: Class initialized using 'CodeIgniter\Session\Handlers\FileHandler' driver.
DEBUG - 2025-05-27 19:06:46 --> Session: Class initialized using 'CodeIgniter\Session\Handlers\FileHandler' driver.
DEBUG - 2025-05-27 19:07:46 --> Session: Class initialized using 'CodeIgniter\Session\Handlers\FileHandler' driver.
DEBUG - 2025-05-27 19:07:46 --> Session: Class initialized using 'CodeIgniter\Session\Handlers\FileHandler' driver.
DEBUG - 2025-05-27 19:07:47 --> Session: Class initialized using 'CodeIgniter\Session\Handlers\FileHandler' driver.
DEBUG - 2025-05-27 19:07:47 --> Session: Class initialized using 'CodeIgniter\Session\Handlers\FileHandler' driver.
DEBUG - 2025-05-27 19:07:51 --> Session: Class initialized using 'CodeIgniter\Session\Handlers\FileHandler' driver.
DEBUG - 2025-05-27 19:07:56 --> Session: Class initialized using 'CodeIgniter\Session\Handlers\FileHandler' driver.
DEBUG - 2025-05-27 19:08:07 --> Session: Class initialized using 'CodeIgniter\Session\Handlers\FileHandler' driver.
DEBUG - 2025-05-27 19:08:08 --> Session: Class initialized using 'CodeIgniter\Session\Handlers\FileHandler' driver.
DEBUG - 2025-05-27 19:22:56 --> Session: Class initialized using 'CodeIgniter\Session\Handlers\FileHandler' driver.
DEBUG - 2025-05-27 19:22:57 --> Session: Class initialized using 'CodeIgniter\Session\Handlers\FileHandler' driver.
DEBUG - 2025-05-27 19:23:27 --> Session: Class initialized using 'CodeIgniter\Session\Handlers\FileHandler' driver.
DEBUG - 2025-05-27 19:23:31 --> Session: Class initialized using 'CodeIgniter\Session\Handlers\FileHandler' driver.
