DEBUG - 2025-05-13 10:13:05 --> Session: Class initialized using 'CodeIgniter\Session\Handlers\FileHandler' driver.
DEBUG - 2025-05-13 10:13:05 --> Session: Class initialized using 'CodeIgniter\Session\Handlers\FileHandler' driver.
DEBUG - 2025-05-13 10:13:15 --> Session: Class initialized using 'CodeIgniter\Session\Handlers\FileHandler' driver.
DEBUG - 2025-05-13 11:15:53 --> Session: Class initialized using 'CodeIgniter\Session\Handlers\FileHandler' driver.
CRITICAL - 2025-05-13 11:15:53 --> CodeIgniter\Exceptions\RuntimeException: View themes, no current section.
[Method: GET, Route: libaray/rules]
in SYSTEMPATH\View\View.php on line 430.
 1 APPPATH\Views\rules.php(116): CodeIgniter\View\View->endSection()
 2 SYSTEMPATH\View\View.php(224): include('C:\\xampp\\htdocs\\lib\\app\\Views\\rules.php')
 3 SYSTEMPATH\View\View.php(227): CodeIgniter\View\View->CodeIgniter\View\{closure}()
 4 SYSTEMPATH\Common.php(1173): CodeIgniter\View\View->render('rules', [], true)
 5 APPPATH\Controllers\Home.php(33): view('rules')
 6 SYSTEMPATH\CodeIgniter.php(933): App\Controllers\Home->rules()
 7 SYSTEMPATH\CodeIgniter.php(507): CodeIgniter\CodeIgniter->runController(Object(App\Controllers\Home))
 8 SYSTEMPATH\CodeIgniter.php(354): CodeIgniter\CodeIgniter->handleRequest(null, Object(Config\Cache), false)
 9 SYSTEMPATH\Boot.php(334): CodeIgniter\CodeIgniter->run()
10 SYSTEMPATH\Boot.php(67): CodeIgniter\Boot::runCodeIgniter(Object(CodeIgniter\CodeIgniter))
11 FCPATH\index.php(56): CodeIgniter\Boot::bootWeb(Object(Config\Paths))
DEBUG - 2025-05-13 11:16:22 --> Session: Class initialized using 'CodeIgniter\Session\Handlers\FileHandler' driver.
DEBUG - 2025-05-13 11:16:40 --> Session: Class initialized using 'CodeIgniter\Session\Handlers\FileHandler' driver.
DEBUG - 2025-05-13 11:24:27 --> Session: Class initialized using 'CodeIgniter\Session\Handlers\FileHandler' driver.
DEBUG - 2025-05-13 11:25:04 --> Session: Class initialized using 'CodeIgniter\Session\Handlers\FileHandler' driver.
DEBUG - 2025-05-13 11:25:08 --> Session: Class initialized using 'CodeIgniter\Session\Handlers\FileHandler' driver.
DEBUG - 2025-05-13 11:25:08 --> Session: Class initialized using 'CodeIgniter\Session\Handlers\FileHandler' driver.
DEBUG - 2025-05-13 11:25:16 --> Session: Class initialized using 'CodeIgniter\Session\Handlers\FileHandler' driver.
DEBUG - 2025-05-13 11:25:48 --> Session: Class initialized using 'CodeIgniter\Session\Handlers\FileHandler' driver.
DEBUG - 2025-05-13 11:29:50 --> Session: Class initialized using 'CodeIgniter\Session\Handlers\FileHandler' driver.
ERROR - 2025-05-13 11:31:45 --> mysqli_sql_exception: Unknown column 'delete_after_days' in 'field list' in C:\xampp\htdocs\lib\system\Database\MySQLi\Connection.php:327
Stack trace:
#0 C:\xampp\htdocs\lib\system\Database\MySQLi\Connection.php(327): mysqli->query('INSERT INTO `li...', 0)
#1 C:\xampp\htdocs\lib\system\Database\BaseConnection.php(738): CodeIgniter\Database\MySQLi\Connection->execute('INSERT INTO `li...')
#2 C:\xampp\htdocs\lib\system\Database\BaseConnection.php(652): CodeIgniter\Database\BaseConnection->simpleQuery('INSERT INTO `li...')
#3 C:\xampp\htdocs\lib\system\Database\BaseBuilder.php(2345): CodeIgniter\Database\BaseConnection->query('INSERT INTO `li...', Array, false)
#4 C:\xampp\htdocs\lib\app\Models\HomeModel.php(12): CodeIgniter\Database\BaseBuilder->insert(Array)
#5 C:\xampp\htdocs\lib\app\Controllers\Home.php(155): App\Models\HomeModel->store('library_policy', Array)
#6 C:\xampp\htdocs\lib\system\CodeIgniter.php(933): App\Controllers\Home->save()
#7 C:\xampp\htdocs\lib\system\CodeIgniter.php(507): CodeIgniter\CodeIgniter->runController(Object(App\Controllers\Home))
#8 C:\xampp\htdocs\lib\system\CodeIgniter.php(354): CodeIgniter\CodeIgniter->handleRequest(NULL, Object(Config\Cache), false)
#9 C:\xampp\htdocs\lib\system\Boot.php(334): CodeIgniter\CodeIgniter->run()
#10 C:\xampp\htdocs\lib\system\Boot.php(67): CodeIgniter\Boot::runCodeIgniter(Object(CodeIgniter\CodeIgniter))
#11 C:\xampp\htdocs\lib\index.php(56): CodeIgniter\Boot::bootWeb(Object(Config\Paths))
#12 {main}
CRITICAL - 2025-05-13 11:31:45 --> CodeIgniter\Database\Exceptions\DatabaseException: Unknown column 'delete_after_days' in 'field list'
[Method: POST, Route: library-policy/save]
in SYSTEMPATH\Database\BaseConnection.php on line 692.
 1 SYSTEMPATH\Database\BaseBuilder.php(2345): CodeIgniter\Database\BaseConnection->query('INSERT INTO `library_policy` (`max_books`, `penalty_per_day`, `suspend_after_days`, `minor_damage_fee`, `major_damage_fee`, `lost_book_fee`, `delete_after_days`, `borrow_note`, `late_note`, `damage_note`) VALUES (:max_books:, :penalty_per_day:, :suspend_after_days:, :minor_damage_fee:, :major_damage_fee:, :lost_book_fee:, :delete_after_days:, :borrow_note:, :late_note:, :damage_note:)', [...], false)
 2 APPPATH\Models\HomeModel.php(12): CodeIgniter\Database\BaseBuilder->insert([...])
 3 APPPATH\Controllers\Home.php(155): App\Models\HomeModel->store('library_policy', [...])
 4 SYSTEMPATH\CodeIgniter.php(933): App\Controllers\Home->save()
 5 SYSTEMPATH\CodeIgniter.php(507): CodeIgniter\CodeIgniter->runController(Object(App\Controllers\Home))
 6 SYSTEMPATH\CodeIgniter.php(354): CodeIgniter\CodeIgniter->handleRequest(null, Object(Config\Cache), false)
 7 SYSTEMPATH\Boot.php(334): CodeIgniter\CodeIgniter->run()
 8 SYSTEMPATH\Boot.php(67): CodeIgniter\Boot::runCodeIgniter(Object(CodeIgniter\CodeIgniter))
 9 FCPATH\index.php(56): CodeIgniter\Boot::bootWeb(Object(Config\Paths))
CRITICAL - 2025-05-13 11:31:45 --> [Caused by] CodeIgniter\Database\Exceptions\DatabaseException: Unknown column 'delete_after_days' in 'field list'
in SYSTEMPATH\Database\MySQLi\Connection.php on line 332.
 1 SYSTEMPATH\Database\BaseConnection.php(738): CodeIgniter\Database\MySQLi\Connection->execute('INSERT INTO `library_policy` (`max_books`, `penalty_per_day`, `suspend_after_days`, `minor_damage_fee`, `major_damage_fee`, `lost_book_fee`, `delete_after_days`, `borrow_note`, `late_note`, `damage_note`) VALUES (\'5\', \'0.50\', \'30\', \'25\', \'100\', \'120\', \'90\', \'121\', \'dddp\', \'wwwwss\')')
 2 SYSTEMPATH\Database\BaseConnection.php(652): CodeIgniter\Database\BaseConnection->simpleQuery('INSERT INTO `library_policy` (`max_books`, `penalty_per_day`, `suspend_after_days`, `minor_damage_fee`, `major_damage_fee`, `lost_book_fee`, `delete_after_days`, `borrow_note`, `late_note`, `damage_note`) VALUES (\'5\', \'0.50\', \'30\', \'25\', \'100\', \'120\', \'90\', \'121\', \'dddp\', \'wwwwss\')')
 3 SYSTEMPATH\Database\BaseBuilder.php(2345): CodeIgniter\Database\BaseConnection->query('INSERT INTO `library_policy` (`max_books`, `penalty_per_day`, `suspend_after_days`, `minor_damage_fee`, `major_damage_fee`, `lost_book_fee`, `delete_after_days`, `borrow_note`, `late_note`, `damage_note`) VALUES (:max_books:, :penalty_per_day:, :suspend_after_days:, :minor_damage_fee:, :major_damage_fee:, :lost_book_fee:, :delete_after_days:, :borrow_note:, :late_note:, :damage_note:)', [...], false)
 4 APPPATH\Models\HomeModel.php(12): CodeIgniter\Database\BaseBuilder->insert([...])
 5 APPPATH\Controllers\Home.php(155): App\Models\HomeModel->store('library_policy', [...])
 6 SYSTEMPATH\CodeIgniter.php(933): App\Controllers\Home->save()
 7 SYSTEMPATH\CodeIgniter.php(507): CodeIgniter\CodeIgniter->runController(Object(App\Controllers\Home))
 8 SYSTEMPATH\CodeIgniter.php(354): CodeIgniter\CodeIgniter->handleRequest(null, Object(Config\Cache), false)
 9 SYSTEMPATH\Boot.php(334): CodeIgniter\CodeIgniter->run()
10 SYSTEMPATH\Boot.php(67): CodeIgniter\Boot::runCodeIgniter(Object(CodeIgniter\CodeIgniter))
11 FCPATH\index.php(56): CodeIgniter\Boot::bootWeb(Object(Config\Paths))
CRITICAL - 2025-05-13 11:31:45 --> [Caused by] mysqli_sql_exception: Unknown column 'delete_after_days' in 'field list'
in SYSTEMPATH\Database\MySQLi\Connection.php on line 327.
 1 SYSTEMPATH\Database\MySQLi\Connection.php(327): mysqli->query('INSERT INTO `library_policy` (`max_books`, `penalty_per_day`, `suspend_after_days`, `minor_damage_fee`, `major_damage_fee`, `lost_book_fee`, `delete_after_days`, `borrow_note`, `late_note`, `damage_note`) VALUES (\'5\', \'0.50\', \'30\', \'25\', \'100\', \'120\', \'90\', \'121\', \'dddp\', \'wwwwss\')', 0)
 2 SYSTEMPATH\Database\BaseConnection.php(738): CodeIgniter\Database\MySQLi\Connection->execute('INSERT INTO `library_policy` (`max_books`, `penalty_per_day`, `suspend_after_days`, `minor_damage_fee`, `major_damage_fee`, `lost_book_fee`, `delete_after_days`, `borrow_note`, `late_note`, `damage_note`) VALUES (\'5\', \'0.50\', \'30\', \'25\', \'100\', \'120\', \'90\', \'121\', \'dddp\', \'wwwwss\')')
 3 SYSTEMPATH\Database\BaseConnection.php(652): CodeIgniter\Database\BaseConnection->simpleQuery('INSERT INTO `library_policy` (`max_books`, `penalty_per_day`, `suspend_after_days`, `minor_damage_fee`, `major_damage_fee`, `lost_book_fee`, `delete_after_days`, `borrow_note`, `late_note`, `damage_note`) VALUES (\'5\', \'0.50\', \'30\', \'25\', \'100\', \'120\', \'90\', \'121\', \'dddp\', \'wwwwss\')')
 4 SYSTEMPATH\Database\BaseBuilder.php(2345): CodeIgniter\Database\BaseConnection->query('INSERT INTO `library_policy` (`max_books`, `penalty_per_day`, `suspend_after_days`, `minor_damage_fee`, `major_damage_fee`, `lost_book_fee`, `delete_after_days`, `borrow_note`, `late_note`, `damage_note`) VALUES (:max_books:, :penalty_per_day:, :suspend_after_days:, :minor_damage_fee:, :major_damage_fee:, :lost_book_fee:, :delete_after_days:, :borrow_note:, :late_note:, :damage_note:)', [...], false)
 5 APPPATH\Models\HomeModel.php(12): CodeIgniter\Database\BaseBuilder->insert([...])
 6 APPPATH\Controllers\Home.php(155): App\Models\HomeModel->store('library_policy', [...])
 7 SYSTEMPATH\CodeIgniter.php(933): App\Controllers\Home->save()
 8 SYSTEMPATH\CodeIgniter.php(507): CodeIgniter\CodeIgniter->runController(Object(App\Controllers\Home))
 9 SYSTEMPATH\CodeIgniter.php(354): CodeIgniter\CodeIgniter->handleRequest(null, Object(Config\Cache), false)
10 SYSTEMPATH\Boot.php(334): CodeIgniter\CodeIgniter->run()
11 SYSTEMPATH\Boot.php(67): CodeIgniter\Boot::runCodeIgniter(Object(CodeIgniter\CodeIgniter))
12 FCPATH\index.php(56): CodeIgniter\Boot::bootWeb(Object(Config\Paths))
ERROR - 2025-05-13 11:32:35 --> mysqli_sql_exception: Unknown column 'borrow_note' in 'field list' in C:\xampp\htdocs\lib\system\Database\MySQLi\Connection.php:327
Stack trace:
#0 C:\xampp\htdocs\lib\system\Database\MySQLi\Connection.php(327): mysqli->query('INSERT INTO `li...', 0)
#1 C:\xampp\htdocs\lib\system\Database\BaseConnection.php(738): CodeIgniter\Database\MySQLi\Connection->execute('INSERT INTO `li...')
#2 C:\xampp\htdocs\lib\system\Database\BaseConnection.php(652): CodeIgniter\Database\BaseConnection->simpleQuery('INSERT INTO `li...')
#3 C:\xampp\htdocs\lib\system\Database\BaseBuilder.php(2345): CodeIgniter\Database\BaseConnection->query('INSERT INTO `li...', Array, false)
#4 C:\xampp\htdocs\lib\app\Models\HomeModel.php(12): CodeIgniter\Database\BaseBuilder->insert(Array)
#5 C:\xampp\htdocs\lib\app\Controllers\Home.php(155): App\Models\HomeModel->store('library_policy', Array)
#6 C:\xampp\htdocs\lib\system\CodeIgniter.php(933): App\Controllers\Home->save()
#7 C:\xampp\htdocs\lib\system\CodeIgniter.php(507): CodeIgniter\CodeIgniter->runController(Object(App\Controllers\Home))
#8 C:\xampp\htdocs\lib\system\CodeIgniter.php(354): CodeIgniter\CodeIgniter->handleRequest(NULL, Object(Config\Cache), false)
#9 C:\xampp\htdocs\lib\system\Boot.php(334): CodeIgniter\CodeIgniter->run()
#10 C:\xampp\htdocs\lib\system\Boot.php(67): CodeIgniter\Boot::runCodeIgniter(Object(CodeIgniter\CodeIgniter))
#11 C:\xampp\htdocs\lib\index.php(56): CodeIgniter\Boot::bootWeb(Object(Config\Paths))
#12 {main}
CRITICAL - 2025-05-13 11:32:35 --> CodeIgniter\Database\Exceptions\DatabaseException: Unknown column 'borrow_note' in 'field list'
[Method: POST, Route: library-policy/save]
in SYSTEMPATH\Database\BaseConnection.php on line 692.
 1 SYSTEMPATH\Database\BaseBuilder.php(2345): CodeIgniter\Database\BaseConnection->query('INSERT INTO `library_policy` (`max_books`, `penalty_per_day`, `suspend_after_days`, `minor_damage_fee`, `major_damage_fee`, `lost_book_fee`, `delete_account_after_days`, `borrow_note`, `late_note`, `damage_note`) VALUES (:max_books:, :penalty_per_day:, :suspend_after_days:, :minor_damage_fee:, :major_damage_fee:, :lost_book_fee:, :delete_account_after_days:, :borrow_note:, :late_note:, :damage_note:)', [...], false)
 2 APPPATH\Models\HomeModel.php(12): CodeIgniter\Database\BaseBuilder->insert([...])
 3 APPPATH\Controllers\Home.php(155): App\Models\HomeModel->store('library_policy', [...])
 4 SYSTEMPATH\CodeIgniter.php(933): App\Controllers\Home->save()
 5 SYSTEMPATH\CodeIgniter.php(507): CodeIgniter\CodeIgniter->runController(Object(App\Controllers\Home))
 6 SYSTEMPATH\CodeIgniter.php(354): CodeIgniter\CodeIgniter->handleRequest(null, Object(Config\Cache), false)
 7 SYSTEMPATH\Boot.php(334): CodeIgniter\CodeIgniter->run()
 8 SYSTEMPATH\Boot.php(67): CodeIgniter\Boot::runCodeIgniter(Object(CodeIgniter\CodeIgniter))
 9 FCPATH\index.php(56): CodeIgniter\Boot::bootWeb(Object(Config\Paths))
CRITICAL - 2025-05-13 11:32:35 --> [Caused by] CodeIgniter\Database\Exceptions\DatabaseException: Unknown column 'borrow_note' in 'field list'
in SYSTEMPATH\Database\MySQLi\Connection.php on line 332.
 1 SYSTEMPATH\Database\BaseConnection.php(738): CodeIgniter\Database\MySQLi\Connection->execute('INSERT INTO `library_policy` (`max_books`, `penalty_per_day`, `suspend_after_days`, `minor_damage_fee`, `major_damage_fee`, `lost_book_fee`, `delete_account_after_days`, `borrow_note`, `late_note`, `damage_note`) VALUES (\'5\', \'0.50\', \'30\', \'25\', \'100\', \'120\', \'90\', \'121\', \'dddp\', \'wwwwss\')')
 2 SYSTEMPATH\Database\BaseConnection.php(652): CodeIgniter\Database\BaseConnection->simpleQuery('INSERT INTO `library_policy` (`max_books`, `penalty_per_day`, `suspend_after_days`, `minor_damage_fee`, `major_damage_fee`, `lost_book_fee`, `delete_account_after_days`, `borrow_note`, `late_note`, `damage_note`) VALUES (\'5\', \'0.50\', \'30\', \'25\', \'100\', \'120\', \'90\', \'121\', \'dddp\', \'wwwwss\')')
 3 SYSTEMPATH\Database\BaseBuilder.php(2345): CodeIgniter\Database\BaseConnection->query('INSERT INTO `library_policy` (`max_books`, `penalty_per_day`, `suspend_after_days`, `minor_damage_fee`, `major_damage_fee`, `lost_book_fee`, `delete_account_after_days`, `borrow_note`, `late_note`, `damage_note`) VALUES (:max_books:, :penalty_per_day:, :suspend_after_days:, :minor_damage_fee:, :major_damage_fee:, :lost_book_fee:, :delete_account_after_days:, :borrow_note:, :late_note:, :damage_note:)', [...], false)
 4 APPPATH\Models\HomeModel.php(12): CodeIgniter\Database\BaseBuilder->insert([...])
 5 APPPATH\Controllers\Home.php(155): App\Models\HomeModel->store('library_policy', [...])
 6 SYSTEMPATH\CodeIgniter.php(933): App\Controllers\Home->save()
 7 SYSTEMPATH\CodeIgniter.php(507): CodeIgniter\CodeIgniter->runController(Object(App\Controllers\Home))
 8 SYSTEMPATH\CodeIgniter.php(354): CodeIgniter\CodeIgniter->handleRequest(null, Object(Config\Cache), false)
 9 SYSTEMPATH\Boot.php(334): CodeIgniter\CodeIgniter->run()
10 SYSTEMPATH\Boot.php(67): CodeIgniter\Boot::runCodeIgniter(Object(CodeIgniter\CodeIgniter))
11 FCPATH\index.php(56): CodeIgniter\Boot::bootWeb(Object(Config\Paths))
CRITICAL - 2025-05-13 11:32:35 --> [Caused by] mysqli_sql_exception: Unknown column 'borrow_note' in 'field list'
in SYSTEMPATH\Database\MySQLi\Connection.php on line 327.
 1 SYSTEMPATH\Database\MySQLi\Connection.php(327): mysqli->query('INSERT INTO `library_policy` (`max_books`, `penalty_per_day`, `suspend_after_days`, `minor_damage_fee`, `major_damage_fee`, `lost_book_fee`, `delete_account_after_days`, `borrow_note`, `late_note`, `damage_note`) VALUES (\'5\', \'0.50\', \'30\', \'25\', \'100\', \'120\', \'90\', \'121\', \'dddp\', \'wwwwss\')', 0)
 2 SYSTEMPATH\Database\BaseConnection.php(738): CodeIgniter\Database\MySQLi\Connection->execute('INSERT INTO `library_policy` (`max_books`, `penalty_per_day`, `suspend_after_days`, `minor_damage_fee`, `major_damage_fee`, `lost_book_fee`, `delete_account_after_days`, `borrow_note`, `late_note`, `damage_note`) VALUES (\'5\', \'0.50\', \'30\', \'25\', \'100\', \'120\', \'90\', \'121\', \'dddp\', \'wwwwss\')')
 3 SYSTEMPATH\Database\BaseConnection.php(652): CodeIgniter\Database\BaseConnection->simpleQuery('INSERT INTO `library_policy` (`max_books`, `penalty_per_day`, `suspend_after_days`, `minor_damage_fee`, `major_damage_fee`, `lost_book_fee`, `delete_account_after_days`, `borrow_note`, `late_note`, `damage_note`) VALUES (\'5\', \'0.50\', \'30\', \'25\', \'100\', \'120\', \'90\', \'121\', \'dddp\', \'wwwwss\')')
 4 SYSTEMPATH\Database\BaseBuilder.php(2345): CodeIgniter\Database\BaseConnection->query('INSERT INTO `library_policy` (`max_books`, `penalty_per_day`, `suspend_after_days`, `minor_damage_fee`, `major_damage_fee`, `lost_book_fee`, `delete_account_after_days`, `borrow_note`, `late_note`, `damage_note`) VALUES (:max_books:, :penalty_per_day:, :suspend_after_days:, :minor_damage_fee:, :major_damage_fee:, :lost_book_fee:, :delete_account_after_days:, :borrow_note:, :late_note:, :damage_note:)', [...], false)
 5 APPPATH\Models\HomeModel.php(12): CodeIgniter\Database\BaseBuilder->insert([...])
 6 APPPATH\Controllers\Home.php(155): App\Models\HomeModel->store('library_policy', [...])
 7 SYSTEMPATH\CodeIgniter.php(933): App\Controllers\Home->save()
 8 SYSTEMPATH\CodeIgniter.php(507): CodeIgniter\CodeIgniter->runController(Object(App\Controllers\Home))
 9 SYSTEMPATH\CodeIgniter.php(354): CodeIgniter\CodeIgniter->handleRequest(null, Object(Config\Cache), false)
10 SYSTEMPATH\Boot.php(334): CodeIgniter\CodeIgniter->run()
11 SYSTEMPATH\Boot.php(67): CodeIgniter\Boot::runCodeIgniter(Object(CodeIgniter\CodeIgniter))
12 FCPATH\index.php(56): CodeIgniter\Boot::bootWeb(Object(Config\Paths))
DEBUG - 2025-05-13 11:36:36 --> Session: Class initialized using 'CodeIgniter\Session\Handlers\FileHandler' driver.
DEBUG - 2025-05-13 11:50:30 --> Session: Class initialized using 'CodeIgniter\Session\Handlers\FileHandler' driver.
DEBUG - 2025-05-13 11:51:02 --> Session: Class initialized using 'CodeIgniter\Session\Handlers\FileHandler' driver.
DEBUG - 2025-05-13 11:52:51 --> Session: Class initialized using 'CodeIgniter\Session\Handlers\FileHandler' driver.
DEBUG - 2025-05-13 11:54:31 --> Session: Class initialized using 'CodeIgniter\Session\Handlers\FileHandler' driver.
DEBUG - 2025-05-13 12:07:52 --> Session: Class initialized using 'CodeIgniter\Session\Handlers\FileHandler' driver.
CRITICAL - 2025-05-13 12:08:32 --> CodeIgniter\Database\Exceptions\DataException: Allowed fields must be specified for model: "App\Models\HomeModel"
[Method: POST, Route: library-policy/save]
in SYSTEMPATH\BaseModel.php on line 1338.
 1 SYSTEMPATH\BaseModel.php(1338): CodeIgniter\Database\Exceptions\DataException::forInvalidAllowedFields('App\\Models\\HomeModel')
 2 SYSTEMPATH\BaseModel.php(1005): CodeIgniter\BaseModel->doProtectFields([...])
 3 SYSTEMPATH\Model.php(863): CodeIgniter\BaseModel->update([...], [...])
 4 APPPATH\Controllers\Home.php(159): CodeIgniter\Model->update('library_policy', [...])
 5 SYSTEMPATH\CodeIgniter.php(933): App\Controllers\Home->save()
 6 SYSTEMPATH\CodeIgniter.php(507): CodeIgniter\CodeIgniter->runController(Object(App\Controllers\Home))
 7 SYSTEMPATH\CodeIgniter.php(354): CodeIgniter\CodeIgniter->handleRequest(null, Object(Config\Cache), false)
 8 SYSTEMPATH\Boot.php(334): CodeIgniter\CodeIgniter->run()
 9 SYSTEMPATH\Boot.php(67): CodeIgniter\Boot::runCodeIgniter(Object(CodeIgniter\CodeIgniter))
10 FCPATH\index.php(56): CodeIgniter\Boot::bootWeb(Object(Config\Paths))
DEBUG - 2025-05-13 12:12:01 --> Session: Class initialized using 'CodeIgniter\Session\Handlers\FileHandler' driver.
DEBUG - 2025-05-13 12:16:10 --> Session: Class initialized using 'CodeIgniter\Session\Handlers\FileHandler' driver.
DEBUG - 2025-05-13 12:16:10 --> Session: Class initialized using 'CodeIgniter\Session\Handlers\FileHandler' driver.
DEBUG - 2025-05-13 12:16:18 --> Session: Class initialized using 'CodeIgniter\Session\Handlers\FileHandler' driver.
DEBUG - 2025-05-13 12:16:43 --> Session: Class initialized using 'CodeIgniter\Session\Handlers\FileHandler' driver.
DEBUG - 2025-05-13 12:17:44 --> Session: Class initialized using 'CodeIgniter\Session\Handlers\FileHandler' driver.
DEBUG - 2025-05-13 12:21:38 --> Session: Class initialized using 'CodeIgniter\Session\Handlers\FileHandler' driver.
DEBUG - 2025-05-13 12:21:45 --> Session: Class initialized using 'CodeIgniter\Session\Handlers\FileHandler' driver.
DEBUG - 2025-05-13 12:22:09 --> Session: Class initialized using 'CodeIgniter\Session\Handlers\FileHandler' driver.
DEBUG - 2025-05-13 12:24:49 --> Session: Class initialized using 'CodeIgniter\Session\Handlers\FileHandler' driver.
DEBUG - 2025-05-13 12:25:32 --> Session: Class initialized using 'CodeIgniter\Session\Handlers\FileHandler' driver.
DEBUG - 2025-05-13 12:26:02 --> Session: Class initialized using 'CodeIgniter\Session\Handlers\FileHandler' driver.
DEBUG - 2025-05-13 12:26:13 --> Session: Class initialized using 'CodeIgniter\Session\Handlers\FileHandler' driver.
