CRITICAL - 2025-04-29 18:09:14 --> ErrorException: Undefined variable $locale
[Method: GET, Route: Authors]
in APPPATH\Views\books\Authors.php on line 56.
 1 APPPATH\Views\books\Authors.php(56): CodeIgniter\Debug\Exceptions->errorHandler(2, 'Undefined variable $locale', 'C:\\xampp\\htdocs\\lib\\app\\Views\\books\\Authors.php', 56)
 2 SYSTEMPATH\View\View.php(224): include('C:\\xampp\\htdocs\\lib\\app\\Views\\books\\Authors.php')
 3 SYSTEMPATH\View\View.php(227): CodeIgniter\View\View->CodeIgniter\View\{closure}()
 4 SYSTEMPATH\Common.php(1173): CodeIgniter\View\View->render('books/Authors', [], true)
 5 APPPATH\Controllers\Home.php(18): view('books/Authors')
 6 SYSTEMPATH\CodeIgniter.php(933): App\Controllers\Home->Authors()
 7 SYSTEMPATH\CodeIgniter.php(507): CodeIgniter\CodeIgniter->runController(Object(App\Controllers\Home))
 8 SYSTEMPATH\CodeIgniter.php(354): CodeIgniter\CodeIgniter->handleRequest(null, Object(Config\Cache), false)
 9 SYSTEMPATH\Boot.php(334): CodeIgniter\CodeIgniter->run()
10 SYSTEMPATH\Boot.php(67): CodeIgniter\Boot::runCodeIgniter(Object(CodeIgniter\CodeIgniter))
11 FCPATH\index.php(56): CodeIgniter\Boot::bootWeb(Object(Config\Paths))
CRITICAL - 2025-04-29 18:09:35 --> ErrorException: Undefined variable $locale
[Method: GET, Route: Authors]
in APPPATH\Views\books\Authors.php on line 56.
 1 APPPATH\Views\books\Authors.php(56): CodeIgniter\Debug\Exceptions->errorHandler(2, 'Undefined variable $locale', 'C:\\xampp\\htdocs\\lib\\app\\Views\\books\\Authors.php', 56)
 2 SYSTEMPATH\View\View.php(224): include('C:\\xampp\\htdocs\\lib\\app\\Views\\books\\Authors.php')
 3 SYSTEMPATH\View\View.php(227): CodeIgniter\View\View->CodeIgniter\View\{closure}()
 4 SYSTEMPATH\Common.php(1173): CodeIgniter\View\View->render('books/Authors', [], true)
 5 APPPATH\Controllers\Home.php(18): view('books/Authors')
 6 SYSTEMPATH\CodeIgniter.php(933): App\Controllers\Home->Authors()
 7 SYSTEMPATH\CodeIgniter.php(507): CodeIgniter\CodeIgniter->runController(Object(App\Controllers\Home))
 8 SYSTEMPATH\CodeIgniter.php(354): CodeIgniter\CodeIgniter->handleRequest(null, Object(Config\Cache), false)
 9 SYSTEMPATH\Boot.php(334): CodeIgniter\CodeIgniter->run()
10 SYSTEMPATH\Boot.php(67): CodeIgniter\Boot::runCodeIgniter(Object(CodeIgniter\CodeIgniter))
11 FCPATH\index.php(56): CodeIgniter\Boot::bootWeb(Object(Config\Paths))
CRITICAL - 2025-04-29 18:09:58 --> ErrorException: Undefined variable $locale
[Method: GET, Route: Authors]
in APPPATH\Views\books\Authors.php on line 224.
 1 APPPATH\Views\books\Authors.php(224): CodeIgniter\Debug\Exceptions->errorHandler(2, 'Undefined variable $locale', 'C:\\xampp\\htdocs\\lib\\app\\Views\\books\\Authors.php', 224)
 2 SYSTEMPATH\View\View.php(224): include('C:\\xampp\\htdocs\\lib\\app\\Views\\books\\Authors.php')
 3 SYSTEMPATH\View\View.php(227): CodeIgniter\View\View->CodeIgniter\View\{closure}()
 4 SYSTEMPATH\Common.php(1173): CodeIgniter\View\View->render('books/Authors', [], true)
 5 APPPATH\Controllers\Home.php(18): view('books/Authors')
 6 SYSTEMPATH\CodeIgniter.php(933): App\Controllers\Home->Authors()
 7 SYSTEMPATH\CodeIgniter.php(507): CodeIgniter\CodeIgniter->runController(Object(App\Controllers\Home))
 8 SYSTEMPATH\CodeIgniter.php(354): CodeIgniter\CodeIgniter->handleRequest(null, Object(Config\Cache), false)
 9 SYSTEMPATH\Boot.php(334): CodeIgniter\CodeIgniter->run()
10 SYSTEMPATH\Boot.php(67): CodeIgniter\Boot::runCodeIgniter(Object(CodeIgniter\CodeIgniter))
11 FCPATH\index.php(56): CodeIgniter\Boot::bootWeb(Object(Config\Paths))
CRITICAL - 2025-04-29 18:10:21 --> ErrorException: Undefined variable $locale
[Method: GET, Route: Authors]
in APPPATH\Views\books\Authors.php on line 224.
 1 APPPATH\Views\books\Authors.php(224): CodeIgniter\Debug\Exceptions->errorHandler(2, 'Undefined variable $locale', 'C:\\xampp\\htdocs\\lib\\app\\Views\\books\\Authors.php', 224)
 2 SYSTEMPATH\View\View.php(224): include('C:\\xampp\\htdocs\\lib\\app\\Views\\books\\Authors.php')
 3 SYSTEMPATH\View\View.php(227): CodeIgniter\View\View->CodeIgniter\View\{closure}()
 4 SYSTEMPATH\Common.php(1173): CodeIgniter\View\View->render('books/Authors', [], true)
 5 APPPATH\Controllers\Home.php(18): view('books/Authors')
 6 SYSTEMPATH\CodeIgniter.php(933): App\Controllers\Home->Authors()
 7 SYSTEMPATH\CodeIgniter.php(507): CodeIgniter\CodeIgniter->runController(Object(App\Controllers\Home))
 8 SYSTEMPATH\CodeIgniter.php(354): CodeIgniter\CodeIgniter->handleRequest(null, Object(Config\Cache), false)
 9 SYSTEMPATH\Boot.php(334): CodeIgniter\CodeIgniter->run()
10 SYSTEMPATH\Boot.php(67): CodeIgniter\Boot::runCodeIgniter(Object(CodeIgniter\CodeIgniter))
11 FCPATH\index.php(56): CodeIgniter\Boot::bootWeb(Object(Config\Paths))
CRITICAL - 2025-04-29 18:10:22 --> ErrorException: Undefined variable $locale
[Method: GET, Route: Authors]
in APPPATH\Views\books\Authors.php on line 224.
 1 APPPATH\Views\books\Authors.php(224): CodeIgniter\Debug\Exceptions->errorHandler(2, 'Undefined variable $locale', 'C:\\xampp\\htdocs\\lib\\app\\Views\\books\\Authors.php', 224)
 2 SYSTEMPATH\View\View.php(224): include('C:\\xampp\\htdocs\\lib\\app\\Views\\books\\Authors.php')
 3 SYSTEMPATH\View\View.php(227): CodeIgniter\View\View->CodeIgniter\View\{closure}()
 4 SYSTEMPATH\Common.php(1173): CodeIgniter\View\View->render('books/Authors', [], true)
 5 APPPATH\Controllers\Home.php(18): view('books/Authors')
 6 SYSTEMPATH\CodeIgniter.php(933): App\Controllers\Home->Authors()
 7 SYSTEMPATH\CodeIgniter.php(507): CodeIgniter\CodeIgniter->runController(Object(App\Controllers\Home))
 8 SYSTEMPATH\CodeIgniter.php(354): CodeIgniter\CodeIgniter->handleRequest(null, Object(Config\Cache), false)
 9 SYSTEMPATH\Boot.php(334): CodeIgniter\CodeIgniter->run()
10 SYSTEMPATH\Boot.php(67): CodeIgniter\Boot::runCodeIgniter(Object(CodeIgniter\CodeIgniter))
11 FCPATH\index.php(56): CodeIgniter\Boot::bootWeb(Object(Config\Paths))
CRITICAL - 2025-04-29 18:10:22 --> ErrorException: Undefined variable $locale
[Method: GET, Route: Authors]
in APPPATH\Views\books\Authors.php on line 224.
 1 APPPATH\Views\books\Authors.php(224): CodeIgniter\Debug\Exceptions->errorHandler(2, 'Undefined variable $locale', 'C:\\xampp\\htdocs\\lib\\app\\Views\\books\\Authors.php', 224)
 2 SYSTEMPATH\View\View.php(224): include('C:\\xampp\\htdocs\\lib\\app\\Views\\books\\Authors.php')
 3 SYSTEMPATH\View\View.php(227): CodeIgniter\View\View->CodeIgniter\View\{closure}()
 4 SYSTEMPATH\Common.php(1173): CodeIgniter\View\View->render('books/Authors', [], true)
 5 APPPATH\Controllers\Home.php(18): view('books/Authors')
 6 SYSTEMPATH\CodeIgniter.php(933): App\Controllers\Home->Authors()
 7 SYSTEMPATH\CodeIgniter.php(507): CodeIgniter\CodeIgniter->runController(Object(App\Controllers\Home))
 8 SYSTEMPATH\CodeIgniter.php(354): CodeIgniter\CodeIgniter->handleRequest(null, Object(Config\Cache), false)
 9 SYSTEMPATH\Boot.php(334): CodeIgniter\CodeIgniter->run()
10 SYSTEMPATH\Boot.php(67): CodeIgniter\Boot::runCodeIgniter(Object(CodeIgniter\CodeIgniter))
11 FCPATH\index.php(56): CodeIgniter\Boot::bootWeb(Object(Config\Paths))
CRITICAL - 2025-04-29 18:10:22 --> ErrorException: Undefined variable $locale
[Method: GET, Route: Authors]
in APPPATH\Views\books\Authors.php on line 224.
 1 APPPATH\Views\books\Authors.php(224): CodeIgniter\Debug\Exceptions->errorHandler(2, 'Undefined variable $locale', 'C:\\xampp\\htdocs\\lib\\app\\Views\\books\\Authors.php', 224)
 2 SYSTEMPATH\View\View.php(224): include('C:\\xampp\\htdocs\\lib\\app\\Views\\books\\Authors.php')
 3 SYSTEMPATH\View\View.php(227): CodeIgniter\View\View->CodeIgniter\View\{closure}()
 4 SYSTEMPATH\Common.php(1173): CodeIgniter\View\View->render('books/Authors', [], true)
 5 APPPATH\Controllers\Home.php(18): view('books/Authors')
 6 SYSTEMPATH\CodeIgniter.php(933): App\Controllers\Home->Authors()
 7 SYSTEMPATH\CodeIgniter.php(507): CodeIgniter\CodeIgniter->runController(Object(App\Controllers\Home))
 8 SYSTEMPATH\CodeIgniter.php(354): CodeIgniter\CodeIgniter->handleRequest(null, Object(Config\Cache), false)
 9 SYSTEMPATH\Boot.php(334): CodeIgniter\CodeIgniter->run()
10 SYSTEMPATH\Boot.php(67): CodeIgniter\Boot::runCodeIgniter(Object(CodeIgniter\CodeIgniter))
11 FCPATH\index.php(56): CodeIgniter\Boot::bootWeb(Object(Config\Paths))
CRITICAL - 2025-04-29 18:10:46 --> ErrorException: Undefined variable $locale
[Method: GET, Route: Authors]
in APPPATH\Views\books\Authors.php on line 224.
 1 APPPATH\Views\books\Authors.php(224): CodeIgniter\Debug\Exceptions->errorHandler(2, 'Undefined variable $locale', 'C:\\xampp\\htdocs\\lib\\app\\Views\\books\\Authors.php', 224)
 2 SYSTEMPATH\View\View.php(224): include('C:\\xampp\\htdocs\\lib\\app\\Views\\books\\Authors.php')
 3 SYSTEMPATH\View\View.php(227): CodeIgniter\View\View->CodeIgniter\View\{closure}()
 4 SYSTEMPATH\Common.php(1173): CodeIgniter\View\View->render('books/Authors', [], true)
 5 APPPATH\Controllers\Home.php(18): view('books/Authors')
 6 SYSTEMPATH\CodeIgniter.php(933): App\Controllers\Home->Authors()
 7 SYSTEMPATH\CodeIgniter.php(507): CodeIgniter\CodeIgniter->runController(Object(App\Controllers\Home))
 8 SYSTEMPATH\CodeIgniter.php(354): CodeIgniter\CodeIgniter->handleRequest(null, Object(Config\Cache), false)
 9 SYSTEMPATH\Boot.php(334): CodeIgniter\CodeIgniter->run()
10 SYSTEMPATH\Boot.php(67): CodeIgniter\Boot::runCodeIgniter(Object(CodeIgniter\CodeIgniter))
11 FCPATH\index.php(56): CodeIgniter\Boot::bootWeb(Object(Config\Paths))
CRITICAL - 2025-04-29 19:12:40 --> Error: Class "App\Controllers\HomeModel" not found
[Method: POST, Route: authors/save]
in APPPATH\Controllers\Home.php on line 24.
 1 SYSTEMPATH\CodeIgniter.php(933): App\Controllers\Home->author_form()
 2 SYSTEMPATH\CodeIgniter.php(507): CodeIgniter\CodeIgniter->runController(Object(App\Controllers\Home))
 3 SYSTEMPATH\CodeIgniter.php(354): CodeIgniter\CodeIgniter->handleRequest(null, Object(Config\Cache), false)
 4 SYSTEMPATH\Boot.php(334): CodeIgniter\CodeIgniter->run()
 5 SYSTEMPATH\Boot.php(67): CodeIgniter\Boot::runCodeIgniter(Object(CodeIgniter\CodeIgniter))
 6 FCPATH\index.php(56): CodeIgniter\Boot::bootWeb(Object(Config\Paths))
CRITICAL - 2025-04-29 19:12:52 --> Error: Class "App\Controllers\HomeModel" not found
[Method: POST, Route: authors/save]
in APPPATH\Controllers\Home.php on line 24.
 1 SYSTEMPATH\CodeIgniter.php(933): App\Controllers\Home->author_form()
 2 SYSTEMPATH\CodeIgniter.php(507): CodeIgniter\CodeIgniter->runController(Object(App\Controllers\Home))
 3 SYSTEMPATH\CodeIgniter.php(354): CodeIgniter\CodeIgniter->handleRequest(null, Object(Config\Cache), false)
 4 SYSTEMPATH\Boot.php(334): CodeIgniter\CodeIgniter->run()
 5 SYSTEMPATH\Boot.php(67): CodeIgniter\Boot::runCodeIgniter(Object(CodeIgniter\CodeIgniter))
 6 FCPATH\index.php(56): CodeIgniter\Boot::bootWeb(Object(Config\Paths))
CRITICAL - 2025-04-29 19:14:22 --> TypeError: CodeIgniter\Model::insert(): Argument #2 ($returnID) must be of type bool, array given, called in C:\xampp\htdocs\lib\app\Controllers\Home.php on line 32
[Method: POST, Route: authors/save]
in SYSTEMPATH\Model.php on line 786.
 1 APPPATH\Controllers\Home.php(32): CodeIgniter\Model->insert('authors', [...])
 2 SYSTEMPATH\CodeIgniter.php(933): App\Controllers\Home->author_form()
 3 SYSTEMPATH\CodeIgniter.php(507): CodeIgniter\CodeIgniter->runController(Object(App\Controllers\Home))
 4 SYSTEMPATH\CodeIgniter.php(354): CodeIgniter\CodeIgniter->handleRequest(null, Object(Config\Cache), false)
 5 SYSTEMPATH\Boot.php(334): CodeIgniter\CodeIgniter->run()
 6 SYSTEMPATH\Boot.php(67): CodeIgniter\Boot::runCodeIgniter(Object(CodeIgniter\CodeIgniter))
 7 FCPATH\index.php(56): CodeIgniter\Boot::bootWeb(Object(Config\Paths))
