DEBUG - 2025-06-29 11:49:27 --> Session: Class initialized using 'CodeIgniter\Session\Handlers\FileHandler' driver.
DEBUG - 2025-06-29 11:49:27 --> Session: Class initialized using 'CodeIgniter\Session\Handlers\FileHandler' driver.
DEBUG - 2025-06-29 11:53:12 --> Session: Class initialized using 'CodeIgniter\Session\Handlers\FileHandler' driver.
DEBUG - 2025-06-29 11:56:05 --> Session: Class initialized using 'CodeIgniter\Session\Handlers\FileHandler' driver.
DEBUG - 2025-06-29 11:56:43 --> Session: Class initialized using 'CodeIgniter\Session\Handlers\FileHandler' driver.
DEBUG - 2025-06-29 11:57:44 --> Session: Class initialized using 'CodeIgniter\Session\Handlers\FileHandler' driver.
DEBUG - 2025-06-29 11:57:46 --> Session: Class initialized using 'CodeIgniter\Session\Handlers\FileHandler' driver.
DEBUG - 2025-06-29 11:58:09 --> Session: Class initialized using 'CodeIgniter\Session\Handlers\FileHandler' driver.
DEBUG - 2025-06-29 11:59:14 --> Session: Class initialized using 'CodeIgniter\Session\Handlers\FileHandler' driver.
DEBUG - 2025-06-29 12:02:25 --> Session: Class initialized using 'CodeIgniter\Session\Handlers\FileHandler' driver.
DEBUG - 2025-06-29 12:02:30 --> Session: Class initialized using 'CodeIgniter\Session\Handlers\FileHandler' driver.
DEBUG - 2025-06-29 12:04:05 --> Session: Class initialized using 'CodeIgniter\Session\Handlers\FileHandler' driver.
DEBUG - 2025-06-29 12:04:31 --> Session: Class initialized using 'CodeIgniter\Session\Handlers\FileHandler' driver.
DEBUG - 2025-06-29 12:05:34 --> Session: Class initialized using 'CodeIgniter\Session\Handlers\FileHandler' driver.
DEBUG - 2025-06-29 12:05:35 --> Session: Class initialized using 'CodeIgniter\Session\Handlers\FileHandler' driver.
DEBUG - 2025-06-29 13:52:48 --> Session: Class initialized using 'CodeIgniter\Session\Handlers\FileHandler' driver.
DEBUG - 2025-06-29 13:52:57 --> Session: Class initialized using 'CodeIgniter\Session\Handlers\FileHandler' driver.
DEBUG - 2025-06-29 13:53:14 --> Session: Class initialized using 'CodeIgniter\Session\Handlers\FileHandler' driver.
DEBUG - 2025-06-29 13:59:38 --> Session: Class initialized using 'CodeIgniter\Session\Handlers\FileHandler' driver.
DEBUG - 2025-06-29 13:59:51 --> Session: Class initialized using 'CodeIgniter\Session\Handlers\FileHandler' driver.
DEBUG - 2025-06-29 14:01:20 --> Session: Class initialized using 'CodeIgniter\Session\Handlers\FileHandler' driver.
DEBUG - 2025-06-29 14:01:33 --> Session: Class initialized using 'CodeIgniter\Session\Handlers\FileHandler' driver.
DEBUG - 2025-06-29 14:04:31 --> Session: Class initialized using 'CodeIgniter\Session\Handlers\FileHandler' driver.
DEBUG - 2025-06-29 14:04:40 --> Session: Class initialized using 'CodeIgniter\Session\Handlers\FileHandler' driver.
DEBUG - 2025-06-29 14:04:56 --> Session: Class initialized using 'CodeIgniter\Session\Handlers\FileHandler' driver.
DEBUG - 2025-06-29 14:05:33 --> Session: Class initialized using 'CodeIgniter\Session\Handlers\FileHandler' driver.
DEBUG - 2025-06-29 14:13:40 --> Session: Class initialized using 'CodeIgniter\Session\Handlers\FileHandler' driver.
DEBUG - 2025-06-29 14:14:58 --> Session: Class initialized using 'CodeIgniter\Session\Handlers\FileHandler' driver.
DEBUG - 2025-06-29 14:16:12 --> Session: Class initialized using 'CodeIgniter\Session\Handlers\FileHandler' driver.
DEBUG - 2025-06-29 14:17:01 --> Session: Class initialized using 'CodeIgniter\Session\Handlers\FileHandler' driver.
DEBUG - 2025-06-29 14:17:23 --> Session: Class initialized using 'CodeIgniter\Session\Handlers\FileHandler' driver.
DEBUG - 2025-06-29 14:17:49 --> Session: Class initialized using 'CodeIgniter\Session\Handlers\FileHandler' driver.
DEBUG - 2025-06-29 14:18:11 --> Session: Class initialized using 'CodeIgniter\Session\Handlers\FileHandler' driver.
DEBUG - 2025-06-29 14:18:12 --> Session: Class initialized using 'CodeIgniter\Session\Handlers\FileHandler' driver.
DEBUG - 2025-06-29 14:18:30 --> Session: Class initialized using 'CodeIgniter\Session\Handlers\FileHandler' driver.
DEBUG - 2025-06-29 14:18:45 --> Session: Class initialized using 'CodeIgniter\Session\Handlers\FileHandler' driver.
DEBUG - 2025-06-29 14:18:48 --> Session: Class initialized using 'CodeIgniter\Session\Handlers\FileHandler' driver.
DEBUG - 2025-06-29 14:28:14 --> Session: Class initialized using 'CodeIgniter\Session\Handlers\FileHandler' driver.
DEBUG - 2025-06-29 14:28:14 --> Session: Class initialized using 'CodeIgniter\Session\Handlers\FileHandler' driver.
DEBUG - 2025-06-29 14:28:19 --> Session: Class initialized using 'CodeIgniter\Session\Handlers\FileHandler' driver.
DEBUG - 2025-06-29 14:28:20 --> Session: Class initialized using 'CodeIgniter\Session\Handlers\FileHandler' driver.
DEBUG - 2025-06-29 14:28:26 --> Session: Class initialized using 'CodeIgniter\Session\Handlers\FileHandler' driver.
DEBUG - 2025-06-29 14:28:36 --> Session: Class initialized using 'CodeIgniter\Session\Handlers\FileHandler' driver.
DEBUG - 2025-06-29 14:28:41 --> Session: Class initialized using 'CodeIgniter\Session\Handlers\FileHandler' driver.
DEBUG - 2025-06-29 14:30:14 --> Session: Class initialized using 'CodeIgniter\Session\Handlers\FileHandler' driver.
DEBUG - 2025-06-29 14:30:22 --> Session: Class initialized using 'CodeIgniter\Session\Handlers\FileHandler' driver.
DEBUG - 2025-06-29 19:18:41 --> Session: Class initialized using 'CodeIgniter\Session\Handlers\FileHandler' driver.
DEBUG - 2025-06-29 19:18:41 --> Session: Class initialized using 'CodeIgniter\Session\Handlers\FileHandler' driver.
DEBUG - 2025-06-29 19:18:47 --> Session: Class initialized using 'CodeIgniter\Session\Handlers\FileHandler' driver.
ERROR - 2025-06-29 19:18:48 --> mysqli_sql_exception: Unknown column 'student_id' in 'field list' in C:\xampp\htdocs\BIT28-AGraduationBoard\system\Database\MySQLi\Connection.php:327
Stack trace:
#0 C:\xampp\htdocs\BIT28-AGraduationBoard\system\Database\MySQLi\Connection.php(327): mysqli->query('SELECT student_...', 0)
#1 C:\xampp\htdocs\BIT28-AGraduationBoard\system\Database\BaseConnection.php(738): CodeIgniter\Database\MySQLi\Connection->execute('SELECT student_...')
#2 C:\xampp\htdocs\BIT28-AGraduationBoard\system\Database\BaseConnection.php(652): CodeIgniter\Database\BaseConnection->simpleQuery('SELECT student_...')
#3 C:\xampp\htdocs\BIT28-AGraduationBoard\app\Models\QuizModel.php(29): CodeIgniter\Database\BaseConnection->query('SELECT student_...')
#4 C:\xampp\htdocs\BIT28-AGraduationBoard\app\Controllers\BIT28Controller.php(39): App\Models\QuizModel->get_students()
#5 C:\xampp\htdocs\BIT28-AGraduationBoard\system\CodeIgniter.php(933): App\Controllers\BIT28Controller->fetch_students()
#6 C:\xampp\htdocs\BIT28-AGraduationBoard\system\CodeIgniter.php(507): CodeIgniter\CodeIgniter->runController(Object(App\Controllers\BIT28Controller))
#7 C:\xampp\htdocs\BIT28-AGraduationBoard\system\CodeIgniter.php(354): CodeIgniter\CodeIgniter->handleRequest(NULL, Object(Config\Cache), false)
#8 C:\xampp\htdocs\BIT28-AGraduationBoard\system\Boot.php(334): CodeIgniter\CodeIgniter->run()
#9 C:\xampp\htdocs\BIT28-AGraduationBoard\system\Boot.php(67): CodeIgniter\Boot::runCodeIgniter(Object(CodeIgniter\CodeIgniter))
#10 C:\xampp\htdocs\BIT28-AGraduationBoard\index.php(56): CodeIgniter\Boot::bootWeb(Object(Config\Paths))
#11 {main}
CRITICAL - 2025-06-29 19:18:48 --> CodeIgniter\Database\Exceptions\DatabaseException: Unknown column 'student_id' in 'field list'
[Method: GET, Route: Bit28/fetch_students]
in SYSTEMPATH\Database\BaseConnection.php on line 692.
 1 APPPATH\Models\QuizModel.php(29): CodeIgniter\Database\BaseConnection->query('SELECT student_id, name, message, image_filename, status
            FROM students')
 2 APPPATH\Controllers\BIT28Controller.php(39): App\Models\QuizModel->get_students()
 3 SYSTEMPATH\CodeIgniter.php(933): App\Controllers\BIT28Controller->fetch_students()
 4 SYSTEMPATH\CodeIgniter.php(507): CodeIgniter\CodeIgniter->runController(Object(App\Controllers\BIT28Controller))
 5 SYSTEMPATH\CodeIgniter.php(354): CodeIgniter\CodeIgniter->handleRequest(null, Object(Config\Cache), false)
 6 SYSTEMPATH\Boot.php(334): CodeIgniter\CodeIgniter->run()
 7 SYSTEMPATH\Boot.php(67): CodeIgniter\Boot::runCodeIgniter(Object(CodeIgniter\CodeIgniter))
 8 FCPATH\index.php(56): CodeIgniter\Boot::bootWeb(Object(Config\Paths))
CRITICAL - 2025-06-29 19:18:48 --> [Caused by] CodeIgniter\Database\Exceptions\DatabaseException: Unknown column 'student_id' in 'field list'
in SYSTEMPATH\Database\MySQLi\Connection.php on line 332.
 1 SYSTEMPATH\Database\BaseConnection.php(738): CodeIgniter\Database\MySQLi\Connection->execute('SELECT student_id, name, message, image_filename, status
            FROM students')
 2 SYSTEMPATH\Database\BaseConnection.php(652): CodeIgniter\Database\BaseConnection->simpleQuery('SELECT student_id, name, message, image_filename, status
            FROM students')
 3 APPPATH\Models\QuizModel.php(29): CodeIgniter\Database\BaseConnection->query('SELECT student_id, name, message, image_filename, status
            FROM students')
 4 APPPATH\Controllers\BIT28Controller.php(39): App\Models\QuizModel->get_students()
 5 SYSTEMPATH\CodeIgniter.php(933): App\Controllers\BIT28Controller->fetch_students()
 6 SYSTEMPATH\CodeIgniter.php(507): CodeIgniter\CodeIgniter->runController(Object(App\Controllers\BIT28Controller))
 7 SYSTEMPATH\CodeIgniter.php(354): CodeIgniter\CodeIgniter->handleRequest(null, Object(Config\Cache), false)
 8 SYSTEMPATH\Boot.php(334): CodeIgniter\CodeIgniter->run()
 9 SYSTEMPATH\Boot.php(67): CodeIgniter\Boot::runCodeIgniter(Object(CodeIgniter\CodeIgniter))
10 FCPATH\index.php(56): CodeIgniter\Boot::bootWeb(Object(Config\Paths))
CRITICAL - 2025-06-29 19:18:48 --> [Caused by] mysqli_sql_exception: Unknown column 'student_id' in 'field list'
in SYSTEMPATH\Database\MySQLi\Connection.php on line 327.
 1 SYSTEMPATH\Database\MySQLi\Connection.php(327): mysqli->query('SELECT student_id, name, message, image_filename, status
            FROM students', 0)
 2 SYSTEMPATH\Database\BaseConnection.php(738): CodeIgniter\Database\MySQLi\Connection->execute('SELECT student_id, name, message, image_filename, status
            FROM students')
 3 SYSTEMPATH\Database\BaseConnection.php(652): CodeIgniter\Database\BaseConnection->simpleQuery('SELECT student_id, name, message, image_filename, status
            FROM students')
 4 APPPATH\Models\QuizModel.php(29): CodeIgniter\Database\BaseConnection->query('SELECT student_id, name, message, image_filename, status
            FROM students')
 5 APPPATH\Controllers\BIT28Controller.php(39): App\Models\QuizModel->get_students()
 6 SYSTEMPATH\CodeIgniter.php(933): App\Controllers\BIT28Controller->fetch_students()
 7 SYSTEMPATH\CodeIgniter.php(507): CodeIgniter\CodeIgniter->runController(Object(App\Controllers\BIT28Controller))
 8 SYSTEMPATH\CodeIgniter.php(354): CodeIgniter\CodeIgniter->handleRequest(null, Object(Config\Cache), false)
 9 SYSTEMPATH\Boot.php(334): CodeIgniter\CodeIgniter->run()
10 SYSTEMPATH\Boot.php(67): CodeIgniter\Boot::runCodeIgniter(Object(CodeIgniter\CodeIgniter))
11 FCPATH\index.php(56): CodeIgniter\Boot::bootWeb(Object(Config\Paths))
DEBUG - 2025-06-29 19:18:54 --> Session: Class initialized using 'CodeIgniter\Session\Handlers\FileHandler' driver.
DEBUG - 2025-06-29 19:18:57 --> Session: Class initialized using 'CodeIgniter\Session\Handlers\FileHandler' driver.
ERROR - 2025-06-29 19:18:58 --> mysqli_sql_exception: Unknown column 'student_id' in 'field list' in C:\xampp\htdocs\BIT28-AGraduationBoard\system\Database\MySQLi\Connection.php:327
Stack trace:
#0 C:\xampp\htdocs\BIT28-AGraduationBoard\system\Database\MySQLi\Connection.php(327): mysqli->query('SELECT student_...', 0)
#1 C:\xampp\htdocs\BIT28-AGraduationBoard\system\Database\BaseConnection.php(738): CodeIgniter\Database\MySQLi\Connection->execute('SELECT student_...')
#2 C:\xampp\htdocs\BIT28-AGraduationBoard\system\Database\BaseConnection.php(652): CodeIgniter\Database\BaseConnection->simpleQuery('SELECT student_...')
#3 C:\xampp\htdocs\BIT28-AGraduationBoard\app\Models\QuizModel.php(29): CodeIgniter\Database\BaseConnection->query('SELECT student_...')
#4 C:\xampp\htdocs\BIT28-AGraduationBoard\app\Controllers\BIT28Controller.php(39): App\Models\QuizModel->get_students()
#5 C:\xampp\htdocs\BIT28-AGraduationBoard\system\CodeIgniter.php(933): App\Controllers\BIT28Controller->fetch_students()
#6 C:\xampp\htdocs\BIT28-AGraduationBoard\system\CodeIgniter.php(507): CodeIgniter\CodeIgniter->runController(Object(App\Controllers\BIT28Controller))
#7 C:\xampp\htdocs\BIT28-AGraduationBoard\system\CodeIgniter.php(354): CodeIgniter\CodeIgniter->handleRequest(NULL, Object(Config\Cache), false)
#8 C:\xampp\htdocs\BIT28-AGraduationBoard\system\Boot.php(334): CodeIgniter\CodeIgniter->run()
#9 C:\xampp\htdocs\BIT28-AGraduationBoard\system\Boot.php(67): CodeIgniter\Boot::runCodeIgniter(Object(CodeIgniter\CodeIgniter))
#10 C:\xampp\htdocs\BIT28-AGraduationBoard\index.php(56): CodeIgniter\Boot::bootWeb(Object(Config\Paths))
#11 {main}
CRITICAL - 2025-06-29 19:18:58 --> CodeIgniter\Database\Exceptions\DatabaseException: Unknown column 'student_id' in 'field list'
[Method: GET, Route: Bit28/fetch_students]
in SYSTEMPATH\Database\BaseConnection.php on line 692.
 1 APPPATH\Models\QuizModel.php(29): CodeIgniter\Database\BaseConnection->query('SELECT student_id, name, message, image_filename, status
            FROM students')
 2 APPPATH\Controllers\BIT28Controller.php(39): App\Models\QuizModel->get_students()
 3 SYSTEMPATH\CodeIgniter.php(933): App\Controllers\BIT28Controller->fetch_students()
 4 SYSTEMPATH\CodeIgniter.php(507): CodeIgniter\CodeIgniter->runController(Object(App\Controllers\BIT28Controller))
 5 SYSTEMPATH\CodeIgniter.php(354): CodeIgniter\CodeIgniter->handleRequest(null, Object(Config\Cache), false)
 6 SYSTEMPATH\Boot.php(334): CodeIgniter\CodeIgniter->run()
 7 SYSTEMPATH\Boot.php(67): CodeIgniter\Boot::runCodeIgniter(Object(CodeIgniter\CodeIgniter))
 8 FCPATH\index.php(56): CodeIgniter\Boot::bootWeb(Object(Config\Paths))
CRITICAL - 2025-06-29 19:18:58 --> [Caused by] CodeIgniter\Database\Exceptions\DatabaseException: Unknown column 'student_id' in 'field list'
in SYSTEMPATH\Database\MySQLi\Connection.php on line 332.
 1 SYSTEMPATH\Database\BaseConnection.php(738): CodeIgniter\Database\MySQLi\Connection->execute('SELECT student_id, name, message, image_filename, status
            FROM students')
 2 SYSTEMPATH\Database\BaseConnection.php(652): CodeIgniter\Database\BaseConnection->simpleQuery('SELECT student_id, name, message, image_filename, status
            FROM students')
 3 APPPATH\Models\QuizModel.php(29): CodeIgniter\Database\BaseConnection->query('SELECT student_id, name, message, image_filename, status
            FROM students')
 4 APPPATH\Controllers\BIT28Controller.php(39): App\Models\QuizModel->get_students()
 5 SYSTEMPATH\CodeIgniter.php(933): App\Controllers\BIT28Controller->fetch_students()
 6 SYSTEMPATH\CodeIgniter.php(507): CodeIgniter\CodeIgniter->runController(Object(App\Controllers\BIT28Controller))
 7 SYSTEMPATH\CodeIgniter.php(354): CodeIgniter\CodeIgniter->handleRequest(null, Object(Config\Cache), false)
 8 SYSTEMPATH\Boot.php(334): CodeIgniter\CodeIgniter->run()
 9 SYSTEMPATH\Boot.php(67): CodeIgniter\Boot::runCodeIgniter(Object(CodeIgniter\CodeIgniter))
10 FCPATH\index.php(56): CodeIgniter\Boot::bootWeb(Object(Config\Paths))
CRITICAL - 2025-06-29 19:18:58 --> [Caused by] mysqli_sql_exception: Unknown column 'student_id' in 'field list'
in SYSTEMPATH\Database\MySQLi\Connection.php on line 327.
 1 SYSTEMPATH\Database\MySQLi\Connection.php(327): mysqli->query('SELECT student_id, name, message, image_filename, status
            FROM students', 0)
 2 SYSTEMPATH\Database\BaseConnection.php(738): CodeIgniter\Database\MySQLi\Connection->execute('SELECT student_id, name, message, image_filename, status
            FROM students')
 3 SYSTEMPATH\Database\BaseConnection.php(652): CodeIgniter\Database\BaseConnection->simpleQuery('SELECT student_id, name, message, image_filename, status
            FROM students')
 4 APPPATH\Models\QuizModel.php(29): CodeIgniter\Database\BaseConnection->query('SELECT student_id, name, message, image_filename, status
            FROM students')
 5 APPPATH\Controllers\BIT28Controller.php(39): App\Models\QuizModel->get_students()
 6 SYSTEMPATH\CodeIgniter.php(933): App\Controllers\BIT28Controller->fetch_students()
 7 SYSTEMPATH\CodeIgniter.php(507): CodeIgniter\CodeIgniter->runController(Object(App\Controllers\BIT28Controller))
 8 SYSTEMPATH\CodeIgniter.php(354): CodeIgniter\CodeIgniter->handleRequest(null, Object(Config\Cache), false)
 9 SYSTEMPATH\Boot.php(334): CodeIgniter\CodeIgniter->run()
10 SYSTEMPATH\Boot.php(67): CodeIgniter\Boot::runCodeIgniter(Object(CodeIgniter\CodeIgniter))
11 FCPATH\index.php(56): CodeIgniter\Boot::bootWeb(Object(Config\Paths))
ERROR - 2025-06-29 19:19:17 --> mysqli_sql_exception: Unknown column 'student_id' in 'field list' in C:\xampp\htdocs\BIT28-AGraduationBoard\system\Database\MySQLi\Connection.php:327
Stack trace:
#0 C:\xampp\htdocs\BIT28-AGraduationBoard\system\Database\MySQLi\Connection.php(327): mysqli->query('SELECT student_...', 0)
#1 C:\xampp\htdocs\BIT28-AGraduationBoard\system\Database\BaseConnection.php(738): CodeIgniter\Database\MySQLi\Connection->execute('SELECT student_...')
#2 C:\xampp\htdocs\BIT28-AGraduationBoard\system\Database\BaseConnection.php(652): CodeIgniter\Database\BaseConnection->simpleQuery('SELECT student_...')
#3 C:\xampp\htdocs\BIT28-AGraduationBoard\app\Models\QuizModel.php(29): CodeIgniter\Database\BaseConnection->query('SELECT student_...')
#4 C:\xampp\htdocs\BIT28-AGraduationBoard\app\Controllers\BIT28Controller.php(39): App\Models\QuizModel->get_students()
#5 C:\xampp\htdocs\BIT28-AGraduationBoard\system\CodeIgniter.php(933): App\Controllers\BIT28Controller->fetch_students()
#6 C:\xampp\htdocs\BIT28-AGraduationBoard\system\CodeIgniter.php(507): CodeIgniter\CodeIgniter->runController(Object(App\Controllers\BIT28Controller))
#7 C:\xampp\htdocs\BIT28-AGraduationBoard\system\CodeIgniter.php(354): CodeIgniter\CodeIgniter->handleRequest(NULL, Object(Config\Cache), false)
#8 C:\xampp\htdocs\BIT28-AGraduationBoard\system\Boot.php(334): CodeIgniter\CodeIgniter->run()
#9 C:\xampp\htdocs\BIT28-AGraduationBoard\system\Boot.php(67): CodeIgniter\Boot::runCodeIgniter(Object(CodeIgniter\CodeIgniter))
#10 C:\xampp\htdocs\BIT28-AGraduationBoard\index.php(56): CodeIgniter\Boot::bootWeb(Object(Config\Paths))
#11 {main}
CRITICAL - 2025-06-29 19:19:17 --> CodeIgniter\Database\Exceptions\DatabaseException: Unknown column 'student_id' in 'field list'
[Method: GET, Route: Bit28/fetch_students]
in SYSTEMPATH\Database\BaseConnection.php on line 692.
 1 APPPATH\Models\QuizModel.php(29): CodeIgniter\Database\BaseConnection->query('SELECT student_id, name, message, image_filename, status
            FROM students')
 2 APPPATH\Controllers\BIT28Controller.php(39): App\Models\QuizModel->get_students()
 3 SYSTEMPATH\CodeIgniter.php(933): App\Controllers\BIT28Controller->fetch_students()
 4 SYSTEMPATH\CodeIgniter.php(507): CodeIgniter\CodeIgniter->runController(Object(App\Controllers\BIT28Controller))
 5 SYSTEMPATH\CodeIgniter.php(354): CodeIgniter\CodeIgniter->handleRequest(null, Object(Config\Cache), false)
 6 SYSTEMPATH\Boot.php(334): CodeIgniter\CodeIgniter->run()
 7 SYSTEMPATH\Boot.php(67): CodeIgniter\Boot::runCodeIgniter(Object(CodeIgniter\CodeIgniter))
 8 FCPATH\index.php(56): CodeIgniter\Boot::bootWeb(Object(Config\Paths))
CRITICAL - 2025-06-29 19:19:17 --> [Caused by] CodeIgniter\Database\Exceptions\DatabaseException: Unknown column 'student_id' in 'field list'
in SYSTEMPATH\Database\MySQLi\Connection.php on line 332.
 1 SYSTEMPATH\Database\BaseConnection.php(738): CodeIgniter\Database\MySQLi\Connection->execute('SELECT student_id, name, message, image_filename, status
            FROM students')
 2 SYSTEMPATH\Database\BaseConnection.php(652): CodeIgniter\Database\BaseConnection->simpleQuery('SELECT student_id, name, message, image_filename, status
            FROM students')
 3 APPPATH\Models\QuizModel.php(29): CodeIgniter\Database\BaseConnection->query('SELECT student_id, name, message, image_filename, status
            FROM students')
 4 APPPATH\Controllers\BIT28Controller.php(39): App\Models\QuizModel->get_students()
 5 SYSTEMPATH\CodeIgniter.php(933): App\Controllers\BIT28Controller->fetch_students()
 6 SYSTEMPATH\CodeIgniter.php(507): CodeIgniter\CodeIgniter->runController(Object(App\Controllers\BIT28Controller))
 7 SYSTEMPATH\CodeIgniter.php(354): CodeIgniter\CodeIgniter->handleRequest(null, Object(Config\Cache), false)
 8 SYSTEMPATH\Boot.php(334): CodeIgniter\CodeIgniter->run()
 9 SYSTEMPATH\Boot.php(67): CodeIgniter\Boot::runCodeIgniter(Object(CodeIgniter\CodeIgniter))
10 FCPATH\index.php(56): CodeIgniter\Boot::bootWeb(Object(Config\Paths))
CRITICAL - 2025-06-29 19:19:17 --> [Caused by] mysqli_sql_exception: Unknown column 'student_id' in 'field list'
in SYSTEMPATH\Database\MySQLi\Connection.php on line 327.
 1 SYSTEMPATH\Database\MySQLi\Connection.php(327): mysqli->query('SELECT student_id, name, message, image_filename, status
            FROM students', 0)
 2 SYSTEMPATH\Database\BaseConnection.php(738): CodeIgniter\Database\MySQLi\Connection->execute('SELECT student_id, name, message, image_filename, status
            FROM students')
 3 SYSTEMPATH\Database\BaseConnection.php(652): CodeIgniter\Database\BaseConnection->simpleQuery('SELECT student_id, name, message, image_filename, status
            FROM students')
 4 APPPATH\Models\QuizModel.php(29): CodeIgniter\Database\BaseConnection->query('SELECT student_id, name, message, image_filename, status
            FROM students')
 5 APPPATH\Controllers\BIT28Controller.php(39): App\Models\QuizModel->get_students()
 6 SYSTEMPATH\CodeIgniter.php(933): App\Controllers\BIT28Controller->fetch_students()
 7 SYSTEMPATH\CodeIgniter.php(507): CodeIgniter\CodeIgniter->runController(Object(App\Controllers\BIT28Controller))
 8 SYSTEMPATH\CodeIgniter.php(354): CodeIgniter\CodeIgniter->handleRequest(null, Object(Config\Cache), false)
 9 SYSTEMPATH\Boot.php(334): CodeIgniter\CodeIgniter->run()
10 SYSTEMPATH\Boot.php(67): CodeIgniter\Boot::runCodeIgniter(Object(CodeIgniter\CodeIgniter))
11 FCPATH\index.php(56): CodeIgniter\Boot::bootWeb(Object(Config\Paths))
DEBUG - 2025-06-29 19:20:34 --> Session: Class initialized using 'CodeIgniter\Session\Handlers\FileHandler' driver.
DEBUG - 2025-06-29 19:23:23 --> Session: Class initialized using 'CodeIgniter\Session\Handlers\FileHandler' driver.
DEBUG - 2025-06-29 19:23:33 --> Session: Class initialized using 'CodeIgniter\Session\Handlers\FileHandler' driver.
